13.8196 	EXP 	Created window1 = Window(allowGUI=True, allowStencil=False, autoLog=True, backendConf=UNKNOWN, backgroundFit=<method-wrapper '__getattribute__' of attributeSetter object at 0x000001A3E7BB4580>, backgroundImage=<method-wrapper '__getattribute__' of attributeSetter object at 0x000001A3E7BB4520>, bitsMode=UNKNOWN, blendMode='avg', bpc=(8, 8, 8), color=array([0, 0, 0]), colorSpace='rgb', depthBits=8, fullscr=<method-wrapper '__getattribute__' of attributeSetter object at 0x000001A3E7BB4370>, gamma=None, gammaErrorPolicy='raise', lms=UNKNOWN, monitor=<psychopy.monitors.calibTools.Monitor object at 0x000001A3F231E1A0>, multiSample=False, name='window1', numSamples=2, pos=(1066, 546), screen=0, size=array([1707, 1067]), stencilBits=0, stereo=False, title='PsychoPy', units='height', useFBO=True, useRetina=False, viewOri=0.0, viewPos=None, viewScale=None, waitBlanking=True, winType='pyglet')
13.8196 	EXP 	window1: mouseVisible = True
13.8197 	EXP 	window1: backgroundImage = ''
13.8197 	EXP 	window1: backgroundFit = 'none'
13.8206 	EXP 	window1: Attempting to measure frame rate of screen (0) ...
13.8206 	EXP 	window1: recordFrameIntervals = False
13.9877 	EXP 	window1: recordFrameIntervals = True
14.0443 	WARNING 	t of last frame was 23.90ms (=1/41)
14.1437 	WARNING 	t of last frame was 22.80ms (=1/43)
14.1952 	WARNING 	t of last frame was 37.14ms (=1/26)
14.2267 	WARNING 	t of last frame was 31.46ms (=1/31)
14.2553 	WARNING 	Multiple dropped frames have occurred - I'll stop bothering you about them!
14.4191 	EXP 	Screen (0) actual frame rate measured at 61.10Hz
14.4191 	EXP 	window1: recordFrameIntervals = False
14.4192 	EXP 	window1: mouseVisible = False
14.4428 	WARNING 	launchHubServer: If using the iohub mouse or eyetracker devices, fullScr should be True.
16.8298 	EXP 	ATTEND_learn_videoStimLoop: status = STARTED
16.8303 	EXP 	window1: mouseVisible = True
16.8834 	EXP 	Created textWelcome = TextStim(__class__=<class 'psychopy.visual.text.TextStim'>, alignHoriz=method-wrapper(...), alignText='center', alignVert=method-wrapper(...), anchorHoriz='center', anchorVert='center', antialias=True, autoDraw=False, autoLog=True, bold=False, color=array([1., 1., 1.]), colorSpace='rgb', contrast=1.0, depth=0.0, draggable=False, flipHoriz=False, flipVert=False, font='Open Sans', fontFiles=[], height=0.05, italic=False, languageStyle='LTR', name='textWelcome', opacity=1.0, ori=0.0, pos=array([0., 0.]), rgb=UNKNOWN, text=str(...), units='height', win=Window(...), wrapWidth=1)
16.8835 	EXP 	window1: mouseVisible = True
16.8893 	EXP 	Created text_3 = TextStim(__class__=<class 'psychopy.visual.text.TextStim'>, alignHoriz=method-wrapper(...), alignText='center', alignVert=method-wrapper(...), anchorHoriz='center', anchorVert='center', antialias=True, autoDraw=False, autoLog=True, bold=False, color=array([1., 1., 1.]), colorSpace='rgb', contrast=1.0, depth=0.0, draggable=False, flipHoriz=False, flipVert=False, font='Open Sans', fontFiles=[], height=0.05, italic=False, languageStyle='LTR', name='text_3', opacity=1.0, ori=0.0, pos=array([0., 0.]), rgb=UNKNOWN, text=str(...), units='height', win=Window(...), wrapWidth=1)
16.8894 	EXP 	window1: mouseVisible = True
16.8926 	EXP 	Created text_4 = TextStim(__class__=<class 'psychopy.visual.text.TextStim'>, alignHoriz=method-wrapper(...), alignText='center', alignVert=method-wrapper(...), anchorHoriz='center', anchorVert='center', antialias=True, autoDraw=False, autoLog=True, bold=False, color=array([1., 1., 1.]), colorSpace='rgb', contrast=1.0, depth=0.0, draggable=False, flipHoriz=False, flipVert=False, font='Open Sans', fontFiles=[], height=0.05, italic=False, languageStyle='LTR', name='text_4', opacity=1.0, ori=0.0, pos=array([0., 0.]), rgb=UNKNOWN, text='Next, press Space to continue', units='height', win=Window(...), wrapWidth=1)
16.8959 	EXP 	window1: mouseVisible = True
17.1751 	EXP 	window1: mouseVisible = True
17.1752 	EXP 	window1: mouseVisible = True
17.1765 	EXP 	Created playButton = ShapeStim(__class__=<class 'psychopy.visual.shape.ShapeStim'>, anchor=('center', 'center'), autoDraw=False, autoLog=True, closeShape=True, color=method-wrapper(...), colorSpace='rgb', contrast=None, depth=-4.0, draggable=False, fillColor=array([1, 1, 1]), fillColorSpace='rgb', fillRGB=array([1, 1, 1]), interpolate=True, lineColor=array([1., 1., 1.]), lineColorSpace='rgb', lineRGB=array([1, 1, 1]), lineWidth=1.0, name='playButton', opacity=1.0, ori=1.0, pos=array([0., 0.]), size=array([1., 1.]), units='height', vertices=ndarray(...), win=Window(...), windingRule=None)
17.1766 	EXP 	window1: mouseVisible = True
17.1776 	EXP 	Created text_Questions = TextStim(__class__=<class 'psychopy.visual.text.TextStim'>, alignHoriz=method-wrapper(...), alignText='center', alignVert=method-wrapper(...), anchorHoriz='center', anchorVert='center', antialias=True, autoDraw=False, autoLog=True, bold=False, color=array([1., 1., 1.]), colorSpace='rgb', contrast=1.0, depth=0.0, draggable=False, flipHoriz=False, flipVert=False, font='Open Sans', fontFiles=[], height=0.09, italic=False, languageStyle='LTR', name='text_Questions', opacity=1.0, ori=0.0, pos=array([0.  , 0.75]), rgb=UNKNOWN, text='', units='norm', win=Window(...), wrapWidth=1)
17.1777 	EXP 	window1: mouseVisible = True
17.1785 	EXP 	Created text_Option_1 = TextStim(__class__=<class 'psychopy.visual.text.TextStim'>, alignHoriz=method-wrapper(...), alignText='center', alignVert=method-wrapper(...), anchorHoriz='center', anchorVert='center', antialias=True, autoDraw=False, autoLog=True, bold=False, color=array([1., 1., 1.]), colorSpace='rgb', contrast=1.0, depth=-1.0, draggable=False, flipHoriz=False, flipVert=False, font='Open Sans', fontFiles=[], height=0.07, italic=False, languageStyle='LTR', name='text_Option_1', opacity=1.0, ori=0.0, pos=array([0. , 0.3]), rgb=UNKNOWN, text='', units='norm', win=Window(...), wrapWidth=1)
17.1786 	EXP 	window1: mouseVisible = True
17.1791 	EXP 	Created text_Option_2 = TextStim(__class__=<class 'psychopy.visual.text.TextStim'>, alignHoriz=method-wrapper(...), alignText='center', alignVert=method-wrapper(...), anchorHoriz='center', anchorVert='center', antialias=True, autoDraw=False, autoLog=True, bold=False, color=array([1., 1., 1.]), colorSpace='rgb', contrast=1.0, depth=-2.0, draggable=False, flipHoriz=False, flipVert=False, font='Open Sans', fontFiles=[], height=0.07, italic=False, languageStyle='LTR', name='text_Option_2', opacity=1.0, ori=0.0, pos=array([0., 0.]), rgb=UNKNOWN, text='', units='norm', win=Window(...), wrapWidth=1)
17.1792 	EXP 	window1: mouseVisible = True
17.1798 	EXP 	Created text_Option_3 = TextStim(__class__=<class 'psychopy.visual.text.TextStim'>, alignHoriz=method-wrapper(...), alignText='center', alignVert=method-wrapper(...), anchorHoriz='center', anchorVert='center', antialias=True, autoDraw=False, autoLog=True, bold=False, color=array([1., 1., 1.]), colorSpace='rgb', contrast=1.0, depth=-3.0, draggable=False, flipHoriz=False, flipVert=False, font='Open Sans', fontFiles=[], height=0.07, italic=False, languageStyle='LTR', name='text_Option_3', opacity=1.0, ori=0.0, pos=array([ 0. , -0.3]), rgb=UNKNOWN, text='', units='norm', win=Window(...), wrapWidth=1)
17.1798 	EXP 	window1: mouseVisible = True
17.1804 	EXP 	Created text_Option_4 = TextStim(__class__=<class 'psychopy.visual.text.TextStim'>, alignHoriz=method-wrapper(...), alignText='center', alignVert=method-wrapper(...), anchorHoriz='center', anchorVert='center', antialias=True, autoDraw=False, autoLog=True, bold=False, color=array([1., 1., 1.]), colorSpace='rgb', contrast=1.0, depth=-4.0, draggable=False, flipHoriz=False, flipVert=False, font='Open Sans', fontFiles=[], height=0.07, italic=False, languageStyle='LTR', name='text_Option_4', opacity=1.0, ori=0.0, pos=array([ 0. , -0.6]), rgb=UNKNOWN, text='', units='norm', win=Window(...), wrapWidth=1)
17.1805 	EXP 	window1: mouseVisible = True
17.1815 	EXP 	Created polygon = ShapeStim(__class__=<class 'psychopy.visual.shape.ShapeStim'>, anchor=('center', 'center'), autoDraw=False, autoLog=True, closeShape=True, color=method-wrapper(...), colorSpace='rgb', contrast=None, depth=0.0, draggable=False, fillColor=array([1, 1, 1]), fillColorSpace='rgb', fillRGB=array([1, 1, 1]), interpolate=True, lineColor=array([1., 1., 1.]), lineColorSpace='rgb', lineRGB=array([1, 1, 1]), lineWidth=0.01, name='polygon', opacity=1.0, ori=1.0, pos=array([0., 0.]), size=array([1., 1.]), units='height', vertices=ndarray(...), win=Window(...), windingRule=None)
17.1816 	EXP 	window1: mouseVisible = True
17.1848 	EXP 	Created text_3 = TextStim(__class__=<class 'psychopy.visual.text.TextStim'>, alignHoriz=method-wrapper(...), alignText='center', alignVert=method-wrapper(...), anchorHoriz='center', anchorVert='center', antialias=True, autoDraw=False, autoLog=True, bold=False, color=array([1., 1., 1.]), colorSpace='rgb', contrast=1.0, depth=0.0, draggable=False, flipHoriz=False, flipVert=False, font='Open Sans', fontFiles=[], height=0.05, italic=False, languageStyle='LTR', name='text_3', opacity=1.0, ori=0.0, pos=array([0., 0.]), rgb=UNKNOWN, text=str(...), units='height', win=Window(...), wrapWidth=1)
17.1850 	EXP 	window1: mouseVisible = True
17.1870 	EXP 	Created text_4 = TextStim(__class__=<class 'psychopy.visual.text.TextStim'>, alignHoriz=method-wrapper(...), alignText='center', alignVert=method-wrapper(...), anchorHoriz='center', anchorVert='center', antialias=True, autoDraw=False, autoLog=True, bold=False, color=array([1., 1., 1.]), colorSpace='rgb', contrast=1.0, depth=0.0, draggable=False, flipHoriz=False, flipVert=False, font='Open Sans', fontFiles=[], height=0.05, italic=False, languageStyle='LTR', name='text_4', opacity=1.0, ori=0.0, pos=array([0., 0.]), rgb=UNKNOWN, text='Next, press Space to continue', units='height', win=Window(...), wrapWidth=1)
17.1871 	EXP 	window1: mouseVisible = True
17.1913 	EXP 	Created text = TextStim(__class__=<class 'psychopy.visual.text.TextStim'>, alignHoriz=method-wrapper(...), alignText='center', alignVert=method-wrapper(...), anchorHoriz='center', anchorVert='center', antialias=True, autoDraw=False, autoLog=True, bold=False, color=array([1., 1., 1.]), colorSpace='rgb', contrast=1.0, depth=0.0, draggable=False, flipHoriz=False, flipVert=False, font='Open Sans', fontFiles=[], height=0.05, italic=False, languageStyle='LTR', name='text', opacity=1.0, ori=0.0, pos=array([0., 0.]), rgb=UNKNOWN, text=str(...), units='height', win=Window(...), wrapWidth=1)
0.0113 	EXP 	LectureVideo: autoLog = True
0.0295 	EXP 	textWelcome: autoDraw = True
1.3975 	DATA 	Keypress: space
1.4127 	EXP 	textWelcome: autoDraw = False
1.4127 	EXP 	text_3: autoDraw = True
6.2659 	DATA 	Keypress: 1
6.2687 	EXP 	text_3: autoDraw = False
6.2687 	EXP 	text_4: autoDraw = True
7.2425 	EXP 	Created sequence: sequential, trialTypes=1, nReps=3, seed=None
7.2426 	EXP 	New trial (rep=0, index=0): None
7.2427 	EXP 	window1: mouseVisible = True
7.7332 	DATA 	Keypress: space
7.7390 	EXP 	text_4: autoDraw = False
7.7390 	EXP 	LectureVideo: autoLog = True
7.7390 	EXP 	playButton: ori = 90.0
7.7390 	EXP 	LectureVideo: autoDraw = True
7.7390 	EXP 	playButton: autoDraw = True
18.7154 	DATA 	Keypress: 1
19.4053 	EXP 	Imported C:/Users/TheLivingLab_Attend/Desktop/muse-lsl-cu-main/Modified_Method_questions.xlsx as conditions, 25 conditions, 5 params
19.4057 	EXP 	Created sequence: sequential, trialTypes=25, nReps=1, seed=None
19.4058 	EXP 	New trial (rep=0, index=0): {'selfReportQuestion': 'How can we think about a mind according to Marr?', 'Option1': '1. a set of computations that extract representations', 'Option2': '2. representations of percepts/actions', 'Option3': '3. a set of codes that allow us to write the minds contents', 'Option4': '4. an abstract and amorphous cloud'}
19.4360 	EXP 	LectureVideo: autoDraw = False
19.4360 	EXP 	playButton: autoDraw = False
19.4360 	EXP 	text_Questions: height = 0.09
19.4360 	EXP 	text_Questions: height = 0.09
19.4360 	EXP 	text_Questions: height = 0.09
19.4360 	EXP 	text_Questions: text = 'How can we think about a mind according to Marr?'
19.4360 	EXP 	text_Option_1: height = 0.07
19.4360 	EXP 	text_Option_1: height = 0.07
19.4360 	EXP 	text_Option_1: height = 0.07
19.4360 	EXP 	text_Option_1: text = '1. a set of computations that extract representations'
19.4360 	EXP 	text_Option_2: height = 0.07
19.4360 	EXP 	text_Option_2: height = 0.07
19.4360 	EXP 	text_Option_2: height = 0.07
19.4360 	EXP 	text_Option_2: text = '2. representations of percepts/actions'
19.4360 	EXP 	text_Option_3: height = 0.07
19.4360 	EXP 	text_Option_3: height = 0.07
19.4360 	EXP 	text_Option_3: height = 0.07
19.4360 	EXP 	text_Option_3: text = '3. a set of codes that allow us to write the minds contents'
19.4360 	EXP 	text_Option_4: height = 0.07
19.4360 	EXP 	text_Option_4: height = 0.07
19.4360 	EXP 	text_Option_4: height = 0.07
19.4360 	EXP 	text_Option_4: text = '4. an abstract and amorphous cloud'
19.4360 	EXP 	text_Questions: autoDraw = True
19.4360 	EXP 	text_Option_1: autoDraw = True
19.4360 	EXP 	text_Option_2: autoDraw = True
19.4360 	EXP 	text_Option_3: autoDraw = True
19.4360 	EXP 	text_Option_4: autoDraw = True
20.1356 	DATA 	Keypress: a
20.4670 	DATA 	Keypress: 1
20.4807 	EXP 	text_Questions: autoDraw = False
20.4807 	EXP 	text_Option_1: autoDraw = False
20.4807 	EXP 	text_Option_2: autoDraw = False
20.4807 	EXP 	text_Option_3: autoDraw = False
20.4807 	EXP 	text_Option_4: autoDraw = False
20.4807 	EXP 	polygon: ori = 0.0
20.4807 	EXP 	polygon: autoDraw = True
21.9654 	EXP 	New trial (rep=0, index=1): {'selfReportQuestion': 'If we really understood the mind, according to Marr, we would be able to...', 'Option1': '1. write the code that carries out the same computations and extracts the same representations', 'Option2': '2. see color the way a zebra finch does', 'Option3': '3. identify the object or animal from point lights', 'Option4': '4. think about what is computed and why'}
21.9955 	EXP 	polygon: autoDraw = False
21.9955 	EXP 	polygon: autoDraw = False
21.9955 	EXP 	text_Questions: height = 0.09
21.9955 	EXP 	text_Questions: height = 0.09
21.9955 	EXP 	text_Questions: height = 0.09
21.9955 	EXP 	text_Questions: text = 'If we really understood the mind, according to Marr, we would be able to...'
21.9955 	EXP 	text_Option_1: height = 0.07
21.9955 	EXP 	text_Option_1: height = 0.07
21.9955 	EXP 	text_Option_1: height = 0.07
21.9955 	EXP 	text_Option_1: text = '1. write the code that carries out the same computations and extracts the same representations'
21.9955 	EXP 	text_Option_2: height = 0.07
21.9955 	EXP 	text_Option_2: height = 0.07
21.9955 	EXP 	text_Option_2: height = 0.07
21.9955 	EXP 	text_Option_2: text = '2. see color the way a zebra finch does'
21.9955 	EXP 	text_Option_3: height = 0.07
21.9955 	EXP 	text_Option_3: height = 0.07
21.9955 	EXP 	text_Option_3: height = 0.07
21.9955 	EXP 	text_Option_3: text = '3. identify the object or animal from point lights'
21.9955 	EXP 	text_Option_4: height = 0.07
21.9955 	EXP 	text_Option_4: height = 0.07
21.9955 	EXP 	text_Option_4: height = 0.07
21.9955 	EXP 	text_Option_4: text = '4. think about what is computed and why'
21.9955 	EXP 	text_Questions: autoDraw = True
21.9955 	EXP 	text_Option_1: autoDraw = True
21.9955 	EXP 	text_Option_2: autoDraw = True
21.9955 	EXP 	text_Option_3: autoDraw = True
21.9955 	EXP 	text_Option_4: autoDraw = True
22.3499 	DATA 	Keypress: 2
22.3640 	EXP 	text_Questions: autoDraw = False
22.3640 	EXP 	text_Option_1: autoDraw = False
22.3640 	EXP 	text_Option_2: autoDraw = False
22.3640 	EXP 	text_Option_3: autoDraw = False
22.3640 	EXP 	text_Option_4: autoDraw = False
22.3640 	EXP 	polygon: ori = 0.0
22.3640 	EXP 	polygon: autoDraw = True
23.8484 	EXP 	New trial (rep=0, index=2): {'selfReportQuestion': 'On a scale from 1 (not at all) to 4 (a lot), how challenging did you find the content referenced in the previous two questions?', 'Option1': 1.0, 'Option2': 2.0, 'Option3': 3.0, 'Option4': 4.0}
23.8785 	EXP 	polygon: autoDraw = False
23.8785 	EXP 	polygon: autoDraw = False
23.8785 	EXP 	text_Questions: height = 0.09
23.8785 	EXP 	text_Questions: height = 0.09
23.8785 	EXP 	text_Questions: height = 0.09
23.8785 	EXP 	text_Questions: text = 'On a scale from 1 (not at all) to 4 (a lot), how challenging did you find the content referenced in the previous two questions?'
23.8785 	EXP 	text_Option_1: height = 0.07
23.8785 	EXP 	text_Option_1: height = 0.07
23.8785 	EXP 	text_Option_1: height = 0.07
23.8785 	EXP 	text_Option_1: text = 1.0
23.8785 	EXP 	text_Option_2: height = 0.07
23.8785 	EXP 	text_Option_2: height = 0.07
23.8785 	EXP 	text_Option_2: height = 0.07
23.8785 	EXP 	text_Option_2: text = 2.0
23.8785 	EXP 	text_Option_3: height = 0.07
23.8785 	EXP 	text_Option_3: height = 0.07
23.8785 	EXP 	text_Option_3: height = 0.07
23.8785 	EXP 	text_Option_3: text = 3.0
23.8785 	EXP 	text_Option_4: height = 0.07
23.8785 	EXP 	text_Option_4: height = 0.07
23.8785 	EXP 	text_Option_4: height = 0.07
23.8785 	EXP 	text_Option_4: text = 4.0
23.8785 	EXP 	text_Questions: autoDraw = True
23.8785 	EXP 	text_Option_1: autoDraw = True
23.8785 	EXP 	text_Option_2: autoDraw = True
23.8785 	EXP 	text_Option_3: autoDraw = True
23.8785 	EXP 	text_Option_4: autoDraw = True
24.3834 	DATA 	Keypress: 2
24.3973 	EXP 	text_Questions: autoDraw = False
24.3973 	EXP 	text_Option_1: autoDraw = False
24.3973 	EXP 	text_Option_2: autoDraw = False
24.3973 	EXP 	text_Option_3: autoDraw = False
24.3973 	EXP 	text_Option_4: autoDraw = False
24.3973 	EXP 	polygon: ori = 0.0
24.3973 	EXP 	polygon: autoDraw = True
25.8811 	EXP 	New trial (rep=0, index=3): {'selfReportQuestion': 'On a scale from 1 (not at all) to 4 (a lot), how would you rate your engagement referenced in the previous two questions?', 'Option1': 1.0, 'Option2': 2.0, 'Option3': 3.0, 'Option4': 4.0}
25.8973 	EXP 	polygon: autoDraw = False
25.8973 	EXP 	polygon: autoDraw = False
25.8973 	EXP 	text_Questions: height = 0.09
25.8973 	EXP 	text_Questions: height = 0.09
25.8973 	EXP 	text_Questions: height = 0.09
25.8973 	EXP 	text_Questions: text = 'On a scale from 1 (not at all) to 4 (a lot), how would you rate your engagement referenced in the previous two questions?'
25.8973 	EXP 	text_Option_1: height = 0.07
25.8973 	EXP 	text_Option_1: height = 0.07
25.8973 	EXP 	text_Option_1: height = 0.07
25.8973 	EXP 	text_Option_1: text = 1.0
25.8973 	EXP 	text_Option_2: height = 0.07
25.8973 	EXP 	text_Option_2: height = 0.07
25.8973 	EXP 	text_Option_2: height = 0.07
25.8973 	EXP 	text_Option_2: text = 2.0
25.8973 	EXP 	text_Option_3: height = 0.07
25.8973 	EXP 	text_Option_3: height = 0.07
25.8973 	EXP 	text_Option_3: height = 0.07
25.8973 	EXP 	text_Option_3: text = 3.0
25.8973 	EXP 	text_Option_4: height = 0.07
25.8973 	EXP 	text_Option_4: height = 0.07
25.8973 	EXP 	text_Option_4: height = 0.07
25.8973 	EXP 	text_Option_4: text = 4.0
25.8973 	EXP 	text_Questions: autoDraw = True
25.8973 	EXP 	text_Option_1: autoDraw = True
25.8973 	EXP 	text_Option_2: autoDraw = True
25.8973 	EXP 	text_Option_3: autoDraw = True
25.8973 	EXP 	text_Option_4: autoDraw = True
26.3987 	DATA 	Keypress: 3
26.4139 	EXP 	text_Questions: autoDraw = False
26.4139 	EXP 	text_Option_1: autoDraw = False
26.4139 	EXP 	text_Option_2: autoDraw = False
26.4139 	EXP 	text_Option_3: autoDraw = False
26.4139 	EXP 	text_Option_4: autoDraw = False
26.4139 	EXP 	polygon: ori = 0.0
26.4139 	EXP 	polygon: autoDraw = True
27.8980 	EXP 	New trial (rep=0, index=4): {'selfReportQuestion': "Did you answer the previous two questions using previous knowledge? Yes (press 1), No (press 2), I don't know (press 3)?", 'Option1': 1.0, 'Option2': 2.0, 'Option3': 3.0, 'Option4': '4. Do not press this option'}
27.9284 	EXP 	polygon: autoDraw = False
27.9284 	EXP 	polygon: autoDraw = False
27.9284 	EXP 	text_Questions: height = 0.09
27.9284 	EXP 	text_Questions: height = 0.09
27.9284 	EXP 	text_Questions: height = 0.09
27.9284 	EXP 	text_Questions: text = "Did you answer the previous two questions using previous knowledge? Yes (press 1), No (press 2), I don't know (press 3)?"
27.9284 	EXP 	text_Option_1: height = 0.07
27.9284 	EXP 	text_Option_1: height = 0.07
27.9284 	EXP 	text_Option_1: height = 0.07
27.9284 	EXP 	text_Option_1: text = 1.0
27.9284 	EXP 	text_Option_2: height = 0.07
27.9284 	EXP 	text_Option_2: height = 0.07
27.9284 	EXP 	text_Option_2: height = 0.07
27.9284 	EXP 	text_Option_2: text = 2.0
27.9284 	EXP 	text_Option_3: height = 0.07
27.9284 	EXP 	text_Option_3: height = 0.07
27.9284 	EXP 	text_Option_3: height = 0.07
27.9284 	EXP 	text_Option_3: text = 3.0
27.9284 	EXP 	text_Option_4: height = 0.07
27.9284 	EXP 	text_Option_4: height = 0.07
27.9284 	EXP 	text_Option_4: height = 0.07
27.9284 	EXP 	text_Option_4: text = '4. Do not press this option'
27.9284 	EXP 	text_Questions: autoDraw = True
27.9284 	EXP 	text_Option_1: autoDraw = True
27.9284 	EXP 	text_Option_2: autoDraw = True
27.9284 	EXP 	text_Option_3: autoDraw = True
27.9284 	EXP 	text_Option_4: autoDraw = True
30.8654 	DATA 	Keypress: 2
30.8803 	EXP 	text_Questions: autoDraw = False
30.8803 	EXP 	text_Option_1: autoDraw = False
30.8803 	EXP 	text_Option_2: autoDraw = False
30.8803 	EXP 	text_Option_3: autoDraw = False
30.8803 	EXP 	text_Option_4: autoDraw = False
30.8803 	EXP 	polygon: ori = 0.0
30.8803 	EXP 	polygon: autoDraw = True
32.3647 	EXP 	New trial (rep=0, index=5): {'selfReportQuestion': 'To understand how the brain gives rise to the mind in response to human motion, we need to...', 'Option1': '1. know the inputs, the outputs, and the computational challenges from getting one from the other', 'Option2': '2. a set of computations that extract representations', 'Option3': '3. know whether the motion is from left to right or right to left', 'Option4': '4. know the emotions and mood of person observing that motion'}
32.3951 	EXP 	polygon: autoDraw = False
32.3951 	EXP 	polygon: autoDraw = False
32.3951 	EXP 	text_Questions: height = 0.09
32.3951 	EXP 	text_Questions: height = 0.09
32.3951 	EXP 	text_Questions: height = 0.09
32.3951 	EXP 	text_Questions: text = 'To understand how the brain gives rise to the mind in response to human motion, we need to...'
32.3951 	EXP 	text_Option_1: height = 0.07
32.3951 	EXP 	text_Option_1: height = 0.07
32.3951 	EXP 	text_Option_1: height = 0.07
32.3951 	EXP 	text_Option_1: text = '1. know the inputs, the outputs, and the computational challenges from getting one from the other'
32.3951 	EXP 	text_Option_2: height = 0.07
32.3951 	EXP 	text_Option_2: height = 0.07
32.3951 	EXP 	text_Option_2: height = 0.07
32.3951 	EXP 	text_Option_2: text = '2. a set of computations that extract representations'
32.3951 	EXP 	text_Option_3: height = 0.07
32.3951 	EXP 	text_Option_3: height = 0.07
32.3951 	EXP 	text_Option_3: height = 0.07
32.3951 	EXP 	text_Option_3: text = '3. know whether the motion is from left to right or right to left'
32.3951 	EXP 	text_Option_4: height = 0.07
32.3951 	EXP 	text_Option_4: height = 0.07
32.3951 	EXP 	text_Option_4: height = 0.07
32.3951 	EXP 	text_Option_4: text = '4. know the emotions and mood of person observing that motion'
32.3951 	EXP 	text_Questions: autoDraw = True
32.3951 	EXP 	text_Option_1: autoDraw = True
32.3951 	EXP 	text_Option_2: autoDraw = True
32.3951 	EXP 	text_Option_3: autoDraw = True
32.3951 	EXP 	text_Option_4: autoDraw = True
33.6991 	DATA 	Keypress: 1
33.7132 	EXP 	text_Questions: autoDraw = False
33.7132 	EXP 	text_Option_1: autoDraw = False
33.7132 	EXP 	text_Option_2: autoDraw = False
33.7132 	EXP 	text_Option_3: autoDraw = False
33.7132 	EXP 	text_Option_4: autoDraw = False
33.7132 	EXP 	polygon: ori = 0.0
33.7132 	EXP 	polygon: autoDraw = True
35.1975 	EXP 	New trial (rep=0, index=6): {'selfReportQuestion': 'A key insight by Marr suggests that understanding how humans experience the taste of foods requires understanding how', 'Option1': '1. salt and sugar interact with one another chemically', 'Option2': '2. neurons send signals from the tongue to the thalamus', 'Option3': '3. tongue muscles move in response to jaw movements', 'Option4': '4. where the tongue receives signals from in the brain'}
35.2284 	EXP 	polygon: autoDraw = False
35.2284 	EXP 	polygon: autoDraw = False
35.2284 	EXP 	text_Questions: height = 0.09
35.2284 	EXP 	text_Questions: height = 0.09
35.2284 	EXP 	text_Questions: height = 0.09
35.2284 	EXP 	text_Questions: text = 'A key insight by Marr suggests that understanding how humans experience the taste of foods requires understanding how'
35.2284 	EXP 	text_Option_1: height = 0.07
35.2284 	EXP 	text_Option_1: height = 0.07
35.2284 	EXP 	text_Option_1: height = 0.07
35.2284 	EXP 	text_Option_1: text = '1. salt and sugar interact with one another chemically'
35.2284 	EXP 	text_Option_2: height = 0.07
35.2284 	EXP 	text_Option_2: height = 0.07
35.2284 	EXP 	text_Option_2: height = 0.07
35.2284 	EXP 	text_Option_2: text = '2. neurons send signals from the tongue to the thalamus'
35.2284 	EXP 	text_Option_3: height = 0.07
35.2284 	EXP 	text_Option_3: height = 0.07
35.2284 	EXP 	text_Option_3: height = 0.07
35.2284 	EXP 	text_Option_3: text = '3. tongue muscles move in response to jaw movements'
35.2284 	EXP 	text_Option_4: height = 0.07
35.2284 	EXP 	text_Option_4: height = 0.07
35.2284 	EXP 	text_Option_4: height = 0.07
35.2284 	EXP 	text_Option_4: text = '4. where the tongue receives signals from in the brain'
35.2284 	EXP 	text_Questions: autoDraw = True
35.2284 	EXP 	text_Option_1: autoDraw = True
35.2284 	EXP 	text_Option_2: autoDraw = True
35.2284 	EXP 	text_Option_3: autoDraw = True
35.2284 	EXP 	text_Option_4: autoDraw = True
37.8329 	DATA 	Keypress: 1
37.8630 	EXP 	text_Questions: autoDraw = False
37.8630 	EXP 	text_Option_1: autoDraw = False
37.8630 	EXP 	text_Option_2: autoDraw = False
37.8630 	EXP 	text_Option_3: autoDraw = False
37.8630 	EXP 	text_Option_4: autoDraw = False
37.8630 	EXP 	polygon: ori = 0.0
37.8630 	EXP 	polygon: autoDraw = True
39.3467 	EXP 	New trial (rep=0, index=7): {'selfReportQuestion': 'On a scale from 1 (not at all) to 4 (a lot), how challenging did you find the content referenced in the previous two questions?', 'Option1': 1.0, 'Option2': 2.0, 'Option3': 3.0, 'Option4': 4.0}
39.3631 	EXP 	polygon: autoDraw = False
39.3631 	EXP 	polygon: autoDraw = False
39.3631 	EXP 	text_Questions: height = 0.09
39.3631 	EXP 	text_Questions: height = 0.09
39.3631 	EXP 	text_Questions: height = 0.09
39.3631 	EXP 	text_Questions: text = 'On a scale from 1 (not at all) to 4 (a lot), how challenging did you find the content referenced in the previous two questions?'
39.3631 	EXP 	text_Option_1: height = 0.07
39.3631 	EXP 	text_Option_1: height = 0.07
39.3631 	EXP 	text_Option_1: height = 0.07
39.3631 	EXP 	text_Option_1: text = 1.0
39.3631 	EXP 	text_Option_2: height = 0.07
39.3631 	EXP 	text_Option_2: height = 0.07
39.3631 	EXP 	text_Option_2: height = 0.07
39.3631 	EXP 	text_Option_2: text = 2.0
39.3631 	EXP 	text_Option_3: height = 0.07
39.3631 	EXP 	text_Option_3: height = 0.07
39.3631 	EXP 	text_Option_3: height = 0.07
39.3631 	EXP 	text_Option_3: text = 3.0
39.3631 	EXP 	text_Option_4: height = 0.07
39.3631 	EXP 	text_Option_4: height = 0.07
39.3631 	EXP 	text_Option_4: height = 0.07
39.3631 	EXP 	text_Option_4: text = 4.0
39.3631 	EXP 	text_Questions: autoDraw = True
39.3631 	EXP 	text_Option_1: autoDraw = True
39.3631 	EXP 	text_Option_2: autoDraw = True
39.3631 	EXP 	text_Option_3: autoDraw = True
39.3631 	EXP 	text_Option_4: autoDraw = True
39.9334 	DATA 	Keypress: 1
39.9464 	EXP 	text_Questions: autoDraw = False
39.9464 	EXP 	text_Option_1: autoDraw = False
39.9464 	EXP 	text_Option_2: autoDraw = False
39.9464 	EXP 	text_Option_3: autoDraw = False
39.9464 	EXP 	text_Option_4: autoDraw = False
39.9464 	EXP 	polygon: ori = 0.0
39.9464 	EXP 	polygon: autoDraw = True
41.4300 	EXP 	New trial (rep=0, index=8): {'selfReportQuestion': 'On a scale from 1 (not at all) to 4 (a lot), how would you rate your engagement referenced in the previous two questions?', 'Option1': 1.0, 'Option2': 2.0, 'Option3': 3.0, 'Option4': 4.0}
41.4463 	EXP 	polygon: autoDraw = False
41.4463 	EXP 	polygon: autoDraw = False
41.4463 	EXP 	text_Questions: height = 0.09
41.4463 	EXP 	text_Questions: height = 0.09
41.4463 	EXP 	text_Questions: height = 0.09
41.4463 	EXP 	text_Questions: text = 'On a scale from 1 (not at all) to 4 (a lot), how would you rate your engagement referenced in the previous two questions?'
41.4463 	EXP 	text_Option_1: height = 0.07
41.4463 	EXP 	text_Option_1: height = 0.07
41.4463 	EXP 	text_Option_1: height = 0.07
41.4463 	EXP 	text_Option_1: text = 1.0
41.4463 	EXP 	text_Option_2: height = 0.07
41.4463 	EXP 	text_Option_2: height = 0.07
41.4463 	EXP 	text_Option_2: height = 0.07
41.4463 	EXP 	text_Option_2: text = 2.0
41.4463 	EXP 	text_Option_3: height = 0.07
41.4463 	EXP 	text_Option_3: height = 0.07
41.4463 	EXP 	text_Option_3: height = 0.07
41.4463 	EXP 	text_Option_3: text = 3.0
41.4463 	EXP 	text_Option_4: height = 0.07
41.4463 	EXP 	text_Option_4: height = 0.07
41.4463 	EXP 	text_Option_4: height = 0.07
41.4463 	EXP 	text_Option_4: text = 4.0
41.4463 	EXP 	text_Questions: autoDraw = True
41.4463 	EXP 	text_Option_1: autoDraw = True
41.4463 	EXP 	text_Option_2: autoDraw = True
41.4463 	EXP 	text_Option_3: autoDraw = True
41.4463 	EXP 	text_Option_4: autoDraw = True
42.0647 	DATA 	Keypress: 1
42.0796 	EXP 	text_Questions: autoDraw = False
42.0796 	EXP 	text_Option_1: autoDraw = False
42.0796 	EXP 	text_Option_2: autoDraw = False
42.0796 	EXP 	text_Option_3: autoDraw = False
42.0796 	EXP 	text_Option_4: autoDraw = False
42.0796 	EXP 	polygon: ori = 0.0
42.0796 	EXP 	polygon: autoDraw = True
43.5636 	EXP 	New trial (rep=0, index=9): {'selfReportQuestion': "Did you answer the previous two questions using previous knowledge? Yes (press 1), No (press 2), I don't know (press 3)?", 'Option1': 1.0, 'Option2': 2.0, 'Option3': 3.0, 'Option4': '4. Do not press this option'}
43.5944 	EXP 	polygon: autoDraw = False
43.5944 	EXP 	polygon: autoDraw = False
43.5944 	EXP 	text_Questions: height = 0.09
43.5944 	EXP 	text_Questions: height = 0.09
43.5944 	EXP 	text_Questions: height = 0.09
43.5944 	EXP 	text_Questions: text = "Did you answer the previous two questions using previous knowledge? Yes (press 1), No (press 2), I don't know (press 3)?"
43.5944 	EXP 	text_Option_1: height = 0.07
43.5944 	EXP 	text_Option_1: height = 0.07
43.5944 	EXP 	text_Option_1: height = 0.07
43.5944 	EXP 	text_Option_1: text = 1.0
43.5944 	EXP 	text_Option_2: height = 0.07
43.5944 	EXP 	text_Option_2: height = 0.07
43.5944 	EXP 	text_Option_2: height = 0.07
43.5944 	EXP 	text_Option_2: text = 2.0
43.5944 	EXP 	text_Option_3: height = 0.07
43.5944 	EXP 	text_Option_3: height = 0.07
43.5944 	EXP 	text_Option_3: height = 0.07
43.5944 	EXP 	text_Option_3: text = 3.0
43.5944 	EXP 	text_Option_4: height = 0.07
43.5944 	EXP 	text_Option_4: height = 0.07
43.5944 	EXP 	text_Option_4: height = 0.07
43.5944 	EXP 	text_Option_4: text = '4. Do not press this option'
43.5944 	EXP 	text_Questions: autoDraw = True
43.5944 	EXP 	text_Option_1: autoDraw = True
43.5944 	EXP 	text_Option_2: autoDraw = True
43.5944 	EXP 	text_Option_3: autoDraw = True
43.5944 	EXP 	text_Option_4: autoDraw = True
44.4490 	DATA 	Keypress: 1
44.4628 	EXP 	text_Questions: autoDraw = False
44.4628 	EXP 	text_Option_1: autoDraw = False
44.4628 	EXP 	text_Option_2: autoDraw = False
44.4628 	EXP 	text_Option_3: autoDraw = False
44.4628 	EXP 	text_Option_4: autoDraw = False
44.4628 	EXP 	polygon: ori = 0.0
44.4628 	EXP 	polygon: autoDraw = True
45.9470 	EXP 	New trial (rep=0, index=10): {'selfReportQuestion': 'Macaques with 3 cone photoreceptors....', 'Option1': '1. find food faster', 'Option2': '2. can count more berries in the photo', 'Option3': '3. know better which banana to eat', 'Option4': '4. have better vision than humans'}
45.9776 	EXP 	polygon: autoDraw = False
45.9776 	EXP 	polygon: autoDraw = False
45.9776 	EXP 	text_Questions: height = 0.09
45.9776 	EXP 	text_Questions: height = 0.09
45.9776 	EXP 	text_Questions: height = 0.09
45.9776 	EXP 	text_Questions: text = 'Macaques with 3 cone photoreceptors....'
45.9776 	EXP 	text_Option_1: height = 0.07
45.9776 	EXP 	text_Option_1: height = 0.07
45.9776 	EXP 	text_Option_1: height = 0.07
45.9776 	EXP 	text_Option_1: text = '1. find food faster'
45.9776 	EXP 	text_Option_2: height = 0.07
45.9776 	EXP 	text_Option_2: height = 0.07
45.9776 	EXP 	text_Option_2: height = 0.07
45.9776 	EXP 	text_Option_2: text = '2. can count more berries in the photo'
45.9776 	EXP 	text_Option_3: height = 0.07
45.9776 	EXP 	text_Option_3: height = 0.07
45.9776 	EXP 	text_Option_3: height = 0.07
45.9776 	EXP 	text_Option_3: text = '3. know better which banana to eat'
45.9776 	EXP 	text_Option_4: height = 0.07
45.9776 	EXP 	text_Option_4: height = 0.07
45.9776 	EXP 	text_Option_4: height = 0.07
45.9776 	EXP 	text_Option_4: text = '4. have better vision than humans'
45.9776 	EXP 	text_Questions: autoDraw = True
45.9776 	EXP 	text_Option_1: autoDraw = True
45.9776 	EXP 	text_Option_2: autoDraw = True
45.9776 	EXP 	text_Option_3: autoDraw = True
45.9776 	EXP 	text_Option_4: autoDraw = True
46.9156 	DATA 	Keypress: 1
46.9293 	EXP 	text_Questions: autoDraw = False
46.9293 	EXP 	text_Option_1: autoDraw = False
46.9293 	EXP 	text_Option_2: autoDraw = False
46.9293 	EXP 	text_Option_3: autoDraw = False
46.9293 	EXP 	text_Option_4: autoDraw = False
46.9293 	EXP 	polygon: ori = 0.0
46.9293 	EXP 	polygon: autoDraw = True
48.4132 	EXP 	New trial (rep=0, index=11): {'selfReportQuestion': 'An example of a well-posed problem is:', 'Option1': '1. determining what image a given shape at a specific distance will make on a retina', 'Option2': '2. seeing a bunny', 'Option3': '3. learning a word', 'Option4': '4. perceiving a color'}
48.4441 	EXP 	polygon: autoDraw = False
48.4441 	EXP 	polygon: autoDraw = False
48.4441 	EXP 	text_Questions: height = 0.09
48.4441 	EXP 	text_Questions: height = 0.09
48.4441 	EXP 	text_Questions: height = 0.09
48.4441 	EXP 	text_Questions: text = 'An example of a well-posed problem is:'
48.4441 	EXP 	text_Option_1: height = 0.07
48.4441 	EXP 	text_Option_1: height = 0.07
48.4441 	EXP 	text_Option_1: height = 0.07
48.4441 	EXP 	text_Option_1: text = '1. determining what image a given shape at a specific distance will make on a retina'
48.4441 	EXP 	text_Option_2: height = 0.07
48.4441 	EXP 	text_Option_2: height = 0.07
48.4441 	EXP 	text_Option_2: height = 0.07
48.4441 	EXP 	text_Option_2: text = '2. seeing a bunny'
48.4441 	EXP 	text_Option_3: height = 0.07
48.4441 	EXP 	text_Option_3: height = 0.07
48.4441 	EXP 	text_Option_3: height = 0.07
48.4441 	EXP 	text_Option_3: text = '3. learning a word'
48.4441 	EXP 	text_Option_4: height = 0.07
48.4441 	EXP 	text_Option_4: height = 0.07
48.4441 	EXP 	text_Option_4: height = 0.07
48.4441 	EXP 	text_Option_4: text = '4. perceiving a color'
48.4441 	EXP 	text_Questions: autoDraw = True
48.4441 	EXP 	text_Option_1: autoDraw = True
48.4441 	EXP 	text_Option_2: autoDraw = True
48.4441 	EXP 	text_Option_3: autoDraw = True
48.4441 	EXP 	text_Option_4: autoDraw = True
49.2975 	DATA 	Keypress: 2
49.3126 	EXP 	text_Questions: autoDraw = False
49.3126 	EXP 	text_Option_1: autoDraw = False
49.3126 	EXP 	text_Option_2: autoDraw = False
49.3126 	EXP 	text_Option_3: autoDraw = False
49.3126 	EXP 	text_Option_4: autoDraw = False
49.3126 	EXP 	polygon: ori = 0.0
49.3126 	EXP 	polygon: autoDraw = True
50.7968 	EXP 	New trial (rep=0, index=12): {'selfReportQuestion': 'On a scale from 1 (not at all) to 4 (a lot), how challenging did you find the content referenced in the previous two questions?', 'Option1': 1.0, 'Option2': 2.0, 'Option3': 3.0, 'Option4': 4.0}
50.8272 	EXP 	polygon: autoDraw = False
50.8272 	EXP 	polygon: autoDraw = False
50.8272 	EXP 	text_Questions: height = 0.09
50.8272 	EXP 	text_Questions: height = 0.09
50.8272 	EXP 	text_Questions: height = 0.09
50.8272 	EXP 	text_Questions: text = 'On a scale from 1 (not at all) to 4 (a lot), how challenging did you find the content referenced in the previous two questions?'
50.8272 	EXP 	text_Option_1: height = 0.07
50.8272 	EXP 	text_Option_1: height = 0.07
50.8272 	EXP 	text_Option_1: height = 0.07
50.8272 	EXP 	text_Option_1: text = 1.0
50.8272 	EXP 	text_Option_2: height = 0.07
50.8272 	EXP 	text_Option_2: height = 0.07
50.8272 	EXP 	text_Option_2: height = 0.07
50.8272 	EXP 	text_Option_2: text = 2.0
50.8272 	EXP 	text_Option_3: height = 0.07
50.8272 	EXP 	text_Option_3: height = 0.07
50.8272 	EXP 	text_Option_3: height = 0.07
50.8272 	EXP 	text_Option_3: text = 3.0
50.8272 	EXP 	text_Option_4: height = 0.07
50.8272 	EXP 	text_Option_4: height = 0.07
50.8272 	EXP 	text_Option_4: height = 0.07
50.8272 	EXP 	text_Option_4: text = 4.0
50.8272 	EXP 	text_Questions: autoDraw = True
50.8272 	EXP 	text_Option_1: autoDraw = True
50.8272 	EXP 	text_Option_2: autoDraw = True
50.8272 	EXP 	text_Option_3: autoDraw = True
50.8272 	EXP 	text_Option_4: autoDraw = True
51.0975 	DATA 	Keypress: 2
51.1124 	EXP 	text_Questions: autoDraw = False
51.1124 	EXP 	text_Option_1: autoDraw = False
51.1124 	EXP 	text_Option_2: autoDraw = False
51.1124 	EXP 	text_Option_3: autoDraw = False
51.1124 	EXP 	text_Option_4: autoDraw = False
51.1124 	EXP 	polygon: ori = 0.0
51.1124 	EXP 	polygon: autoDraw = True
51.5305 	DATA 	Keypress: 2
51.7311 	DATA 	Keypress: 2
51.8967 	DATA 	Keypress: 2
52.0797 	DATA 	Keypress: 2
52.2630 	DATA 	Keypress: 2
52.4298 	DATA 	Keypress: 2
52.5960 	EXP 	New trial (rep=0, index=13): {'selfReportQuestion': 'On a scale from 1 (not at all) to 4 (a lot), how would you rate your engagement referenced in the previous two questions?', 'Option1': 1.0, 'Option2': 2.0, 'Option3': 3.0, 'Option4': 4.0}
52.6124 	EXP 	polygon: autoDraw = False
52.6124 	EXP 	polygon: autoDraw = False
52.6124 	EXP 	text_Questions: height = 0.09
52.6124 	EXP 	text_Questions: height = 0.09
52.6124 	EXP 	text_Questions: height = 0.09
52.6124 	EXP 	text_Questions: text = 'On a scale from 1 (not at all) to 4 (a lot), how would you rate your engagement referenced in the previous two questions?'
52.6124 	EXP 	text_Option_1: height = 0.07
52.6124 	EXP 	text_Option_1: height = 0.07
52.6124 	EXP 	text_Option_1: height = 0.07
52.6124 	EXP 	text_Option_1: text = 1.0
52.6124 	EXP 	text_Option_2: height = 0.07
52.6124 	EXP 	text_Option_2: height = 0.07
52.6124 	EXP 	text_Option_2: height = 0.07
52.6124 	EXP 	text_Option_2: text = 2.0
52.6124 	EXP 	text_Option_3: height = 0.07
52.6124 	EXP 	text_Option_3: height = 0.07
52.6124 	EXP 	text_Option_3: height = 0.07
52.6124 	EXP 	text_Option_3: text = 3.0
52.6124 	EXP 	text_Option_4: height = 0.07
52.6124 	EXP 	text_Option_4: height = 0.07
52.6124 	EXP 	text_Option_4: height = 0.07
52.6124 	EXP 	text_Option_4: text = 4.0
52.6124 	EXP 	text_Questions: autoDraw = True
52.6124 	EXP 	text_Option_1: autoDraw = True
52.6124 	EXP 	text_Option_2: autoDraw = True
52.6124 	EXP 	text_Option_3: autoDraw = True
52.6124 	EXP 	text_Option_4: autoDraw = True
53.0820 	DATA 	Keypress: 2
53.0956 	EXP 	text_Questions: autoDraw = False
53.0956 	EXP 	text_Option_1: autoDraw = False
53.0956 	EXP 	text_Option_2: autoDraw = False
53.0956 	EXP 	text_Option_3: autoDraw = False
53.0956 	EXP 	text_Option_4: autoDraw = False
53.0956 	EXP 	polygon: ori = 0.0
53.0956 	EXP 	polygon: autoDraw = True
54.2647 	DATA 	Keypress: 2
54.5794 	EXP 	New trial (rep=0, index=14): {'selfReportQuestion': "Did you answer the previous two questions using previous knowledge? Yes (press 1), No (press 2), I don't know (press 3)?", 'Option1': 1.0, 'Option2': 2.0, 'Option3': 3.0, 'Option4': '4. Do not press this option'}
54.5957 	EXP 	polygon: autoDraw = False
54.5957 	EXP 	polygon: autoDraw = False
54.5957 	EXP 	text_Questions: height = 0.09
54.5957 	EXP 	text_Questions: height = 0.09
54.5957 	EXP 	text_Questions: height = 0.09
54.5957 	EXP 	text_Questions: text = "Did you answer the previous two questions using previous knowledge? Yes (press 1), No (press 2), I don't know (press 3)?"
54.5957 	EXP 	text_Option_1: height = 0.07
54.5957 	EXP 	text_Option_1: height = 0.07
54.5957 	EXP 	text_Option_1: height = 0.07
54.5957 	EXP 	text_Option_1: text = 1.0
54.5957 	EXP 	text_Option_2: height = 0.07
54.5957 	EXP 	text_Option_2: height = 0.07
54.5957 	EXP 	text_Option_2: height = 0.07
54.5957 	EXP 	text_Option_2: text = 2.0
54.5957 	EXP 	text_Option_3: height = 0.07
54.5957 	EXP 	text_Option_3: height = 0.07
54.5957 	EXP 	text_Option_3: height = 0.07
54.5957 	EXP 	text_Option_3: text = 3.0
54.5957 	EXP 	text_Option_4: height = 0.07
54.5957 	EXP 	text_Option_4: height = 0.07
54.5957 	EXP 	text_Option_4: height = 0.07
54.5957 	EXP 	text_Option_4: text = '4. Do not press this option'
54.5957 	EXP 	text_Questions: autoDraw = True
54.5957 	EXP 	text_Option_1: autoDraw = True
54.5957 	EXP 	text_Option_2: autoDraw = True
54.5957 	EXP 	text_Option_3: autoDraw = True
54.5957 	EXP 	text_Option_4: autoDraw = True
56.9806 	DATA 	Keypress: 2
56.9954 	EXP 	text_Questions: autoDraw = False
56.9954 	EXP 	text_Option_1: autoDraw = False
56.9954 	EXP 	text_Option_2: autoDraw = False
56.9954 	EXP 	text_Option_3: autoDraw = False
56.9954 	EXP 	text_Option_4: autoDraw = False
56.9954 	EXP 	polygon: ori = 0.0
56.9954 	EXP 	polygon: autoDraw = True
58.4798 	EXP 	New trial (rep=0, index=15): {'selfReportQuestion': 'In order to make progress on ill-posed problems, we need to...', 'Option1': '1. bring constraining information from the world to bear on the problem', 'Option2': '2. build undetermined algorithms', 'Option3': '3. understand what the inputs and outputs are', 'Option4': '4. understand what the computational strategies of the mind are'}
58.5102 	EXP 	polygon: autoDraw = False
58.5102 	EXP 	polygon: autoDraw = False
58.5102 	EXP 	text_Questions: height = 0.09
58.5102 	EXP 	text_Questions: height = 0.09
58.5102 	EXP 	text_Questions: height = 0.09
58.5102 	EXP 	text_Questions: text = 'In order to make progress on ill-posed problems, we need to...'
58.5102 	EXP 	text_Option_1: height = 0.07
58.5102 	EXP 	text_Option_1: height = 0.07
58.5102 	EXP 	text_Option_1: height = 0.07
58.5102 	EXP 	text_Option_1: text = '1. bring constraining information from the world to bear on the problem'
58.5102 	EXP 	text_Option_2: height = 0.07
58.5102 	EXP 	text_Option_2: height = 0.07
58.5102 	EXP 	text_Option_2: height = 0.07
58.5102 	EXP 	text_Option_2: text = '2. build undetermined algorithms'
58.5102 	EXP 	text_Option_3: height = 0.07
58.5102 	EXP 	text_Option_3: height = 0.07
58.5102 	EXP 	text_Option_3: height = 0.07
58.5102 	EXP 	text_Option_3: text = '3. understand what the inputs and outputs are'
58.5102 	EXP 	text_Option_4: height = 0.07
58.5102 	EXP 	text_Option_4: height = 0.07
58.5102 	EXP 	text_Option_4: height = 0.07
58.5102 	EXP 	text_Option_4: text = '4. understand what the computational strategies of the mind are'
58.5102 	EXP 	text_Questions: autoDraw = True
58.5102 	EXP 	text_Option_1: autoDraw = True
58.5102 	EXP 	text_Option_2: autoDraw = True
58.5102 	EXP 	text_Option_3: autoDraw = True
58.5102 	EXP 	text_Option_4: autoDraw = True
59.4807 	DATA 	Keypress: 2
59.5118 	EXP 	text_Questions: autoDraw = False
59.5118 	EXP 	text_Option_1: autoDraw = False
59.5118 	EXP 	text_Option_2: autoDraw = False
59.5118 	EXP 	text_Option_3: autoDraw = False
59.5118 	EXP 	text_Option_4: autoDraw = False
59.5118 	EXP 	polygon: ori = 0.0
59.5118 	EXP 	polygon: autoDraw = True
60.9962 	EXP 	New trial (rep=0, index=16): {'selfReportQuestion': "Marr's computational theory...", 'Option1': '1. constrains the problem of understanding the computational challenges the brain encounters', 'Option2': '2. was derived from many measurements and lots of data', 'Option3': '3. suggests that we will never be able to know the mind', 'Option4': '4. is an algebraic understanding of how the brain would have to give rise to the mind'}
61.0268 	EXP 	polygon: autoDraw = False
61.0268 	EXP 	polygon: autoDraw = False
61.0268 	EXP 	text_Questions: height = 0.09
61.0268 	EXP 	text_Questions: height = 0.09
61.0268 	EXP 	text_Questions: height = 0.09
61.0268 	EXP 	text_Questions: text = "Marr's computational theory..."
61.0268 	EXP 	text_Option_1: height = 0.07
61.0268 	EXP 	text_Option_1: height = 0.07
61.0268 	EXP 	text_Option_1: height = 0.07
61.0268 	EXP 	text_Option_1: text = '1. constrains the problem of understanding the computational challenges the brain encounters'
61.0268 	EXP 	text_Option_2: height = 0.07
61.0268 	EXP 	text_Option_2: height = 0.07
61.0268 	EXP 	text_Option_2: height = 0.07
61.0268 	EXP 	text_Option_2: text = '2. was derived from many measurements and lots of data'
61.0268 	EXP 	text_Option_3: height = 0.07
61.0268 	EXP 	text_Option_3: height = 0.07
61.0268 	EXP 	text_Option_3: height = 0.07
61.0268 	EXP 	text_Option_3: text = '3. suggests that we will never be able to know the mind'
61.0268 	EXP 	text_Option_4: height = 0.07
61.0268 	EXP 	text_Option_4: height = 0.07
61.0268 	EXP 	text_Option_4: height = 0.07
61.0268 	EXP 	text_Option_4: text = '4. is an algebraic understanding of how the brain would have to give rise to the mind'
61.0268 	EXP 	text_Questions: autoDraw = True
61.0268 	EXP 	text_Option_1: autoDraw = True
61.0268 	EXP 	text_Option_2: autoDraw = True
61.0268 	EXP 	text_Option_3: autoDraw = True
61.0268 	EXP 	text_Option_4: autoDraw = True
61.7149 	DATA 	Keypress: 2
61.7283 	EXP 	text_Questions: autoDraw = False
61.7283 	EXP 	text_Option_1: autoDraw = False
61.7283 	EXP 	text_Option_2: autoDraw = False
61.7283 	EXP 	text_Option_3: autoDraw = False
61.7283 	EXP 	text_Option_4: autoDraw = False
61.7283 	EXP 	polygon: ori = 0.0
61.7283 	EXP 	polygon: autoDraw = True
62.8126 	DATA 	Keypress: 2
63.2128 	EXP 	New trial (rep=0, index=17): {'selfReportQuestion': 'On a scale from 1 (not at all) to 4 (a lot), how challenging did you find the content referenced in the previous two questions?', 'Option1': 1.0, 'Option2': 2.0, 'Option3': 3.0, 'Option4': 4.0}
63.2431 	EXP 	polygon: autoDraw = False
63.2431 	EXP 	polygon: autoDraw = False
63.2431 	EXP 	text_Questions: height = 0.09
63.2431 	EXP 	text_Questions: height = 0.09
63.2431 	EXP 	text_Questions: height = 0.09
63.2431 	EXP 	text_Questions: text = 'On a scale from 1 (not at all) to 4 (a lot), how challenging did you find the content referenced in the previous two questions?'
63.2431 	EXP 	text_Option_1: height = 0.07
63.2431 	EXP 	text_Option_1: height = 0.07
63.2431 	EXP 	text_Option_1: height = 0.07
63.2431 	EXP 	text_Option_1: text = 1.0
63.2431 	EXP 	text_Option_2: height = 0.07
63.2431 	EXP 	text_Option_2: height = 0.07
63.2431 	EXP 	text_Option_2: height = 0.07
63.2431 	EXP 	text_Option_2: text = 2.0
63.2431 	EXP 	text_Option_3: height = 0.07
63.2431 	EXP 	text_Option_3: height = 0.07
63.2431 	EXP 	text_Option_3: height = 0.07
63.2431 	EXP 	text_Option_3: text = 3.0
63.2431 	EXP 	text_Option_4: height = 0.07
63.2431 	EXP 	text_Option_4: height = 0.07
63.2431 	EXP 	text_Option_4: height = 0.07
63.2431 	EXP 	text_Option_4: text = 4.0
63.2431 	EXP 	text_Questions: autoDraw = True
63.2431 	EXP 	text_Option_1: autoDraw = True
63.2431 	EXP 	text_Option_2: autoDraw = True
63.2431 	EXP 	text_Option_3: autoDraw = True
63.2431 	EXP 	text_Option_4: autoDraw = True
63.4310 	DATA 	Keypress: 2
63.4451 	EXP 	text_Questions: autoDraw = False
63.4451 	EXP 	text_Option_1: autoDraw = False
63.4451 	EXP 	text_Option_2: autoDraw = False
63.4451 	EXP 	text_Option_3: autoDraw = False
63.4451 	EXP 	text_Option_4: autoDraw = False
63.4451 	EXP 	polygon: ori = 0.0
63.4451 	EXP 	polygon: autoDraw = True
64.9289 	EXP 	New trial (rep=0, index=18): {'selfReportQuestion': 'On a scale from 1 (not at all) to 4 (a lot), how would you rate your engagement referenced in the previous two questions?', 'Option1': 1.0, 'Option2': 2.0, 'Option3': 3.0, 'Option4': 4.0}
64.9450 	EXP 	polygon: autoDraw = False
64.9450 	EXP 	polygon: autoDraw = False
64.9450 	EXP 	text_Questions: height = 0.09
64.9450 	EXP 	text_Questions: height = 0.09
64.9450 	EXP 	text_Questions: height = 0.09
64.9450 	EXP 	text_Questions: text = 'On a scale from 1 (not at all) to 4 (a lot), how would you rate your engagement referenced in the previous two questions?'
64.9450 	EXP 	text_Option_1: height = 0.07
64.9450 	EXP 	text_Option_1: height = 0.07
64.9450 	EXP 	text_Option_1: height = 0.07
64.9450 	EXP 	text_Option_1: text = 1.0
64.9450 	EXP 	text_Option_2: height = 0.07
64.9450 	EXP 	text_Option_2: height = 0.07
64.9450 	EXP 	text_Option_2: height = 0.07
64.9450 	EXP 	text_Option_2: text = 2.0
64.9450 	EXP 	text_Option_3: height = 0.07
64.9450 	EXP 	text_Option_3: height = 0.07
64.9450 	EXP 	text_Option_3: height = 0.07
64.9450 	EXP 	text_Option_3: text = 3.0
64.9450 	EXP 	text_Option_4: height = 0.07
64.9450 	EXP 	text_Option_4: height = 0.07
64.9450 	EXP 	text_Option_4: height = 0.07
64.9450 	EXP 	text_Option_4: text = 4.0
64.9450 	EXP 	text_Questions: autoDraw = True
64.9450 	EXP 	text_Option_1: autoDraw = True
64.9450 	EXP 	text_Option_2: autoDraw = True
64.9450 	EXP 	text_Option_3: autoDraw = True
64.9450 	EXP 	text_Option_4: autoDraw = True
66.1472 	DATA 	Keypress: 2
66.1616 	EXP 	text_Questions: autoDraw = False
66.1616 	EXP 	text_Option_1: autoDraw = False
66.1616 	EXP 	text_Option_2: autoDraw = False
66.1616 	EXP 	text_Option_3: autoDraw = False
66.1616 	EXP 	text_Option_4: autoDraw = False
66.1616 	EXP 	polygon: ori = 0.0
66.1616 	EXP 	polygon: autoDraw = True
67.6456 	EXP 	New trial (rep=0, index=19): {'selfReportQuestion': "Did you answer the previous two questions using previous knowledge? Yes (press 1), No (press 2), I don't know (press 3)?", 'Option1': 1.0, 'Option2': 2.0, 'Option3': 3.0, 'Option4': '4. Do not press this option'}
67.6763 	EXP 	polygon: autoDraw = False
67.6763 	EXP 	polygon: autoDraw = False
67.6763 	EXP 	text_Questions: height = 0.09
67.6763 	EXP 	text_Questions: height = 0.09
67.6763 	EXP 	text_Questions: height = 0.09
67.6763 	EXP 	text_Questions: text = "Did you answer the previous two questions using previous knowledge? Yes (press 1), No (press 2), I don't know (press 3)?"
67.6763 	EXP 	text_Option_1: height = 0.07
67.6763 	EXP 	text_Option_1: height = 0.07
67.6763 	EXP 	text_Option_1: height = 0.07
67.6763 	EXP 	text_Option_1: text = 1.0
67.6763 	EXP 	text_Option_2: height = 0.07
67.6763 	EXP 	text_Option_2: height = 0.07
67.6763 	EXP 	text_Option_2: height = 0.07
67.6763 	EXP 	text_Option_2: text = 2.0
67.6763 	EXP 	text_Option_3: height = 0.07
67.6763 	EXP 	text_Option_3: height = 0.07
67.6763 	EXP 	text_Option_3: height = 0.07
67.6763 	EXP 	text_Option_3: text = 3.0
67.6763 	EXP 	text_Option_4: height = 0.07
67.6763 	EXP 	text_Option_4: height = 0.07
67.6763 	EXP 	text_Option_4: height = 0.07
67.6763 	EXP 	text_Option_4: text = '4. Do not press this option'
67.6763 	EXP 	text_Questions: autoDraw = True
67.6763 	EXP 	text_Option_1: autoDraw = True
67.6763 	EXP 	text_Option_2: autoDraw = True
67.6763 	EXP 	text_Option_3: autoDraw = True
67.6763 	EXP 	text_Option_4: autoDraw = True
68.0644 	DATA 	Keypress: 2
68.0781 	EXP 	text_Questions: autoDraw = False
68.0781 	EXP 	text_Option_1: autoDraw = False
68.0781 	EXP 	text_Option_2: autoDraw = False
68.0781 	EXP 	text_Option_3: autoDraw = False
68.0781 	EXP 	text_Option_4: autoDraw = False
68.0781 	EXP 	polygon: ori = 0.0
68.0781 	EXP 	polygon: autoDraw = True
68.3122 	DATA 	Keypress: 2
69.5623 	EXP 	New trial (rep=0, index=20): {'selfReportQuestion': 'Psychophysics means...', 'Option1': '1. exposing people to stimuli and asking them what they experienced', 'Option2': '2. physics of the brain', 'Option3': '3. light properties of mind', 'Option4': '4. how luminance is related to optics'}
69.5928 	EXP 	polygon: autoDraw = False
69.5928 	EXP 	polygon: autoDraw = False
69.5928 	EXP 	text_Questions: height = 0.09
69.5928 	EXP 	text_Questions: height = 0.09
69.5928 	EXP 	text_Questions: height = 0.09
69.5928 	EXP 	text_Questions: text = 'Psychophysics means...'
69.5928 	EXP 	text_Option_1: height = 0.07
69.5928 	EXP 	text_Option_1: height = 0.07
69.5928 	EXP 	text_Option_1: height = 0.07
69.5928 	EXP 	text_Option_1: text = '1. exposing people to stimuli and asking them what they experienced'
69.5928 	EXP 	text_Option_2: height = 0.07
69.5928 	EXP 	text_Option_2: height = 0.07
69.5928 	EXP 	text_Option_2: height = 0.07
69.5928 	EXP 	text_Option_2: text = '2. physics of the brain'
69.5928 	EXP 	text_Option_3: height = 0.07
69.5928 	EXP 	text_Option_3: height = 0.07
69.5928 	EXP 	text_Option_3: height = 0.07
69.5928 	EXP 	text_Option_3: text = '3. light properties of mind'
69.5928 	EXP 	text_Option_4: height = 0.07
69.5928 	EXP 	text_Option_4: height = 0.07
69.5928 	EXP 	text_Option_4: height = 0.07
69.5928 	EXP 	text_Option_4: text = '4. how luminance is related to optics'
69.5928 	EXP 	text_Questions: autoDraw = True
69.5928 	EXP 	text_Option_1: autoDraw = True
69.5928 	EXP 	text_Option_2: autoDraw = True
69.5928 	EXP 	text_Option_3: autoDraw = True
69.5928 	EXP 	text_Option_4: autoDraw = True
70.3483 	DATA 	Keypress: 1
70.3613 	EXP 	text_Questions: autoDraw = False
70.3613 	EXP 	text_Option_1: autoDraw = False
70.3613 	EXP 	text_Option_2: autoDraw = False
70.3613 	EXP 	text_Option_3: autoDraw = False
70.3613 	EXP 	text_Option_4: autoDraw = False
70.3613 	EXP 	polygon: ori = 0.0
70.3613 	EXP 	polygon: autoDraw = True
71.8455 	EXP 	New trial (rep=0, index=21): {'selfReportQuestion': 'Psychophysics can help cognitive scientists understand minds by...', 'Option1': '1. the ability to make illuminants variable while measuring representations', 'Option2': '2. the ability to make optics variable while measuring the illuminant', 'Option3': '3. the ability to make representations variable while measuring computations', 'Option4': '4. the ability to control representations while making illuminants variable'}
71.8762 	EXP 	polygon: autoDraw = False
71.8762 	EXP 	polygon: autoDraw = False
71.8762 	EXP 	text_Questions: height = 0.09
71.8762 	EXP 	text_Questions: height = 0.09
71.8762 	EXP 	text_Questions: height = 0.09
71.8762 	EXP 	text_Questions: text = 'Psychophysics can help cognitive scientists understand minds by...'
71.8762 	EXP 	text_Option_1: height = 0.07
71.8762 	EXP 	text_Option_1: height = 0.07
71.8762 	EXP 	text_Option_1: height = 0.07
71.8762 	EXP 	text_Option_1: text = '1. the ability to make illuminants variable while measuring representations'
71.8762 	EXP 	text_Option_2: height = 0.07
71.8762 	EXP 	text_Option_2: height = 0.07
71.8762 	EXP 	text_Option_2: height = 0.07
71.8762 	EXP 	text_Option_2: text = '2. the ability to make optics variable while measuring the illuminant'
71.8762 	EXP 	text_Option_3: height = 0.07
71.8762 	EXP 	text_Option_3: height = 0.07
71.8762 	EXP 	text_Option_3: height = 0.07
71.8762 	EXP 	text_Option_3: text = '3. the ability to make representations variable while measuring computations'
71.8762 	EXP 	text_Option_4: height = 0.07
71.8762 	EXP 	text_Option_4: height = 0.07
71.8762 	EXP 	text_Option_4: height = 0.07
71.8762 	EXP 	text_Option_4: text = '4. the ability to control representations while making illuminants variable'
71.8762 	EXP 	text_Questions: autoDraw = True
71.8762 	EXP 	text_Option_1: autoDraw = True
71.8762 	EXP 	text_Option_2: autoDraw = True
71.8762 	EXP 	text_Option_3: autoDraw = True
71.8762 	EXP 	text_Option_4: autoDraw = True
76.5130 	DATA 	Keypress: 1
76.5274 	EXP 	text_Questions: autoDraw = False
76.5274 	EXP 	text_Option_1: autoDraw = False
76.5274 	EXP 	text_Option_2: autoDraw = False
76.5274 	EXP 	text_Option_3: autoDraw = False
76.5274 	EXP 	text_Option_4: autoDraw = False
76.5274 	EXP 	polygon: ori = 0.0
76.5274 	EXP 	polygon: autoDraw = True
78.0116 	EXP 	New trial (rep=0, index=22): {'selfReportQuestion': 'On a scale from 1 (not at all) to 4 (a lot), how challenging did you find the content referenced in the previous two questions?', 'Option1': 1.0, 'Option2': 2.0, 'Option3': 3.0, 'Option4': 4.0}
78.0423 	EXP 	polygon: autoDraw = False
78.0423 	EXP 	polygon: autoDraw = False
78.0423 	EXP 	text_Questions: height = 0.09
78.0423 	EXP 	text_Questions: height = 0.09
78.0423 	EXP 	text_Questions: height = 0.09
78.0423 	EXP 	text_Questions: text = 'On a scale from 1 (not at all) to 4 (a lot), how challenging did you find the content referenced in the previous two questions?'
78.0423 	EXP 	text_Option_1: height = 0.07
78.0423 	EXP 	text_Option_1: height = 0.07
78.0423 	EXP 	text_Option_1: height = 0.07
78.0423 	EXP 	text_Option_1: text = 1.0
78.0423 	EXP 	text_Option_2: height = 0.07
78.0423 	EXP 	text_Option_2: height = 0.07
78.0423 	EXP 	text_Option_2: height = 0.07
78.0423 	EXP 	text_Option_2: text = 2.0
78.0423 	EXP 	text_Option_3: height = 0.07
78.0423 	EXP 	text_Option_3: height = 0.07
78.0423 	EXP 	text_Option_3: height = 0.07
78.0423 	EXP 	text_Option_3: text = 3.0
78.0423 	EXP 	text_Option_4: height = 0.07
78.0423 	EXP 	text_Option_4: height = 0.07
78.0423 	EXP 	text_Option_4: height = 0.07
78.0423 	EXP 	text_Option_4: text = 4.0
78.0423 	EXP 	text_Questions: autoDraw = True
78.0423 	EXP 	text_Option_1: autoDraw = True
78.0423 	EXP 	text_Option_2: autoDraw = True
78.0423 	EXP 	text_Option_3: autoDraw = True
78.0423 	EXP 	text_Option_4: autoDraw = True
78.5128 	DATA 	Keypress: 2
78.5275 	EXP 	text_Questions: autoDraw = False
78.5275 	EXP 	text_Option_1: autoDraw = False
78.5275 	EXP 	text_Option_2: autoDraw = False
78.5275 	EXP 	text_Option_3: autoDraw = False
78.5275 	EXP 	text_Option_4: autoDraw = False
78.5275 	EXP 	polygon: ori = 0.0
78.5275 	EXP 	polygon: autoDraw = True
80.0118 	EXP 	New trial (rep=0, index=23): {'selfReportQuestion': 'On a scale from 1 (not at all) to 4 (a lot), how would you rate your engagement referenced in the previous two questions?', 'Option1': 1.0, 'Option2': 2.0, 'Option3': 3.0, 'Option4': 4.0}
80.0274 	EXP 	polygon: autoDraw = False
80.0274 	EXP 	polygon: autoDraw = False
80.0274 	EXP 	text_Questions: height = 0.09
80.0274 	EXP 	text_Questions: height = 0.09
80.0274 	EXP 	text_Questions: height = 0.09
80.0274 	EXP 	text_Questions: text = 'On a scale from 1 (not at all) to 4 (a lot), how would you rate your engagement referenced in the previous two questions?'
80.0274 	EXP 	text_Option_1: height = 0.07
80.0274 	EXP 	text_Option_1: height = 0.07
80.0274 	EXP 	text_Option_1: height = 0.07
80.0274 	EXP 	text_Option_1: text = 1.0
80.0274 	EXP 	text_Option_2: height = 0.07
80.0274 	EXP 	text_Option_2: height = 0.07
80.0274 	EXP 	text_Option_2: height = 0.07
80.0274 	EXP 	text_Option_2: text = 2.0
80.0274 	EXP 	text_Option_3: height = 0.07
80.0274 	EXP 	text_Option_3: height = 0.07
80.0274 	EXP 	text_Option_3: height = 0.07
80.0274 	EXP 	text_Option_3: text = 3.0
80.0274 	EXP 	text_Option_4: height = 0.07
80.0274 	EXP 	text_Option_4: height = 0.07
80.0274 	EXP 	text_Option_4: height = 0.07
80.0274 	EXP 	text_Option_4: text = 4.0
80.0274 	EXP 	text_Questions: autoDraw = True
80.0274 	EXP 	text_Option_1: autoDraw = True
80.0274 	EXP 	text_Option_2: autoDraw = True
80.0274 	EXP 	text_Option_3: autoDraw = True
80.0274 	EXP 	text_Option_4: autoDraw = True
80.3299 	DATA 	Keypress: 3
80.3440 	EXP 	text_Questions: autoDraw = False
80.3440 	EXP 	text_Option_1: autoDraw = False
80.3440 	EXP 	text_Option_2: autoDraw = False
80.3440 	EXP 	text_Option_3: autoDraw = False
80.3440 	EXP 	text_Option_4: autoDraw = False
80.3440 	EXP 	polygon: ori = 0.0
80.3440 	EXP 	polygon: autoDraw = True
81.8277 	EXP 	New trial (rep=0, index=24): {'selfReportQuestion': "Did you answer the previous two questions using previous knowledge? Yes (press 1), No (press 2), I don't know (press 3)?", 'Option1': 1.0, 'Option2': 2.0, 'Option3': 3.0, 'Option4': '4. Do not press this option'}
81.8441 	EXP 	polygon: autoDraw = False
81.8441 	EXP 	polygon: autoDraw = False
81.8441 	EXP 	text_Questions: height = 0.09
81.8441 	EXP 	text_Questions: height = 0.09
81.8441 	EXP 	text_Questions: height = 0.09
81.8441 	EXP 	text_Questions: text = "Did you answer the previous two questions using previous knowledge? Yes (press 1), No (press 2), I don't know (press 3)?"
81.8441 	EXP 	text_Option_1: height = 0.07
81.8441 	EXP 	text_Option_1: height = 0.07
81.8441 	EXP 	text_Option_1: height = 0.07
81.8441 	EXP 	text_Option_1: text = 1.0
81.8441 	EXP 	text_Option_2: height = 0.07
81.8441 	EXP 	text_Option_2: height = 0.07
81.8441 	EXP 	text_Option_2: height = 0.07
81.8441 	EXP 	text_Option_2: text = 2.0
81.8441 	EXP 	text_Option_3: height = 0.07
81.8441 	EXP 	text_Option_3: height = 0.07
81.8441 	EXP 	text_Option_3: height = 0.07
81.8441 	EXP 	text_Option_3: text = 3.0
81.8441 	EXP 	text_Option_4: height = 0.07
81.8441 	EXP 	text_Option_4: height = 0.07
81.8441 	EXP 	text_Option_4: height = 0.07
81.8441 	EXP 	text_Option_4: text = '4. Do not press this option'
81.8441 	EXP 	text_Questions: autoDraw = True
81.8441 	EXP 	text_Option_1: autoDraw = True
81.8441 	EXP 	text_Option_2: autoDraw = True
81.8441 	EXP 	text_Option_3: autoDraw = True
81.8441 	EXP 	text_Option_4: autoDraw = True
82.1955 	DATA 	Keypress: 2
82.2106 	EXP 	text_Questions: autoDraw = False
82.2106 	EXP 	text_Option_1: autoDraw = False
82.2106 	EXP 	text_Option_2: autoDraw = False
82.2106 	EXP 	text_Option_3: autoDraw = False
82.2106 	EXP 	text_Option_4: autoDraw = False
82.2106 	EXP 	polygon: ori = 0.0
82.2106 	EXP 	polygon: autoDraw = True
83.6947 	EXP 	New trial (rep=1, index=0): None
83.6948 	EXP 	window1: mouseVisible = True
84.1539 	EXP 	polygon: autoDraw = False
84.1539 	EXP 	polygon: autoDraw = False
84.1539 	EXP 	LectureVideo: autoLog = True
84.1539 	EXP 	playButton: ori = 90.0
84.7103 	EXP 	LectureVideo: autoDraw = True
84.7103 	EXP 	playButton: autoDraw = True
87.8244 	DATA 	Keypress: escape
87.9082 	EXP 	ATTEND_learn_videoStimLoop: status = STOPPED
87.9237 	EXP 	LectureVideo: autoDraw = False
87.9237 	EXP 	playButton: autoDraw = False
87.9238 	EXP 	ATTEND_learn_videoStimLoop: status = STOPPED
87.9750 	EXP 	window1: mouseVisible = True
