54.1572 	WARNING 	User requested fullscreen with size [1024  768], but screen is actually [3840, 2160]. Using actual size
54.7385 	EXP 	Created window1 = Window(allowGUI=True, allowStencil=False, autoLog=True, backendConf=UNKNOWN, backgroundFit=<method-wrapper '__getattribute__' of attributeSetter object at 0x0000021700019F60>, backgroundImage=<method-wrapper '__getattribute__' of attributeSetter object at 0x0000021700019E40>, bitsMode=UNKNOWN, blendMode='avg', bpc=(8, 8, 8), color=array([0, 0, 0]), colorSpace='rgb', depthBits=8, fullscr=<method-wrapper '__getattribute__' of attributeSetter object at 0x000002170001A980>, gamma=None, gammaErrorPolicy='raise', lms=UNKNOWN, monitor=<psychopy.monitors.calibTools.Monitor object at 0x000002170035D030>, multiSample=False, name='window1', numSamples=2, pos=(0, 0), screen=0, size=array([3840, 2160]), stencilBits=0, stereo=False, title='PsychoPy', units='height', useFBO=True, useRetina=False, viewOri=0.0, viewPos=None, viewScale=None, waitBlanking=True, winType='pyglet')
54.7385 	EXP 	window1: mouseVisible = True
54.7385 	EXP 	window1: backgroundImage = ''
54.7385 	EXP 	window1: backgroundFit = 'none'
54.7394 	EXP 	window1: Attempting to measure frame rate of screen (0) ...
54.7395 	EXP 	window1: recordFrameIntervals = False
54.9047 	EXP 	window1: recordFrameIntervals = True
55.0882 	EXP 	Screen (0) actual frame rate measured at 59.91Hz
55.0883 	EXP 	window1: recordFrameIntervals = False
55.0883 	EXP 	window1: mouseVisible = False
57.4831 	EXP 	OpenCloseEye: status = STARTED
57.4835 	EXP 	window1: mouseVisible = True
57.5507 	EXP 	Created text = TextStim(__class__=<class 'psychopy.visual.text.TextStim'>, alignHoriz=method-wrapper(...), alignText='center', alignVert=method-wrapper(...), anchorHoriz='center', anchorVert='center', antialias=True, autoDraw=False, autoLog=True, bold=False, color=array([1., 1., 1.]), colorSpace='rgb', contrast=1.0, depth=0.0, draggable=False, flipHoriz=False, flipVert=False, font='Open Sans', fontFiles=[], height=0.05, italic=False, languageStyle='LTR', name='text', opacity=1.0, ori=0.0, pos=array([0., 0.]), rgb=UNKNOWN, text='Welcome to the Test', units='height', win=Window(...), wrapWidth=1)
57.5508 	EXP 	window1: mouseVisible = True
57.5629 	EXP 	Created text_4 = TextStim(__class__=<class 'psychopy.visual.text.TextStim'>, alignHoriz=method-wrapper(...), alignText='center', alignVert=method-wrapper(...), anchorHoriz='center', anchorVert='center', antialias=True, autoDraw=False, autoLog=True, bold=False, color=array([1., 1., 1.]), colorSpace='rgb', contrast=1.0, depth=0.0, draggable=False, flipHoriz=False, flipVert=False, font='Open Sans', fontFiles=[], height=0.05, italic=False, languageStyle='LTR', name='text_4', opacity=1.0, ori=0.0, pos=array([0., 0.]), rgb=UNKNOWN, text=str(...), units='height', win=Window(...), wrapWidth=1)
57.5630 	EXP 	window1: mouseVisible = True
57.5662 	EXP 	Created text_2 = TextStim(__class__=<class 'psychopy.visual.text.TextStim'>, alignHoriz=method-wrapper(...), alignText='center', alignVert=method-wrapper(...), anchorHoriz='center', anchorVert='center', antialias=True, autoDraw=False, autoLog=True, bold=False, color=array([1., 1., 1.]), colorSpace='rgb', contrast=1.0, depth=0.0, draggable=False, flipHoriz=False, flipVert=False, font='Open Sans', fontFiles=[], height=0.05, italic=False, languageStyle='LTR', name='text_2', opacity=1.0, ori=0.0, pos=array([0., 0.]), rgb=UNKNOWN, text='Please keep your eyes open', units='height', win=Window(...), wrapWidth=1)
57.5663 	EXP 	window1: mouseVisible = True
57.5743 	EXP 	Created text_3 = TextStim(__class__=<class 'psychopy.visual.text.TextStim'>, alignHoriz=method-wrapper(...), alignText='center', alignVert=method-wrapper(...), anchorHoriz='center', anchorVert='center', antialias=True, autoDraw=False, autoLog=True, bold=False, color=array([1., 1., 1.]), colorSpace='rgb', contrast=1.0, depth=0.0, draggable=False, flipHoriz=False, flipVert=False, font='Open Sans', fontFiles=[], height=0.05, italic=False, languageStyle='LTR', name='text_3', opacity=1.0, ori=0.0, pos=array([0., 0.]), rgb=UNKNOWN, text=str(...), units='height', win=Window(...), wrapWidth=1)
57.5744 	EXP 	window1: mouseVisible = True
57.5771 	EXP 	Created text_5 = TextStim(__class__=<class 'psychopy.visual.text.TextStim'>, alignHoriz=method-wrapper(...), alignText='center', alignVert=method-wrapper(...), anchorHoriz='center', anchorVert='center', antialias=True, autoDraw=False, autoLog=True, bold=False, color=array([1., 1., 1.]), colorSpace='rgb', contrast=1.0, depth=0.0, draggable=False, flipHoriz=False, flipVert=False, font='Open Sans', fontFiles=[], height=0.05, italic=False, languageStyle='LTR', name='text_5', opacity=1.0, ori=0.0, pos=array([0., 0.]), rgb=UNKNOWN, text='Thanks!', units='height', win=Window(...), wrapWidth=1)
0.0113 	EXP 	text: autoDraw = True
4.6293 	DATA 	Keypress: space
4.9947 	EXP 	Created sequence: sequential, trialTypes=1, nReps=10, seed=None
4.9949 	EXP 	New trial (rep=0, index=0): None
5.0108 	EXP 	text: autoDraw = False
5.0108 	EXP 	text_4: autoDraw = True
9.6959 	DATA 	Keypress: space
9.7105 	EXP 	text_4: autoDraw = False
9.7105 	EXP 	text_2: autoDraw = True
14.6939 	EXP 	text_2: autoDraw = False
14.6939 	EXP 	text_3: autoDraw = True
25.6810 	EXP 	New trial (rep=1, index=0): None
25.6828 	DATA 	Keypress: space
25.6830 	DATA 	Keypress: space
25.7328 	EXP 	text_3: autoDraw = False
25.7328 	EXP 	text_4: autoDraw = True
30.2943 	DATA 	Keypress: space
30.3091 	EXP 	text_4: autoDraw = False
30.3091 	EXP 	text_2: autoDraw = True
35.2924 	EXP 	text_2: autoDraw = False
35.2924 	EXP 	text_3: autoDraw = True
37.6439 	DATA 	Keypress: space
44.3402 	EXP 	New trial (rep=2, index=0): None
44.3485 	EXP 	text_3: autoDraw = False
44.3485 	EXP 	text_4: autoDraw = True
45.9099 	DATA 	Keypress: space
45.9246 	EXP 	text_4: autoDraw = False
45.9246 	EXP 	text_2: autoDraw = True
50.9084 	EXP 	text_2: autoDraw = False
50.9084 	EXP 	text_3: autoDraw = True
58.9529 	EXP 	New trial (rep=3, index=0): None
58.9547 	DATA 	Keypress: space
58.9626 	EXP 	text_3: autoDraw = False
58.9626 	EXP 	text_4: autoDraw = True
60.4252 	DATA 	Keypress: space
60.4404 	EXP 	text_4: autoDraw = False
60.4404 	EXP 	text_2: autoDraw = True
65.4238 	EXP 	text_2: autoDraw = False
65.4238 	EXP 	text_3: autoDraw = True
73.1668 	EXP 	New trial (rep=4, index=0): None
73.1682 	DATA 	Keypress: space
73.1771 	EXP 	text_3: autoDraw = False
73.1771 	EXP 	text_4: autoDraw = True
74.2249 	DATA 	Keypress: space
74.2395 	EXP 	text_4: autoDraw = False
74.2395 	EXP 	text_2: autoDraw = True
79.2235 	EXP 	text_2: autoDraw = False
79.2235 	EXP 	text_3: autoDraw = True
88.1036 	EXP 	New trial (rep=5, index=0): None
88.1056 	DATA 	Keypress: space
88.1126 	EXP 	text_3: autoDraw = False
88.1126 	EXP 	text_4: autoDraw = True
89.7245 	DATA 	Keypress: space
89.7386 	EXP 	text_4: autoDraw = False
89.7386 	EXP 	text_2: autoDraw = True
94.7223 	EXP 	text_2: autoDraw = False
94.7223 	EXP 	text_3: autoDraw = True
102.7029 	EXP 	New trial (rep=6, index=0): None
102.7042 	DATA 	Keypress: space
102.7113 	EXP 	text_3: autoDraw = False
102.7113 	EXP 	text_4: autoDraw = True
104.0229 	DATA 	Keypress: space
104.0380 	EXP 	text_4: autoDraw = False
104.0380 	EXP 	text_2: autoDraw = True
109.0213 	EXP 	text_2: autoDraw = False
109.0213 	EXP 	text_3: autoDraw = True
116.9067 	EXP 	New trial (rep=7, index=0): None
116.9081 	DATA 	Keypress: space
116.9137 	EXP 	text_3: autoDraw = False
116.9137 	EXP 	text_4: autoDraw = True
118.1220 	DATA 	Keypress: space
118.1369 	EXP 	text_4: autoDraw = False
118.1369 	EXP 	text_2: autoDraw = True
123.1205 	EXP 	text_2: autoDraw = False
123.1205 	EXP 	text_3: autoDraw = True
131.4574 	EXP 	New trial (rep=8, index=0): None
131.4587 	DATA 	Keypress: space
131.4643 	EXP 	text_3: autoDraw = False
131.4643 	EXP 	text_4: autoDraw = True
132.8547 	DATA 	Keypress: space
132.8693 	EXP 	text_4: autoDraw = False
132.8693 	EXP 	text_2: autoDraw = True
137.8535 	EXP 	text_2: autoDraw = False
137.8535 	EXP 	text_3: autoDraw = True
145.4817 	EXP 	New trial (rep=9, index=0): None
145.4833 	DATA 	Keypress: space
145.4909 	EXP 	text_3: autoDraw = False
145.4909 	EXP 	text_4: autoDraw = True
147.2370 	DATA 	Keypress: space
147.2520 	EXP 	text_4: autoDraw = False
147.2520 	EXP 	text_2: autoDraw = True
152.2355 	EXP 	text_2: autoDraw = False
152.2355 	EXP 	text_3: autoDraw = True
160.2712 	DATA 	Keypress: space
160.2766 	EXP 	text_3: autoDraw = False
160.2766 	EXP 	text_5: autoDraw = True
162.1022 	DATA 	Keypress: space
165.2847 	EXP 	text_5: autoDraw = False
165.2847 	EXP 	OpenCloseEye: status = STOPPED
165.3149 	EXP 	window1: mouseVisible = True
