3.0264 	WARNING 	We strongly recommend you activate the PTB sound engine in PsychoPy prefs as the preferred audio engine. Its timing is vastly superior. Your prefs are currently set to use ['sounddevice', 'PTB', 'pyo', 'pygame'] (in that order).
10.7770 	WARNING 	Couldn't measure a consistent frame rate.
  - Is your graphics card set to sync to vertical blank?
  - Are you running other processes on your computer?

10.7781 	EXP 	Created window1 = Window(allowGUI=False, allowStencil=False, autoLog=True, backendConf=UNKNOWN, bitsMode=UNKNOWN, blendMode='avg', bpc=(8, 8, 8), color=array([0, 0, 0]), colorSpace='rgb', depthBits=8, fullscr=<method-wrapper '__getattribute__' of attributeSetter object at 0x000002408BF61320>, gamma=None, gammaErrorPolicy='raise', lms=UNKNOWN, monitor=<psychopy.monitors.calibTools.Monitor object at 0x000002408BF6E588>, multiSample=False, name='window1', numSamples=2, pos=[240.0, 175.0], screen=0, size=array([800, 450]), stencilBits=0, stereo=False, units='height', useFBO=True, useRetina=False, viewOri=0.0, viewPos=None, viewScale=None, waitBlanking=True, winType='pyglet')
10.7791 	EXP 	window1: mouseVisible = True
10.7793 	EXP 	window1: recordFrameIntervals = False
10.9419 	EXP 	window1: recordFrameIntervals = True
10.9781 	WARNING 	t of last frame was 22.47ms (=1/44)
11.0099 	WARNING 	t of last frame was 20.55ms (=1/48)
11.1121 	WARNING 	t of last frame was 21.66ms (=1/46)
11.1435 	WARNING 	t of last frame was 20.38ms (=1/49)
11.2615 	WARNING 	Multiple dropped frames have occurred - I'll stop bothering you about them!
12.6466 	WARNING 	Couldn't measure a consistent frame rate.
  - Is your graphics card set to sync to vertical blank?
  - Are you running other processes on your computer?

12.9365 	EXP 	Created text_introduction = TextStim(__class__=<class 'psychopy.visual.text.TextStim'>, alignHoriz=method-wrapper(...), alignText='center', alignVert=method-wrapper(...), anchorHoriz='center', anchorVert='center', antialias=True, autoLog=True, bold=False, color=array([1., 1., 1.]), colorSpace='rgb', contrast=1.0, depth=0.0, flipHoriz=False, flipVert=False, font='Arial', fontFiles=[], height=0.1, italic=False, languageStyle='LTR', name='text_introduction', opacity=1, ori=0, pos=array([0., 0.]), rgb=UNKNOWN, text=str(...), units='height', win=Window(...), wrapWidth=1)
12.9509 	EXP 	Created text_fixation = TextStim(__class__=<class 'psychopy.visual.text.TextStim'>, alignHoriz=method-wrapper(...), alignText='center', alignVert=method-wrapper(...), anchorHoriz='center', anchorVert='center', antialias=True, autoLog=True, bold=False, color=array([1., 1., 1.]), colorSpace='rgb', contrast=1.0, depth=0.0, flipHoriz=False, flipVert=False, font='Arial', fontFiles=[], height=0.1, italic=False, languageStyle='LTR', name='text_fixation', opacity=1, ori=0, pos=array([0., 0.]), rgb=UNKNOWN, text='+', units='height', win=Window(...), wrapWidth=1)
12.9847 	EXP 	Created text_thankyou = TextStim(__class__=<class 'psychopy.visual.text.TextStim'>, alignHoriz=method-wrapper(...), alignText='center', alignVert=method-wrapper(...), anchorHoriz='center', anchorVert='center', antialias=True, autoLog=True, bold=False, color=array([1., 1., 1.]), colorSpace='rgb', contrast=1.0, depth=0.0, flipHoriz=False, flipVert=False, font='Arial', fontFiles=[], height=0.1, italic=False, languageStyle='LTR', name='text_thankyou', opacity=1, ori=0, pos=array([0., 0.]), rgb=UNKNOWN, text=str(...), units='height', win=Window(...), wrapWidth=1)
12.9860 	EXP 	Created sequence: random, trialTypes=1, nReps=1, seed=None
12.9865 	EXP 	New trial (rep=0, index=0): None
13.0149 	EXP 	text_introduction: autoDraw = True
13.0149 	EXP 	text_introduction: autoDraw = False
13.0149 	EXP 	text_fixation: autoDraw = True
35.3439 	DATA 	Mouse: Left button down, pos=(537,87)
35.4275 	DATA 	Mouse:  Left button up, pos=(537,87)
36.3947 	DATA 	Keypress: escape
36.4535 	EXP 	window1: mouseVisible = True
