0.7400 	WARNING 	We strongly recommend you activate the PTB sound engine in PsychoPy prefs as the preferred audio engine. Its timing is vastly superior. Your prefs are currently set to use ['sounddevice', 'PTB', 'pyo', 'pygame'] (in that order).
2.1039 	DATA 	Mouse: wheel shift=(0,-1), pos=(0,0)
2.3236 	DATA 	Mouse: wheel shift=(0,0), pos=(492,313)
2.3406 	DATA 	Mouse: wheel shift=(0,0), pos=(492,313)
2.3574 	DATA 	Mouse: wheel shift=(0,0), pos=(492,313)
2.3742 	DATA 	Mouse: wheel shift=(0,0), pos=(492,313)
2.3920 	DATA 	Mouse: wheel shift=(0,0), pos=(492,313)
2.4085 	DATA 	Mouse: wheel shift=(0,0), pos=(492,313)
2.4585 	EXP 	Created window1 = Window(allowGUI=False, allowStencil=False, autoLog=True, backendConf=UNKNOWN, bitsMode=UNKNOWN, blendMode='avg', bpc=(8, 8, 8), color=array([0, 0, 0]), colorSpace='rgb', depthBits=8, fullscr=<method-wrapper '__getattribute__' of attributeSetter object at 0x0000028199FD2320>, gamma=None, gammaErrorPolicy='raise', lms=UNKNOWN, monitor=<psychopy.monitors.calibTools.Monitor object at 0x0000028199FDE588>, multiSample=False, name='window1', numSamples=2, pos=[240.0, 175.0], screen=0, size=array([800, 450]), stencilBits=0, stereo=False, units='height', useFBO=True, useRetina=False, viewOri=0.0, viewPos=None, viewScale=None, waitBlanking=True, winType='pyglet')
2.4588 	EXP 	window1: mouseVisible = True
2.4589 	EXP 	window1: recordFrameIntervals = False
2.6239 	EXP 	window1: recordFrameIntervals = True
2.8076 	EXP 	window1: recordFrameIntervals = False
2.8861 	EXP 	Created text_introduction = TextStim(__class__=<class 'psychopy.visual.text.TextStim'>, alignHoriz=method-wrapper(...), alignText='center', alignVert=method-wrapper(...), anchorHoriz='center', anchorVert='center', antialias=True, autoLog=True, bold=False, color=array([1., 1., 1.]), colorSpace='rgb', contrast=1.0, depth=0.0, flipHoriz=False, flipVert=False, font='Arial', fontFiles=[], height=0.1, italic=False, languageStyle='LTR', name='text_introduction', opacity=1, ori=0, pos=array([0., 0.]), rgb=UNKNOWN, text=str(...), units='height', win=Window(...), wrapWidth=1)
2.8889 	EXP 	Created text_fixation = TextStim(__class__=<class 'psychopy.visual.text.TextStim'>, alignHoriz=method-wrapper(...), alignText='center', alignVert=method-wrapper(...), anchorHoriz='center', anchorVert='center', antialias=True, autoLog=True, bold=False, color=array([1., 1., 1.]), colorSpace='rgb', contrast=1.0, depth=0.0, flipHoriz=False, flipVert=False, font='Arial', fontFiles=[], height=0.1, italic=False, languageStyle='LTR', name='text_fixation', opacity=1, ori=0, pos=array([0., 0.]), rgb=UNKNOWN, text='+', units='height', win=Window(...), wrapWidth=1)
2.8947 	EXP 	Created text_thankyou = TextStim(__class__=<class 'psychopy.visual.text.TextStim'>, alignHoriz=method-wrapper(...), alignText='center', alignVert=method-wrapper(...), anchorHoriz='center', anchorVert='center', antialias=True, autoLog=True, bold=False, color=array([1., 1., 1.]), colorSpace='rgb', contrast=1.0, depth=0.0, flipHoriz=False, flipVert=False, font='Arial', fontFiles=[], height=0.1, italic=False, languageStyle='LTR', name='text_thankyou', opacity=1, ori=0, pos=array([0., 0.]), rgb=UNKNOWN, text=str(...), units='height', win=Window(...), wrapWidth=1)
2.8953 	EXP 	Created sequence: random, trialTypes=1, nReps=1, seed=None
2.8954 	EXP 	New trial (rep=0, index=0): None
2.9086 	EXP 	text_introduction: autoDraw = True
2.9086 	EXP 	text_introduction: autoDraw = False
2.9086 	EXP 	text_fixation: autoDraw = True
12.4343 	DATA 	Keypress: lctrl
12.4665 	DATA 	Keypress: c
12.8997 	DATA 	Mouse: Left button down, pos=(541,67)
12.9671 	DATA 	Mouse:  Left button up, pos=(541,67)
13.0166 	DATA 	Keypress: lctrl
13.0339 	DATA 	Keypress: c
13.9843 	DATA 	Keypress: escape
14.0046 	EXP 	window1: mouseVisible = True
