25.9685 	WARNING 	User requested fullscreen with size [1707 1067], but screen is actually [3840, 2160]. Using actual size
26.4730 	EXP 	Created window1 = Window(allowGUI=True, allowStencil=False, autoLog=True, backendConf=UNKNOWN, backgroundFit=<method-wrapper '__getattribute__' of attributeSetter object at 0x00000244A7AA46D0>, backgroundImage=<method-wrapper '__getattribute__' of attributeSetter object at 0x00000244A7AA4730>, bitsMode=UNKNOWN, blendMode='avg', bpc=(8, 8, 8), color=array([0, 0, 0]), colorSpace='rgb', depthBits=8, fullscr=<method-wrapper '__getattribute__' of attributeSetter object at 0x00000244A7AA48E0>, gamma=None, gammaErrorPolicy='raise', lms=UNKNOWN, monitor=<psychopy.monitors.calibTools.Monitor object at 0x00000244B1FE2260>, multiSample=False, name='window1', numSamples=2, pos=(0, 0), screen=0, size=array([3840, 2160]), stencilBits=0, stereo=False, title='PsychoPy', units='height', useFBO=True, useRetina=False, viewOri=0.0, viewPos=None, viewScale=None, waitBlanking=True, winType='pyglet')
26.4730 	EXP 	window1: mouseVisible = True
26.4730 	EXP 	window1: backgroundImage = ''
26.4730 	EXP 	window1: backgroundFit = 'none'
26.4739 	EXP 	window1: Attempting to measure frame rate of screen (0) ...
26.4739 	EXP 	window1: recordFrameIntervals = False
26.6394 	EXP 	window1: recordFrameIntervals = True
26.8265 	WARNING 	t of last frame was 20.21ms (=1/49)
27.0061 	EXP 	Screen (0) actual frame rate measured at 60.02Hz
27.0062 	EXP 	window1: recordFrameIntervals = False
27.0062 	EXP 	window1: mouseVisible = False
29.1720 	EXP 	ATTEND_learn_videoStimLoop: status = STARTED
29.1724 	EXP 	window1: mouseVisible = True
29.2104 	EXP 	Created textWelcome = TextStim(__class__=<class 'psychopy.visual.text.TextStim'>, alignHoriz=method-wrapper(...), alignText='center', alignVert=method-wrapper(...), anchorHoriz='center', anchorVert='center', antialias=True, autoDraw=False, autoLog=True, bold=False, color=array([1., 1., 1.]), colorSpace='rgb', contrast=1.0, depth=0.0, draggable=False, flipHoriz=False, flipVert=False, font='Open Sans', fontFiles=[], height=0.05, italic=False, languageStyle='LTR', name='textWelcome', opacity=1.0, ori=0.0, pos=array([0., 0.]), rgb=UNKNOWN, text=str(...), units='height', win=Window(...), wrapWidth=1)
29.2105 	EXP 	window1: mouseVisible = True
29.2178 	EXP 	Created text_3 = TextStim(__class__=<class 'psychopy.visual.text.TextStim'>, alignHoriz=method-wrapper(...), alignText='center', alignVert=method-wrapper(...), anchorHoriz='center', anchorVert='center', antialias=True, autoDraw=False, autoLog=True, bold=False, color=array([1., 1., 1.]), colorSpace='rgb', contrast=1.0, depth=0.0, draggable=False, flipHoriz=False, flipVert=False, font='Open Sans', fontFiles=[], height=0.05, italic=False, languageStyle='LTR', name='text_3', opacity=1.0, ori=0.0, pos=array([0., 0.]), rgb=UNKNOWN, text=str(...), units='height', win=Window(...), wrapWidth=1)
29.2179 	EXP 	window1: mouseVisible = True
29.2219 	EXP 	Created text_4 = TextStim(__class__=<class 'psychopy.visual.text.TextStim'>, alignHoriz=method-wrapper(...), alignText='center', alignVert=method-wrapper(...), anchorHoriz='center', anchorVert='center', antialias=True, autoDraw=False, autoLog=True, bold=False, color=array([1., 1., 1.]), colorSpace='rgb', contrast=1.0, depth=0.0, draggable=False, flipHoriz=False, flipVert=False, font='Open Sans', fontFiles=[], height=0.05, italic=False, languageStyle='LTR', name='text_4', opacity=1.0, ori=0.0, pos=array([0., 0.]), rgb=UNKNOWN, text='Next, press Space to continue', units='height', win=Window(...), wrapWidth=1)
29.2241 	EXP 	window1: mouseVisible = True
29.3306 	EXP 	window1: mouseVisible = True
29.3308 	EXP 	window1: mouseVisible = True
29.3321 	EXP 	Created playButton = ShapeStim(__class__=<class 'psychopy.visual.shape.ShapeStim'>, anchor=('center', 'center'), autoDraw=False, autoLog=True, closeShape=True, color=method-wrapper(...), colorSpace='rgb', contrast=None, depth=-4.0, draggable=False, fillColor=array([1, 1, 1]), fillColorSpace='rgb', fillRGB=array([1, 1, 1]), interpolate=True, lineColor=array([1., 1., 1.]), lineColorSpace='rgb', lineRGB=array([1, 1, 1]), lineWidth=1.0, name='playButton', opacity=1.0, ori=1.0, pos=array([0., 0.]), size=array([1., 1.]), units='height', vertices=ndarray(...), win=Window(...), windingRule=None)
29.3322 	EXP 	window1: mouseVisible = True
29.3332 	EXP 	Created text_Questions = TextStim(__class__=<class 'psychopy.visual.text.TextStim'>, alignHoriz=method-wrapper(...), alignText='center', alignVert=method-wrapper(...), anchorHoriz='center', anchorVert='center', antialias=True, autoDraw=False, autoLog=True, bold=False, color=array([1., 1., 1.]), colorSpace='rgb', contrast=1.0, depth=0.0, draggable=False, flipHoriz=False, flipVert=False, font='Open Sans', fontFiles=[], height=0.09, italic=False, languageStyle='LTR', name='text_Questions', opacity=1.0, ori=0.0, pos=array([0.  , 0.75]), rgb=UNKNOWN, text='', units='norm', win=Window(...), wrapWidth=1)
29.3332 	EXP 	window1: mouseVisible = True
29.3342 	EXP 	Created text_Option_1 = TextStim(__class__=<class 'psychopy.visual.text.TextStim'>, alignHoriz=method-wrapper(...), alignText='center', alignVert=method-wrapper(...), anchorHoriz='center', anchorVert='center', antialias=True, autoDraw=False, autoLog=True, bold=False, color=array([1., 1., 1.]), colorSpace='rgb', contrast=1.0, depth=-1.0, draggable=False, flipHoriz=False, flipVert=False, font='Open Sans', fontFiles=[], height=0.07, italic=False, languageStyle='LTR', name='text_Option_1', opacity=1.0, ori=0.0, pos=array([0. , 0.3]), rgb=UNKNOWN, text='', units='norm', win=Window(...), wrapWidth=1)
29.3342 	EXP 	window1: mouseVisible = True
29.3348 	EXP 	Created text_Option_2 = TextStim(__class__=<class 'psychopy.visual.text.TextStim'>, alignHoriz=method-wrapper(...), alignText='center', alignVert=method-wrapper(...), anchorHoriz='center', anchorVert='center', antialias=True, autoDraw=False, autoLog=True, bold=False, color=array([1., 1., 1.]), colorSpace='rgb', contrast=1.0, depth=-2.0, draggable=False, flipHoriz=False, flipVert=False, font='Open Sans', fontFiles=[], height=0.07, italic=False, languageStyle='LTR', name='text_Option_2', opacity=1.0, ori=0.0, pos=array([0., 0.]), rgb=UNKNOWN, text='', units='norm', win=Window(...), wrapWidth=1)
29.3349 	EXP 	window1: mouseVisible = True
29.3354 	EXP 	Created text_Option_3 = TextStim(__class__=<class 'psychopy.visual.text.TextStim'>, alignHoriz=method-wrapper(...), alignText='center', alignVert=method-wrapper(...), anchorHoriz='center', anchorVert='center', antialias=True, autoDraw=False, autoLog=True, bold=False, color=array([1., 1., 1.]), colorSpace='rgb', contrast=1.0, depth=-3.0, draggable=False, flipHoriz=False, flipVert=False, font='Open Sans', fontFiles=[], height=0.07, italic=False, languageStyle='LTR', name='text_Option_3', opacity=1.0, ori=0.0, pos=array([ 0. , -0.3]), rgb=UNKNOWN, text='', units='norm', win=Window(...), wrapWidth=1)
29.3355 	EXP 	window1: mouseVisible = True
29.3361 	EXP 	Created text_Option_4 = TextStim(__class__=<class 'psychopy.visual.text.TextStim'>, alignHoriz=method-wrapper(...), alignText='center', alignVert=method-wrapper(...), anchorHoriz='center', anchorVert='center', antialias=True, autoDraw=False, autoLog=True, bold=False, color=array([1., 1., 1.]), colorSpace='rgb', contrast=1.0, depth=-4.0, draggable=False, flipHoriz=False, flipVert=False, font='Open Sans', fontFiles=[], height=0.07, italic=False, languageStyle='LTR', name='text_Option_4', opacity=1.0, ori=0.0, pos=array([ 0. , -0.6]), rgb=UNKNOWN, text='', units='norm', win=Window(...), wrapWidth=1)
29.3361 	EXP 	window1: mouseVisible = True
29.3373 	EXP 	Created polygon = ShapeStim(__class__=<class 'psychopy.visual.shape.ShapeStim'>, anchor=('center', 'center'), autoDraw=False, autoLog=True, closeShape=True, color=method-wrapper(...), colorSpace='rgb', contrast=None, depth=0.0, draggable=False, fillColor=array([1, 1, 1]), fillColorSpace='rgb', fillRGB=array([1, 1, 1]), interpolate=True, lineColor=array([1., 1., 1.]), lineColorSpace='rgb', lineRGB=array([1, 1, 1]), lineWidth=0.01, name='polygon', opacity=1.0, ori=1.0, pos=array([0., 0.]), size=array([1., 1.]), units='height', vertices=ndarray(...), win=Window(...), windingRule=None)
29.3374 	EXP 	window1: mouseVisible = True
29.3422 	EXP 	Created text_3 = TextStim(__class__=<class 'psychopy.visual.text.TextStim'>, alignHoriz=method-wrapper(...), alignText='center', alignVert=method-wrapper(...), anchorHoriz='center', anchorVert='center', antialias=True, autoDraw=False, autoLog=True, bold=False, color=array([1., 1., 1.]), colorSpace='rgb', contrast=1.0, depth=0.0, draggable=False, flipHoriz=False, flipVert=False, font='Open Sans', fontFiles=[], height=0.05, italic=False, languageStyle='LTR', name='text_3', opacity=1.0, ori=0.0, pos=array([0., 0.]), rgb=UNKNOWN, text=str(...), units='height', win=Window(...), wrapWidth=1)
29.3423 	EXP 	window1: mouseVisible = True
29.3456 	EXP 	Created text_4 = TextStim(__class__=<class 'psychopy.visual.text.TextStim'>, alignHoriz=method-wrapper(...), alignText='center', alignVert=method-wrapper(...), anchorHoriz='center', anchorVert='center', antialias=True, autoDraw=False, autoLog=True, bold=False, color=array([1., 1., 1.]), colorSpace='rgb', contrast=1.0, depth=0.0, draggable=False, flipHoriz=False, flipVert=False, font='Open Sans', fontFiles=[], height=0.05, italic=False, languageStyle='LTR', name='text_4', opacity=1.0, ori=0.0, pos=array([0., 0.]), rgb=UNKNOWN, text='Next, press Space to continue', units='height', win=Window(...), wrapWidth=1)
29.3457 	EXP 	window1: mouseVisible = True
29.3520 	EXP 	Created text = TextStim(__class__=<class 'psychopy.visual.text.TextStim'>, alignHoriz=method-wrapper(...), alignText='center', alignVert=method-wrapper(...), anchorHoriz='center', anchorVert='center', antialias=True, autoDraw=False, autoLog=True, bold=False, color=array([1., 1., 1.]), colorSpace='rgb', contrast=1.0, depth=0.0, draggable=False, flipHoriz=False, flipVert=False, font='Open Sans', fontFiles=[], height=0.05, italic=False, languageStyle='LTR', name='text', opacity=1.0, ori=0.0, pos=array([0., 0.]), rgb=UNKNOWN, text=str(...), units='height', win=Window(...), wrapWidth=1)
0.0462 	EXP 	LectureVideo: autoLog = True
0.0531 	EXP 	textWelcome: autoDraw = True
4.1390 	DATA 	Keypress: space
4.1535 	EXP 	textWelcome: autoDraw = False
4.1535 	EXP 	text_3: autoDraw = True
247.1764 	EXP 	text_3: autoDraw = False
247.1764 	EXP 	text_4: autoDraw = True
250.4895 	EXP 	Created sequence: sequential, trialTypes=1, nReps=3, seed=None
250.4896 	EXP 	New trial (rep=0, index=0): None
250.4898 	EXP 	window1: mouseVisible = True
250.9865 	DATA 	Keypress: space
250.9960 	EXP 	text_4: autoDraw = False
250.9960 	EXP 	LectureVideo: autoLog = True
250.9960 	EXP 	playButton: ori = 90.0
250.9960 	EXP 	LectureVideo: autoDraw = True
250.9960 	EXP 	playButton: autoDraw = True
1203.7839 	EXP 	Imported C:/Users/TheLivingLab_Attend/Desktop/muse-lsl-cu-main/Modified_Method_questions.xlsx as conditions, 25 conditions, 5 params
1203.7842 	EXP 	Created sequence: sequential, trialTypes=25, nReps=1, seed=None
1203.7844 	EXP 	New trial (rep=0, index=0): {'selfReportQuestion': 'How can we think about a mind according to Marr?', 'Option1': '1. a set of computations that extract representations', 'Option2': '2. representations of percepts/actions', 'Option3': '3. a set of codes that allow us to write the minds contents', 'Option4': '4. an abstract and amorphous cloud'}
1203.8153 	EXP 	LectureVideo: autoDraw = False
1203.8153 	EXP 	LectureVideo: autoDraw = False
1203.8153 	EXP 	playButton: autoDraw = False
1203.8153 	EXP 	text_Questions: height = 0.09
1203.8153 	EXP 	text_Questions: height = 0.09
1203.8153 	EXP 	text_Questions: height = 0.09
1203.8153 	EXP 	text_Questions: text = 'How can we think about a mind according to Marr?'
1203.8153 	EXP 	text_Option_1: height = 0.07
1203.8153 	EXP 	text_Option_1: height = 0.07
1203.8153 	EXP 	text_Option_1: height = 0.07
1203.8153 	EXP 	text_Option_1: text = '1. a set of computations that extract representations'
1203.8153 	EXP 	text_Option_2: height = 0.07
1203.8153 	EXP 	text_Option_2: height = 0.07
1203.8153 	EXP 	text_Option_2: height = 0.07
1203.8153 	EXP 	text_Option_2: text = '2. representations of percepts/actions'
1203.8153 	EXP 	text_Option_3: height = 0.07
1203.8153 	EXP 	text_Option_3: height = 0.07
1203.8153 	EXP 	text_Option_3: height = 0.07
1203.8153 	EXP 	text_Option_3: text = '3. a set of codes that allow us to write the minds contents'
1203.8153 	EXP 	text_Option_4: height = 0.07
1203.8153 	EXP 	text_Option_4: height = 0.07
1203.8153 	EXP 	text_Option_4: height = 0.07
1203.8153 	EXP 	text_Option_4: text = '4. an abstract and amorphous cloud'
1203.8153 	EXP 	text_Questions: autoDraw = True
1203.8153 	EXP 	text_Option_1: autoDraw = True
1203.8153 	EXP 	text_Option_2: autoDraw = True
1203.8153 	EXP 	text_Option_3: autoDraw = True
1203.8153 	EXP 	text_Option_4: autoDraw = True
1228.7145 	EXP 	text_Questions: autoDraw = False
1228.7145 	EXP 	text_Option_1: autoDraw = False
1228.7145 	EXP 	text_Option_2: autoDraw = False
1228.7145 	EXP 	text_Option_3: autoDraw = False
1228.7145 	EXP 	text_Option_4: autoDraw = False
1228.7145 	EXP 	polygon: ori = 0.0
1228.7145 	EXP 	polygon: autoDraw = True
1230.1983 	EXP 	New trial (rep=0, index=1): {'selfReportQuestion': 'If we really understood the mind, according to Marr, we would be able to...', 'Option1': '1. write the code that carries out the same computations and extracts the same representations', 'Option2': '2. see color the way a zebra finch does', 'Option3': '3. identify the object or animal from point lights', 'Option4': '4. think about what is computed and why'}
1230.2237 	EXP 	polygon: autoDraw = False
1230.2237 	EXP 	polygon: autoDraw = False
1230.2237 	EXP 	text_Questions: height = 0.09
1230.2237 	EXP 	text_Questions: height = 0.09
1230.2237 	EXP 	text_Questions: height = 0.09
1230.2237 	EXP 	text_Questions: text = 'If we really understood the mind, according to Marr, we would be able to...'
1230.2237 	EXP 	text_Option_1: height = 0.07
1230.2237 	EXP 	text_Option_1: height = 0.07
1230.2237 	EXP 	text_Option_1: height = 0.07
1230.2237 	EXP 	text_Option_1: text = '1. write the code that carries out the same computations and extracts the same representations'
1230.2237 	EXP 	text_Option_2: height = 0.07
1230.2237 	EXP 	text_Option_2: height = 0.07
1230.2237 	EXP 	text_Option_2: height = 0.07
1230.2237 	EXP 	text_Option_2: text = '2. see color the way a zebra finch does'
1230.2237 	EXP 	text_Option_3: height = 0.07
1230.2237 	EXP 	text_Option_3: height = 0.07
1230.2237 	EXP 	text_Option_3: height = 0.07
1230.2237 	EXP 	text_Option_3: text = '3. identify the object or animal from point lights'
1230.2237 	EXP 	text_Option_4: height = 0.07
1230.2237 	EXP 	text_Option_4: height = 0.07
1230.2237 	EXP 	text_Option_4: height = 0.07
1230.2237 	EXP 	text_Option_4: text = '4. think about what is computed and why'
1230.2237 	EXP 	text_Questions: autoDraw = True
1230.2237 	EXP 	text_Option_1: autoDraw = True
1230.2237 	EXP 	text_Option_2: autoDraw = True
1230.2237 	EXP 	text_Option_3: autoDraw = True
1230.2237 	EXP 	text_Option_4: autoDraw = True
1240.9141 	EXP 	text_Questions: autoDraw = False
1240.9141 	EXP 	text_Option_1: autoDraw = False
1240.9141 	EXP 	text_Option_2: autoDraw = False
1240.9141 	EXP 	text_Option_3: autoDraw = False
1240.9141 	EXP 	text_Option_4: autoDraw = False
1240.9141 	EXP 	polygon: ori = 0.0
1240.9141 	EXP 	polygon: autoDraw = True
1242.3976 	EXP 	New trial (rep=0, index=2): {'selfReportQuestion': 'On a scale from 1 (not at all) to 4 (a lot), how challenging did you find the content referenced in the previous two questions?', 'Option1': 1.0, 'Option2': 2.0, 'Option3': 3.0, 'Option4': 4.0}
1242.4181 	EXP 	polygon: autoDraw = False
1242.4181 	EXP 	polygon: autoDraw = False
1242.4181 	EXP 	text_Questions: height = 0.09
1242.4181 	EXP 	text_Questions: height = 0.09
1242.4181 	EXP 	text_Questions: height = 0.09
1242.4181 	EXP 	text_Questions: text = 'On a scale from 1 (not at all) to 4 (a lot), how challenging did you find the content referenced in the previous two questions?'
1242.4181 	EXP 	text_Option_1: height = 0.07
1242.4181 	EXP 	text_Option_1: height = 0.07
1242.4181 	EXP 	text_Option_1: height = 0.07
1242.4181 	EXP 	text_Option_1: text = 1.0
1242.4181 	EXP 	text_Option_2: height = 0.07
1242.4181 	EXP 	text_Option_2: height = 0.07
1242.4181 	EXP 	text_Option_2: height = 0.07
1242.4181 	EXP 	text_Option_2: text = 2.0
1242.4181 	EXP 	text_Option_3: height = 0.07
1242.4181 	EXP 	text_Option_3: height = 0.07
1242.4181 	EXP 	text_Option_3: height = 0.07
1242.4181 	EXP 	text_Option_3: text = 3.0
1242.4181 	EXP 	text_Option_4: height = 0.07
1242.4181 	EXP 	text_Option_4: height = 0.07
1242.4181 	EXP 	text_Option_4: height = 0.07
1242.4181 	EXP 	text_Option_4: text = 4.0
1242.4181 	EXP 	text_Questions: autoDraw = True
1242.4181 	EXP 	text_Option_1: autoDraw = True
1242.4181 	EXP 	text_Option_2: autoDraw = True
1242.4181 	EXP 	text_Option_3: autoDraw = True
1242.4181 	EXP 	text_Option_4: autoDraw = True
1258.5466 	EXP 	text_Questions: autoDraw = False
1258.5466 	EXP 	text_Option_1: autoDraw = False
1258.5466 	EXP 	text_Option_2: autoDraw = False
1258.5466 	EXP 	text_Option_3: autoDraw = False
1258.5466 	EXP 	text_Option_4: autoDraw = False
1258.5466 	EXP 	polygon: ori = 0.0
1258.5466 	EXP 	polygon: autoDraw = True
1260.0299 	EXP 	New trial (rep=0, index=3): {'selfReportQuestion': 'On a scale from 1 (not at all) to 4 (a lot), how would you rate your engagement referenced in the previous two questions?', 'Option1': 1.0, 'Option2': 2.0, 'Option3': 3.0, 'Option4': 4.0}
1260.0458 	EXP 	polygon: autoDraw = False
1260.0458 	EXP 	polygon: autoDraw = False
1260.0458 	EXP 	text_Questions: height = 0.09
1260.0458 	EXP 	text_Questions: height = 0.09
1260.0458 	EXP 	text_Questions: height = 0.09
1260.0458 	EXP 	text_Questions: text = 'On a scale from 1 (not at all) to 4 (a lot), how would you rate your engagement referenced in the previous two questions?'
1260.0458 	EXP 	text_Option_1: height = 0.07
1260.0458 	EXP 	text_Option_1: height = 0.07
1260.0458 	EXP 	text_Option_1: height = 0.07
1260.0458 	EXP 	text_Option_1: text = 1.0
1260.0458 	EXP 	text_Option_2: height = 0.07
1260.0458 	EXP 	text_Option_2: height = 0.07
1260.0458 	EXP 	text_Option_2: height = 0.07
1260.0458 	EXP 	text_Option_2: text = 2.0
1260.0458 	EXP 	text_Option_3: height = 0.07
1260.0458 	EXP 	text_Option_3: height = 0.07
1260.0458 	EXP 	text_Option_3: height = 0.07
1260.0458 	EXP 	text_Option_3: text = 3.0
1260.0458 	EXP 	text_Option_4: height = 0.07
1260.0458 	EXP 	text_Option_4: height = 0.07
1260.0458 	EXP 	text_Option_4: height = 0.07
1260.0458 	EXP 	text_Option_4: text = 4.0
1260.0458 	EXP 	text_Questions: autoDraw = True
1260.0458 	EXP 	text_Option_1: autoDraw = True
1260.0458 	EXP 	text_Option_2: autoDraw = True
1260.0458 	EXP 	text_Option_3: autoDraw = True
1260.0458 	EXP 	text_Option_4: autoDraw = True
1271.4123 	EXP 	text_Questions: autoDraw = False
1271.4123 	EXP 	text_Option_1: autoDraw = False
1271.4123 	EXP 	text_Option_2: autoDraw = False
1271.4123 	EXP 	text_Option_3: autoDraw = False
1271.4123 	EXP 	text_Option_4: autoDraw = False
1271.4123 	EXP 	polygon: ori = 0.0
1271.4123 	EXP 	polygon: autoDraw = True
1272.8963 	EXP 	New trial (rep=0, index=4): {'selfReportQuestion': "Did you answer the previous two questions using previous knowledge? Yes (press 1), No (press 2), I don't know (press 3)?", 'Option1': 1.0, 'Option2': 2.0, 'Option3': 3.0, 'Option4': '4. Do not press this option'}
1272.9171 	EXP 	polygon: autoDraw = False
1272.9171 	EXP 	polygon: autoDraw = False
1272.9171 	EXP 	text_Questions: height = 0.09
1272.9171 	EXP 	text_Questions: height = 0.09
1272.9171 	EXP 	text_Questions: height = 0.09
1272.9171 	EXP 	text_Questions: text = "Did you answer the previous two questions using previous knowledge? Yes (press 1), No (press 2), I don't know (press 3)?"
1272.9171 	EXP 	text_Option_1: height = 0.07
1272.9171 	EXP 	text_Option_1: height = 0.07
1272.9171 	EXP 	text_Option_1: height = 0.07
1272.9171 	EXP 	text_Option_1: text = 1.0
1272.9171 	EXP 	text_Option_2: height = 0.07
1272.9171 	EXP 	text_Option_2: height = 0.07
1272.9171 	EXP 	text_Option_2: height = 0.07
1272.9171 	EXP 	text_Option_2: text = 2.0
1272.9171 	EXP 	text_Option_3: height = 0.07
1272.9171 	EXP 	text_Option_3: height = 0.07
1272.9171 	EXP 	text_Option_3: height = 0.07
1272.9171 	EXP 	text_Option_3: text = 3.0
1272.9171 	EXP 	text_Option_4: height = 0.07
1272.9171 	EXP 	text_Option_4: height = 0.07
1272.9171 	EXP 	text_Option_4: height = 0.07
1272.9171 	EXP 	text_Option_4: text = '4. Do not press this option'
1272.9171 	EXP 	text_Questions: autoDraw = True
1272.9171 	EXP 	text_Option_1: autoDraw = True
1272.9171 	EXP 	text_Option_2: autoDraw = True
1272.9171 	EXP 	text_Option_3: autoDraw = True
1272.9171 	EXP 	text_Option_4: autoDraw = True
1282.4282 	EXP 	text_Questions: autoDraw = False
1282.4282 	EXP 	text_Option_1: autoDraw = False
1282.4282 	EXP 	text_Option_2: autoDraw = False
1282.4282 	EXP 	text_Option_3: autoDraw = False
1282.4282 	EXP 	text_Option_4: autoDraw = False
1282.4282 	EXP 	polygon: ori = 0.0
1282.4282 	EXP 	polygon: autoDraw = True
1283.9120 	EXP 	New trial (rep=0, index=5): {'selfReportQuestion': 'To understand how the brain gives rise to the mind in response to human motion, we need to...', 'Option1': '1. know the inputs, the outputs, and the computational challenges from getting one from the other', 'Option2': '2. a set of computations that extract representations', 'Option3': '3. know whether the motion is from left to right or right to left', 'Option4': '4. know the emotions and mood of person observing that motion'}
1283.9351 	EXP 	polygon: autoDraw = False
1283.9351 	EXP 	polygon: autoDraw = False
1283.9351 	EXP 	text_Questions: height = 0.09
1283.9351 	EXP 	text_Questions: height = 0.09
1283.9351 	EXP 	text_Questions: height = 0.09
1283.9351 	EXP 	text_Questions: text = 'To understand how the brain gives rise to the mind in response to human motion, we need to...'
1283.9351 	EXP 	text_Option_1: height = 0.07
1283.9351 	EXP 	text_Option_1: height = 0.07
1283.9351 	EXP 	text_Option_1: height = 0.07
1283.9351 	EXP 	text_Option_1: text = '1. know the inputs, the outputs, and the computational challenges from getting one from the other'
1283.9351 	EXP 	text_Option_2: height = 0.07
1283.9351 	EXP 	text_Option_2: height = 0.07
1283.9351 	EXP 	text_Option_2: height = 0.07
1283.9351 	EXP 	text_Option_2: text = '2. a set of computations that extract representations'
1283.9351 	EXP 	text_Option_3: height = 0.07
1283.9351 	EXP 	text_Option_3: height = 0.07
1283.9351 	EXP 	text_Option_3: height = 0.07
1283.9351 	EXP 	text_Option_3: text = '3. know whether the motion is from left to right or right to left'
1283.9351 	EXP 	text_Option_4: height = 0.07
1283.9351 	EXP 	text_Option_4: height = 0.07
1283.9351 	EXP 	text_Option_4: height = 0.07
1283.9351 	EXP 	text_Option_4: text = '4. know the emotions and mood of person observing that motion'
1283.9351 	EXP 	text_Questions: autoDraw = True
1283.9351 	EXP 	text_Option_1: autoDraw = True
1283.9351 	EXP 	text_Option_2: autoDraw = True
1283.9351 	EXP 	text_Option_3: autoDraw = True
1283.9351 	EXP 	text_Option_4: autoDraw = True
1308.4766 	EXP 	text_Questions: autoDraw = False
1308.4766 	EXP 	text_Option_1: autoDraw = False
1308.4766 	EXP 	text_Option_2: autoDraw = False
1308.4766 	EXP 	text_Option_3: autoDraw = False
1308.4766 	EXP 	text_Option_4: autoDraw = False
1308.4766 	EXP 	polygon: ori = 0.0
1308.4766 	EXP 	polygon: autoDraw = True
1309.9605 	EXP 	New trial (rep=0, index=6): {'selfReportQuestion': 'A key insight by Marr suggests that understanding how humans experience the taste of foods requires understanding how', 'Option1': '1. salt and sugar interact with one another chemically', 'Option2': '2. neurons send signals from the tongue to the thalamus', 'Option3': '3. tongue muscles move in response to jaw movements', 'Option4': '4. where the tongue receives signals from in the brain'}
1309.9829 	EXP 	polygon: autoDraw = False
1309.9829 	EXP 	polygon: autoDraw = False
1309.9829 	EXP 	text_Questions: height = 0.09
1309.9829 	EXP 	text_Questions: height = 0.09
1309.9829 	EXP 	text_Questions: height = 0.09
1309.9829 	EXP 	text_Questions: text = 'A key insight by Marr suggests that understanding how humans experience the taste of foods requires understanding how'
1309.9829 	EXP 	text_Option_1: height = 0.07
1309.9829 	EXP 	text_Option_1: height = 0.07
1309.9829 	EXP 	text_Option_1: height = 0.07
1309.9829 	EXP 	text_Option_1: text = '1. salt and sugar interact with one another chemically'
1309.9829 	EXP 	text_Option_2: height = 0.07
1309.9829 	EXP 	text_Option_2: height = 0.07
1309.9829 	EXP 	text_Option_2: height = 0.07
1309.9829 	EXP 	text_Option_2: text = '2. neurons send signals from the tongue to the thalamus'
1309.9829 	EXP 	text_Option_3: height = 0.07
1309.9829 	EXP 	text_Option_3: height = 0.07
1309.9829 	EXP 	text_Option_3: height = 0.07
1309.9829 	EXP 	text_Option_3: text = '3. tongue muscles move in response to jaw movements'
1309.9829 	EXP 	text_Option_4: height = 0.07
1309.9829 	EXP 	text_Option_4: height = 0.07
1309.9829 	EXP 	text_Option_4: height = 0.07
1309.9829 	EXP 	text_Option_4: text = '4. where the tongue receives signals from in the brain'
1309.9829 	EXP 	text_Questions: autoDraw = True
1309.9829 	EXP 	text_Option_1: autoDraw = True
1309.9829 	EXP 	text_Option_2: autoDraw = True
1309.9829 	EXP 	text_Option_3: autoDraw = True
1309.9829 	EXP 	text_Option_4: autoDraw = True
1339.9749 	EXP 	text_Questions: autoDraw = False
1339.9749 	EXP 	text_Option_1: autoDraw = False
1339.9749 	EXP 	text_Option_2: autoDraw = False
1339.9749 	EXP 	text_Option_3: autoDraw = False
1339.9749 	EXP 	text_Option_4: autoDraw = False
1339.9749 	EXP 	polygon: ori = 0.0
1339.9749 	EXP 	polygon: autoDraw = True
1341.4586 	EXP 	New trial (rep=0, index=7): {'selfReportQuestion': 'On a scale from 1 (not at all) to 4 (a lot), how challenging did you find the content referenced in the previous two questions?', 'Option1': 1.0, 'Option2': 2.0, 'Option3': 3.0, 'Option4': 4.0}
1341.4750 	EXP 	polygon: autoDraw = False
1341.4750 	EXP 	polygon: autoDraw = False
1341.4750 	EXP 	text_Questions: height = 0.09
1341.4750 	EXP 	text_Questions: height = 0.09
1341.4750 	EXP 	text_Questions: height = 0.09
1341.4750 	EXP 	text_Questions: text = 'On a scale from 1 (not at all) to 4 (a lot), how challenging did you find the content referenced in the previous two questions?'
1341.4750 	EXP 	text_Option_1: height = 0.07
1341.4750 	EXP 	text_Option_1: height = 0.07
1341.4750 	EXP 	text_Option_1: height = 0.07
1341.4750 	EXP 	text_Option_1: text = 1.0
1341.4750 	EXP 	text_Option_2: height = 0.07
1341.4750 	EXP 	text_Option_2: height = 0.07
1341.4750 	EXP 	text_Option_2: height = 0.07
1341.4750 	EXP 	text_Option_2: text = 2.0
1341.4750 	EXP 	text_Option_3: height = 0.07
1341.4750 	EXP 	text_Option_3: height = 0.07
1341.4750 	EXP 	text_Option_3: height = 0.07
1341.4750 	EXP 	text_Option_3: text = 3.0
1341.4750 	EXP 	text_Option_4: height = 0.07
1341.4750 	EXP 	text_Option_4: height = 0.07
1341.4750 	EXP 	text_Option_4: height = 0.07
1341.4750 	EXP 	text_Option_4: text = 4.0
1341.4750 	EXP 	text_Questions: autoDraw = True
1341.4750 	EXP 	text_Option_1: autoDraw = True
1341.4750 	EXP 	text_Option_2: autoDraw = True
1341.4750 	EXP 	text_Option_3: autoDraw = True
1341.4750 	EXP 	text_Option_4: autoDraw = True
1346.4412 	EXP 	text_Questions: autoDraw = False
1346.4412 	EXP 	text_Option_1: autoDraw = False
1346.4412 	EXP 	text_Option_2: autoDraw = False
1346.4412 	EXP 	text_Option_3: autoDraw = False
1346.4412 	EXP 	text_Option_4: autoDraw = False
1346.4412 	EXP 	polygon: ori = 0.0
1346.4412 	EXP 	polygon: autoDraw = True
1347.9251 	EXP 	New trial (rep=0, index=8): {'selfReportQuestion': 'On a scale from 1 (not at all) to 4 (a lot), how would you rate your engagement referenced in the previous two questions?', 'Option1': 1.0, 'Option2': 2.0, 'Option3': 3.0, 'Option4': 4.0}
1347.9408 	EXP 	polygon: autoDraw = False
1347.9408 	EXP 	polygon: autoDraw = False
1347.9408 	EXP 	text_Questions: height = 0.09
1347.9408 	EXP 	text_Questions: height = 0.09
1347.9408 	EXP 	text_Questions: height = 0.09
1347.9408 	EXP 	text_Questions: text = 'On a scale from 1 (not at all) to 4 (a lot), how would you rate your engagement referenced in the previous two questions?'
1347.9408 	EXP 	text_Option_1: height = 0.07
1347.9408 	EXP 	text_Option_1: height = 0.07
1347.9408 	EXP 	text_Option_1: height = 0.07
1347.9408 	EXP 	text_Option_1: text = 1.0
1347.9408 	EXP 	text_Option_2: height = 0.07
1347.9408 	EXP 	text_Option_2: height = 0.07
1347.9408 	EXP 	text_Option_2: height = 0.07
1347.9408 	EXP 	text_Option_2: text = 2.0
1347.9408 	EXP 	text_Option_3: height = 0.07
1347.9408 	EXP 	text_Option_3: height = 0.07
1347.9408 	EXP 	text_Option_3: height = 0.07
1347.9408 	EXP 	text_Option_3: text = 3.0
1347.9408 	EXP 	text_Option_4: height = 0.07
1347.9408 	EXP 	text_Option_4: height = 0.07
1347.9408 	EXP 	text_Option_4: height = 0.07
1347.9408 	EXP 	text_Option_4: text = 4.0
1347.9408 	EXP 	text_Questions: autoDraw = True
1347.9408 	EXP 	text_Option_1: autoDraw = True
1347.9408 	EXP 	text_Option_2: autoDraw = True
1347.9408 	EXP 	text_Option_3: autoDraw = True
1347.9408 	EXP 	text_Option_4: autoDraw = True
1356.0241 	EXP 	text_Questions: autoDraw = False
1356.0241 	EXP 	text_Option_1: autoDraw = False
1356.0241 	EXP 	text_Option_2: autoDraw = False
1356.0241 	EXP 	text_Option_3: autoDraw = False
1356.0241 	EXP 	text_Option_4: autoDraw = False
1356.0241 	EXP 	polygon: ori = 0.0
1356.0241 	EXP 	polygon: autoDraw = True
1357.5077 	EXP 	New trial (rep=0, index=9): {'selfReportQuestion': "Did you answer the previous two questions using previous knowledge? Yes (press 1), No (press 2), I don't know (press 3)?", 'Option1': 1.0, 'Option2': 2.0, 'Option3': 3.0, 'Option4': '4. Do not press this option'}
1357.5262 	EXP 	polygon: autoDraw = False
1357.5262 	EXP 	polygon: autoDraw = False
1357.5262 	EXP 	text_Questions: height = 0.09
1357.5262 	EXP 	text_Questions: height = 0.09
1357.5262 	EXP 	text_Questions: height = 0.09
1357.5262 	EXP 	text_Questions: text = "Did you answer the previous two questions using previous knowledge? Yes (press 1), No (press 2), I don't know (press 3)?"
1357.5262 	EXP 	text_Option_1: height = 0.07
1357.5262 	EXP 	text_Option_1: height = 0.07
1357.5262 	EXP 	text_Option_1: height = 0.07
1357.5262 	EXP 	text_Option_1: text = 1.0
1357.5262 	EXP 	text_Option_2: height = 0.07
1357.5262 	EXP 	text_Option_2: height = 0.07
1357.5262 	EXP 	text_Option_2: height = 0.07
1357.5262 	EXP 	text_Option_2: text = 2.0
1357.5262 	EXP 	text_Option_3: height = 0.07
1357.5262 	EXP 	text_Option_3: height = 0.07
1357.5262 	EXP 	text_Option_3: height = 0.07
1357.5262 	EXP 	text_Option_3: text = 3.0
1357.5262 	EXP 	text_Option_4: height = 0.07
1357.5262 	EXP 	text_Option_4: height = 0.07
1357.5262 	EXP 	text_Option_4: height = 0.07
1357.5262 	EXP 	text_Option_4: text = '4. Do not press this option'
1357.5262 	EXP 	text_Questions: autoDraw = True
1357.5262 	EXP 	text_Option_1: autoDraw = True
1357.5262 	EXP 	text_Option_2: autoDraw = True
1357.5262 	EXP 	text_Option_3: autoDraw = True
1357.5262 	EXP 	text_Option_4: autoDraw = True
1362.4735 	EXP 	text_Questions: autoDraw = False
1362.4735 	EXP 	text_Option_1: autoDraw = False
1362.4735 	EXP 	text_Option_2: autoDraw = False
1362.4735 	EXP 	text_Option_3: autoDraw = False
1362.4735 	EXP 	text_Option_4: autoDraw = False
1362.4735 	EXP 	polygon: ori = 0.0
1362.4735 	EXP 	polygon: autoDraw = True
1363.9577 	EXP 	New trial (rep=0, index=10): {'selfReportQuestion': 'Macaques with 3 cone photoreceptors....', 'Option1': '1. find food faster', 'Option2': '2. can count more berries in the photo', 'Option3': '3. know better which banana to eat', 'Option4': '4. have better vision than humans'}
1363.9756 	EXP 	polygon: autoDraw = False
1363.9756 	EXP 	polygon: autoDraw = False
1363.9756 	EXP 	text_Questions: height = 0.09
1363.9756 	EXP 	text_Questions: height = 0.09
1363.9756 	EXP 	text_Questions: height = 0.09
1363.9756 	EXP 	text_Questions: text = 'Macaques with 3 cone photoreceptors....'
1363.9756 	EXP 	text_Option_1: height = 0.07
1363.9756 	EXP 	text_Option_1: height = 0.07
1363.9756 	EXP 	text_Option_1: height = 0.07
1363.9756 	EXP 	text_Option_1: text = '1. find food faster'
1363.9756 	EXP 	text_Option_2: height = 0.07
1363.9756 	EXP 	text_Option_2: height = 0.07
1363.9756 	EXP 	text_Option_2: height = 0.07
1363.9756 	EXP 	text_Option_2: text = '2. can count more berries in the photo'
1363.9756 	EXP 	text_Option_3: height = 0.07
1363.9756 	EXP 	text_Option_3: height = 0.07
1363.9756 	EXP 	text_Option_3: height = 0.07
1363.9756 	EXP 	text_Option_3: text = '3. know better which banana to eat'
1363.9756 	EXP 	text_Option_4: height = 0.07
1363.9756 	EXP 	text_Option_4: height = 0.07
1363.9756 	EXP 	text_Option_4: height = 0.07
1363.9756 	EXP 	text_Option_4: text = '4. have better vision than humans'
1363.9756 	EXP 	text_Questions: autoDraw = True
1363.9756 	EXP 	text_Option_1: autoDraw = True
1363.9756 	EXP 	text_Option_2: autoDraw = True
1363.9756 	EXP 	text_Option_3: autoDraw = True
1363.9756 	EXP 	text_Option_4: autoDraw = True
1381.1724 	EXP 	text_Questions: autoDraw = False
1381.1724 	EXP 	text_Option_1: autoDraw = False
1381.1724 	EXP 	text_Option_2: autoDraw = False
1381.1724 	EXP 	text_Option_3: autoDraw = False
1381.1724 	EXP 	text_Option_4: autoDraw = False
1381.1724 	EXP 	polygon: ori = 0.0
1381.1724 	EXP 	polygon: autoDraw = True
1382.6560 	EXP 	New trial (rep=0, index=11): {'selfReportQuestion': 'An example of a well-posed problem is:', 'Option1': '1. determining what image a given shape at a specific distance will make on a retina', 'Option2': '2. seeing a bunny', 'Option3': '3. learning a word', 'Option4': '4. perceiving a color'}
1382.6753 	EXP 	polygon: autoDraw = False
1382.6753 	EXP 	polygon: autoDraw = False
1382.6753 	EXP 	text_Questions: height = 0.09
1382.6753 	EXP 	text_Questions: height = 0.09
1382.6753 	EXP 	text_Questions: height = 0.09
1382.6753 	EXP 	text_Questions: text = 'An example of a well-posed problem is:'
1382.6753 	EXP 	text_Option_1: height = 0.07
1382.6753 	EXP 	text_Option_1: height = 0.07
1382.6753 	EXP 	text_Option_1: height = 0.07
1382.6753 	EXP 	text_Option_1: text = '1. determining what image a given shape at a specific distance will make on a retina'
1382.6753 	EXP 	text_Option_2: height = 0.07
1382.6753 	EXP 	text_Option_2: height = 0.07
1382.6753 	EXP 	text_Option_2: height = 0.07
1382.6753 	EXP 	text_Option_2: text = '2. seeing a bunny'
1382.6753 	EXP 	text_Option_3: height = 0.07
1382.6753 	EXP 	text_Option_3: height = 0.07
1382.6753 	EXP 	text_Option_3: height = 0.07
1382.6753 	EXP 	text_Option_3: text = '3. learning a word'
1382.6753 	EXP 	text_Option_4: height = 0.07
1382.6753 	EXP 	text_Option_4: height = 0.07
1382.6753 	EXP 	text_Option_4: height = 0.07
1382.6753 	EXP 	text_Option_4: text = '4. perceiving a color'
1382.6753 	EXP 	text_Questions: autoDraw = True
1382.6753 	EXP 	text_Option_1: autoDraw = True
1382.6753 	EXP 	text_Option_2: autoDraw = True
1382.6753 	EXP 	text_Option_3: autoDraw = True
1382.6753 	EXP 	text_Option_4: autoDraw = True
1401.0549 	EXP 	text_Questions: autoDraw = False
1401.0549 	EXP 	text_Option_1: autoDraw = False
1401.0549 	EXP 	text_Option_2: autoDraw = False
1401.0549 	EXP 	text_Option_3: autoDraw = False
1401.0549 	EXP 	text_Option_4: autoDraw = False
1401.0549 	EXP 	polygon: ori = 0.0
1401.0549 	EXP 	polygon: autoDraw = True
1402.5384 	EXP 	New trial (rep=0, index=12): {'selfReportQuestion': 'On a scale from 1 (not at all) to 4 (a lot), how challenging did you find the content referenced in the previous two questions?', 'Option1': 1.0, 'Option2': 2.0, 'Option3': 3.0, 'Option4': 4.0}
1402.5548 	EXP 	polygon: autoDraw = False
1402.5548 	EXP 	polygon: autoDraw = False
1402.5548 	EXP 	text_Questions: height = 0.09
1402.5548 	EXP 	text_Questions: height = 0.09
1402.5548 	EXP 	text_Questions: height = 0.09
1402.5548 	EXP 	text_Questions: text = 'On a scale from 1 (not at all) to 4 (a lot), how challenging did you find the content referenced in the previous two questions?'
1402.5548 	EXP 	text_Option_1: height = 0.07
1402.5548 	EXP 	text_Option_1: height = 0.07
1402.5548 	EXP 	text_Option_1: height = 0.07
1402.5548 	EXP 	text_Option_1: text = 1.0
1402.5548 	EXP 	text_Option_2: height = 0.07
1402.5548 	EXP 	text_Option_2: height = 0.07
1402.5548 	EXP 	text_Option_2: height = 0.07
1402.5548 	EXP 	text_Option_2: text = 2.0
1402.5548 	EXP 	text_Option_3: height = 0.07
1402.5548 	EXP 	text_Option_3: height = 0.07
1402.5548 	EXP 	text_Option_3: height = 0.07
1402.5548 	EXP 	text_Option_3: text = 3.0
1402.5548 	EXP 	text_Option_4: height = 0.07
1402.5548 	EXP 	text_Option_4: height = 0.07
1402.5548 	EXP 	text_Option_4: height = 0.07
1402.5548 	EXP 	text_Option_4: text = 4.0
1402.5548 	EXP 	text_Questions: autoDraw = True
1402.5548 	EXP 	text_Option_1: autoDraw = True
1402.5548 	EXP 	text_Option_2: autoDraw = True
1402.5548 	EXP 	text_Option_3: autoDraw = True
1402.5548 	EXP 	text_Option_4: autoDraw = True
1407.6211 	EXP 	text_Questions: autoDraw = False
1407.6211 	EXP 	text_Option_1: autoDraw = False
1407.6211 	EXP 	text_Option_2: autoDraw = False
1407.6211 	EXP 	text_Option_3: autoDraw = False
1407.6211 	EXP 	text_Option_4: autoDraw = False
1407.6211 	EXP 	polygon: ori = 0.0
1407.6211 	EXP 	polygon: autoDraw = True
1409.1044 	EXP 	New trial (rep=0, index=13): {'selfReportQuestion': 'On a scale from 1 (not at all) to 4 (a lot), how would you rate your engagement referenced in the previous two questions?', 'Option1': 1.0, 'Option2': 2.0, 'Option3': 3.0, 'Option4': 4.0}
1409.1204 	EXP 	polygon: autoDraw = False
1409.1204 	EXP 	polygon: autoDraw = False
1409.1204 	EXP 	text_Questions: height = 0.09
1409.1204 	EXP 	text_Questions: height = 0.09
1409.1204 	EXP 	text_Questions: height = 0.09
1409.1204 	EXP 	text_Questions: text = 'On a scale from 1 (not at all) to 4 (a lot), how would you rate your engagement referenced in the previous two questions?'
1409.1204 	EXP 	text_Option_1: height = 0.07
1409.1204 	EXP 	text_Option_1: height = 0.07
1409.1204 	EXP 	text_Option_1: height = 0.07
1409.1204 	EXP 	text_Option_1: text = 1.0
1409.1204 	EXP 	text_Option_2: height = 0.07
1409.1204 	EXP 	text_Option_2: height = 0.07
1409.1204 	EXP 	text_Option_2: height = 0.07
1409.1204 	EXP 	text_Option_2: text = 2.0
1409.1204 	EXP 	text_Option_3: height = 0.07
1409.1204 	EXP 	text_Option_3: height = 0.07
1409.1204 	EXP 	text_Option_3: height = 0.07
1409.1204 	EXP 	text_Option_3: text = 3.0
1409.1204 	EXP 	text_Option_4: height = 0.07
1409.1204 	EXP 	text_Option_4: height = 0.07
1409.1204 	EXP 	text_Option_4: height = 0.07
1409.1204 	EXP 	text_Option_4: text = 4.0
1409.1204 	EXP 	text_Questions: autoDraw = True
1409.1204 	EXP 	text_Option_1: autoDraw = True
1409.1204 	EXP 	text_Option_2: autoDraw = True
1409.1204 	EXP 	text_Option_3: autoDraw = True
1409.1204 	EXP 	text_Option_4: autoDraw = True
1415.5706 	EXP 	text_Questions: autoDraw = False
1415.5706 	EXP 	text_Option_1: autoDraw = False
1415.5706 	EXP 	text_Option_2: autoDraw = False
1415.5706 	EXP 	text_Option_3: autoDraw = False
1415.5706 	EXP 	text_Option_4: autoDraw = False
1415.5706 	EXP 	polygon: ori = 0.0
1415.5706 	EXP 	polygon: autoDraw = True
1417.0541 	EXP 	New trial (rep=0, index=14): {'selfReportQuestion': "Did you answer the previous two questions using previous knowledge? Yes (press 1), No (press 2), I don't know (press 3)?", 'Option1': 1.0, 'Option2': 2.0, 'Option3': 3.0, 'Option4': '4. Do not press this option'}
1417.0726 	EXP 	polygon: autoDraw = False
1417.0726 	EXP 	polygon: autoDraw = False
1417.0726 	EXP 	text_Questions: height = 0.09
1417.0726 	EXP 	text_Questions: height = 0.09
1417.0726 	EXP 	text_Questions: height = 0.09
1417.0726 	EXP 	text_Questions: text = "Did you answer the previous two questions using previous knowledge? Yes (press 1), No (press 2), I don't know (press 3)?"
1417.0726 	EXP 	text_Option_1: height = 0.07
1417.0726 	EXP 	text_Option_1: height = 0.07
1417.0726 	EXP 	text_Option_1: height = 0.07
1417.0726 	EXP 	text_Option_1: text = 1.0
1417.0726 	EXP 	text_Option_2: height = 0.07
1417.0726 	EXP 	text_Option_2: height = 0.07
1417.0726 	EXP 	text_Option_2: height = 0.07
1417.0726 	EXP 	text_Option_2: text = 2.0
1417.0726 	EXP 	text_Option_3: height = 0.07
1417.0726 	EXP 	text_Option_3: height = 0.07
1417.0726 	EXP 	text_Option_3: height = 0.07
1417.0726 	EXP 	text_Option_3: text = 3.0
1417.0726 	EXP 	text_Option_4: height = 0.07
1417.0726 	EXP 	text_Option_4: height = 0.07
1417.0726 	EXP 	text_Option_4: height = 0.07
1417.0726 	EXP 	text_Option_4: text = '4. Do not press this option'
1417.0726 	EXP 	text_Questions: autoDraw = True
1417.0726 	EXP 	text_Option_1: autoDraw = True
1417.0726 	EXP 	text_Option_2: autoDraw = True
1417.0726 	EXP 	text_Option_3: autoDraw = True
1417.0726 	EXP 	text_Option_4: autoDraw = True
1423.0699 	EXP 	text_Questions: autoDraw = False
1423.0699 	EXP 	text_Option_1: autoDraw = False
1423.0699 	EXP 	text_Option_2: autoDraw = False
1423.0699 	EXP 	text_Option_3: autoDraw = False
1423.0699 	EXP 	text_Option_4: autoDraw = False
1423.0699 	EXP 	polygon: ori = 0.0
1423.0699 	EXP 	polygon: autoDraw = True
1424.5541 	EXP 	New trial (rep=0, index=15): {'selfReportQuestion': 'In order to make progress on ill-posed problems, we need to...', 'Option1': '1. bring constraining information from the world to bear on the problem', 'Option2': '2. build undetermined algorithms', 'Option3': '3. understand what the inputs and outputs are', 'Option4': '4. understand what the computational strategies of the mind are'}
1424.5747 	EXP 	polygon: autoDraw = False
1424.5747 	EXP 	polygon: autoDraw = False
1424.5747 	EXP 	text_Questions: height = 0.09
1424.5747 	EXP 	text_Questions: height = 0.09
1424.5747 	EXP 	text_Questions: height = 0.09
1424.5747 	EXP 	text_Questions: text = 'In order to make progress on ill-posed problems, we need to...'
1424.5747 	EXP 	text_Option_1: height = 0.07
1424.5747 	EXP 	text_Option_1: height = 0.07
1424.5747 	EXP 	text_Option_1: height = 0.07
1424.5747 	EXP 	text_Option_1: text = '1. bring constraining information from the world to bear on the problem'
1424.5747 	EXP 	text_Option_2: height = 0.07
1424.5747 	EXP 	text_Option_2: height = 0.07
1424.5747 	EXP 	text_Option_2: height = 0.07
1424.5747 	EXP 	text_Option_2: text = '2. build undetermined algorithms'
1424.5747 	EXP 	text_Option_3: height = 0.07
1424.5747 	EXP 	text_Option_3: height = 0.07
1424.5747 	EXP 	text_Option_3: height = 0.07
1424.5747 	EXP 	text_Option_3: text = '3. understand what the inputs and outputs are'
1424.5747 	EXP 	text_Option_4: height = 0.07
1424.5747 	EXP 	text_Option_4: height = 0.07
1424.5747 	EXP 	text_Option_4: height = 0.07
1424.5747 	EXP 	text_Option_4: text = '4. understand what the computational strategies of the mind are'
1424.5747 	EXP 	text_Questions: autoDraw = True
1424.5747 	EXP 	text_Option_1: autoDraw = True
1424.5747 	EXP 	text_Option_2: autoDraw = True
1424.5747 	EXP 	text_Option_3: autoDraw = True
1424.5747 	EXP 	text_Option_4: autoDraw = True
1448.0351 	EXP 	text_Questions: autoDraw = False
1448.0351 	EXP 	text_Option_1: autoDraw = False
1448.0351 	EXP 	text_Option_2: autoDraw = False
1448.0351 	EXP 	text_Option_3: autoDraw = False
1448.0351 	EXP 	text_Option_4: autoDraw = False
1448.0351 	EXP 	polygon: ori = 0.0
1448.0351 	EXP 	polygon: autoDraw = True
1449.5193 	EXP 	New trial (rep=0, index=16): {'selfReportQuestion': "Marr's computational theory...", 'Option1': '1. constrains the problem of understanding the computational challenges the brain encounters', 'Option2': '2. was derived from many measurements and lots of data', 'Option3': '3. suggests that we will never be able to know the mind', 'Option4': '4. is an algebraic understanding of how the brain would have to give rise to the mind'}
1449.5398 	EXP 	polygon: autoDraw = False
1449.5398 	EXP 	polygon: autoDraw = False
1449.5398 	EXP 	text_Questions: height = 0.09
1449.5398 	EXP 	text_Questions: height = 0.09
1449.5398 	EXP 	text_Questions: height = 0.09
1449.5398 	EXP 	text_Questions: text = "Marr's computational theory..."
1449.5398 	EXP 	text_Option_1: height = 0.07
1449.5398 	EXP 	text_Option_1: height = 0.07
1449.5398 	EXP 	text_Option_1: height = 0.07
1449.5398 	EXP 	text_Option_1: text = '1. constrains the problem of understanding the computational challenges the brain encounters'
1449.5398 	EXP 	text_Option_2: height = 0.07
1449.5398 	EXP 	text_Option_2: height = 0.07
1449.5398 	EXP 	text_Option_2: height = 0.07
1449.5398 	EXP 	text_Option_2: text = '2. was derived from many measurements and lots of data'
1449.5398 	EXP 	text_Option_3: height = 0.07
1449.5398 	EXP 	text_Option_3: height = 0.07
1449.5398 	EXP 	text_Option_3: height = 0.07
1449.5398 	EXP 	text_Option_3: text = '3. suggests that we will never be able to know the mind'
1449.5398 	EXP 	text_Option_4: height = 0.07
1449.5398 	EXP 	text_Option_4: height = 0.07
1449.5398 	EXP 	text_Option_4: height = 0.07
1449.5398 	EXP 	text_Option_4: text = '4. is an algebraic understanding of how the brain would have to give rise to the mind'
1449.5398 	EXP 	text_Questions: autoDraw = True
1449.5398 	EXP 	text_Option_1: autoDraw = True
1449.5398 	EXP 	text_Option_2: autoDraw = True
1449.5398 	EXP 	text_Option_3: autoDraw = True
1449.5398 	EXP 	text_Option_4: autoDraw = True
1466.1344 	EXP 	text_Questions: autoDraw = False
1466.1344 	EXP 	text_Option_1: autoDraw = False
1466.1344 	EXP 	text_Option_2: autoDraw = False
1466.1344 	EXP 	text_Option_3: autoDraw = False
1466.1344 	EXP 	text_Option_4: autoDraw = False
1466.1344 	EXP 	polygon: ori = 0.0
1466.1344 	EXP 	polygon: autoDraw = True
1467.6177 	EXP 	New trial (rep=0, index=17): {'selfReportQuestion': 'On a scale from 1 (not at all) to 4 (a lot), how challenging did you find the content referenced in the previous two questions?', 'Option1': 1.0, 'Option2': 2.0, 'Option3': 3.0, 'Option4': 4.0}
1467.6337 	EXP 	polygon: autoDraw = False
1467.6337 	EXP 	polygon: autoDraw = False
1467.6337 	EXP 	text_Questions: height = 0.09
1467.6337 	EXP 	text_Questions: height = 0.09
1467.6337 	EXP 	text_Questions: height = 0.09
1467.6337 	EXP 	text_Questions: text = 'On a scale from 1 (not at all) to 4 (a lot), how challenging did you find the content referenced in the previous two questions?'
1467.6337 	EXP 	text_Option_1: height = 0.07
1467.6337 	EXP 	text_Option_1: height = 0.07
1467.6337 	EXP 	text_Option_1: height = 0.07
1467.6337 	EXP 	text_Option_1: text = 1.0
1467.6337 	EXP 	text_Option_2: height = 0.07
1467.6337 	EXP 	text_Option_2: height = 0.07
1467.6337 	EXP 	text_Option_2: height = 0.07
1467.6337 	EXP 	text_Option_2: text = 2.0
1467.6337 	EXP 	text_Option_3: height = 0.07
1467.6337 	EXP 	text_Option_3: height = 0.07
1467.6337 	EXP 	text_Option_3: height = 0.07
1467.6337 	EXP 	text_Option_3: text = 3.0
1467.6337 	EXP 	text_Option_4: height = 0.07
1467.6337 	EXP 	text_Option_4: height = 0.07
1467.6337 	EXP 	text_Option_4: height = 0.07
1467.6337 	EXP 	text_Option_4: text = 4.0
1467.6337 	EXP 	text_Questions: autoDraw = True
1467.6337 	EXP 	text_Option_1: autoDraw = True
1467.6337 	EXP 	text_Option_2: autoDraw = True
1467.6337 	EXP 	text_Option_3: autoDraw = True
1467.6337 	EXP 	text_Option_4: autoDraw = True
1471.8671 	EXP 	text_Questions: autoDraw = False
1471.8671 	EXP 	text_Option_1: autoDraw = False
1471.8671 	EXP 	text_Option_2: autoDraw = False
1471.8671 	EXP 	text_Option_3: autoDraw = False
1471.8671 	EXP 	text_Option_4: autoDraw = False
1471.8671 	EXP 	polygon: ori = 0.0
1471.8671 	EXP 	polygon: autoDraw = True
1473.3508 	EXP 	New trial (rep=0, index=18): {'selfReportQuestion': 'On a scale from 1 (not at all) to 4 (a lot), how would you rate your engagement referenced in the previous two questions?', 'Option1': 1.0, 'Option2': 2.0, 'Option3': 3.0, 'Option4': 4.0}
1473.3689 	EXP 	polygon: autoDraw = False
1473.3689 	EXP 	polygon: autoDraw = False
1473.3689 	EXP 	text_Questions: height = 0.09
1473.3689 	EXP 	text_Questions: height = 0.09
1473.3689 	EXP 	text_Questions: height = 0.09
1473.3689 	EXP 	text_Questions: text = 'On a scale from 1 (not at all) to 4 (a lot), how would you rate your engagement referenced in the previous two questions?'
1473.3689 	EXP 	text_Option_1: height = 0.07
1473.3689 	EXP 	text_Option_1: height = 0.07
1473.3689 	EXP 	text_Option_1: height = 0.07
1473.3689 	EXP 	text_Option_1: text = 1.0
1473.3689 	EXP 	text_Option_2: height = 0.07
1473.3689 	EXP 	text_Option_2: height = 0.07
1473.3689 	EXP 	text_Option_2: height = 0.07
1473.3689 	EXP 	text_Option_2: text = 2.0
1473.3689 	EXP 	text_Option_3: height = 0.07
1473.3689 	EXP 	text_Option_3: height = 0.07
1473.3689 	EXP 	text_Option_3: height = 0.07
1473.3689 	EXP 	text_Option_3: text = 3.0
1473.3689 	EXP 	text_Option_4: height = 0.07
1473.3689 	EXP 	text_Option_4: height = 0.07
1473.3689 	EXP 	text_Option_4: height = 0.07
1473.3689 	EXP 	text_Option_4: text = 4.0
1473.3689 	EXP 	text_Questions: autoDraw = True
1473.3689 	EXP 	text_Option_1: autoDraw = True
1473.3689 	EXP 	text_Option_2: autoDraw = True
1473.3689 	EXP 	text_Option_3: autoDraw = True
1473.3689 	EXP 	text_Option_4: autoDraw = True
1479.4333 	EXP 	text_Questions: autoDraw = False
1479.4333 	EXP 	text_Option_1: autoDraw = False
1479.4333 	EXP 	text_Option_2: autoDraw = False
1479.4333 	EXP 	text_Option_3: autoDraw = False
1479.4333 	EXP 	text_Option_4: autoDraw = False
1479.4333 	EXP 	polygon: ori = 0.0
1479.4333 	EXP 	polygon: autoDraw = True
1480.9172 	EXP 	New trial (rep=0, index=19): {'selfReportQuestion': "Did you answer the previous two questions using previous knowledge? Yes (press 1), No (press 2), I don't know (press 3)?", 'Option1': 1.0, 'Option2': 2.0, 'Option3': 3.0, 'Option4': '4. Do not press this option'}
1480.9363 	EXP 	polygon: autoDraw = False
1480.9363 	EXP 	polygon: autoDraw = False
1480.9363 	EXP 	text_Questions: height = 0.09
1480.9363 	EXP 	text_Questions: height = 0.09
1480.9363 	EXP 	text_Questions: height = 0.09
1480.9363 	EXP 	text_Questions: text = "Did you answer the previous two questions using previous knowledge? Yes (press 1), No (press 2), I don't know (press 3)?"
1480.9363 	EXP 	text_Option_1: height = 0.07
1480.9363 	EXP 	text_Option_1: height = 0.07
1480.9363 	EXP 	text_Option_1: height = 0.07
1480.9363 	EXP 	text_Option_1: text = 1.0
1480.9363 	EXP 	text_Option_2: height = 0.07
1480.9363 	EXP 	text_Option_2: height = 0.07
1480.9363 	EXP 	text_Option_2: height = 0.07
1480.9363 	EXP 	text_Option_2: text = 2.0
1480.9363 	EXP 	text_Option_3: height = 0.07
1480.9363 	EXP 	text_Option_3: height = 0.07
1480.9363 	EXP 	text_Option_3: height = 0.07
1480.9363 	EXP 	text_Option_3: text = 3.0
1480.9363 	EXP 	text_Option_4: height = 0.07
1480.9363 	EXP 	text_Option_4: height = 0.07
1480.9363 	EXP 	text_Option_4: height = 0.07
1480.9363 	EXP 	text_Option_4: text = '4. Do not press this option'
1480.9363 	EXP 	text_Questions: autoDraw = True
1480.9363 	EXP 	text_Option_1: autoDraw = True
1480.9363 	EXP 	text_Option_2: autoDraw = True
1480.9363 	EXP 	text_Option_3: autoDraw = True
1480.9363 	EXP 	text_Option_4: autoDraw = True
1483.5497 	EXP 	text_Questions: autoDraw = False
1483.5497 	EXP 	text_Option_1: autoDraw = False
1483.5497 	EXP 	text_Option_2: autoDraw = False
1483.5497 	EXP 	text_Option_3: autoDraw = False
1483.5497 	EXP 	text_Option_4: autoDraw = False
1483.5497 	EXP 	polygon: ori = 0.0
1483.5497 	EXP 	polygon: autoDraw = True
1485.0338 	EXP 	New trial (rep=0, index=20): {'selfReportQuestion': 'Psychophysics means...', 'Option1': '1. exposing people to stimuli and asking them what they experienced', 'Option2': '2. physics of the brain', 'Option3': '3. light properties of mind', 'Option4': '4. how luminance is related to optics'}
1485.0523 	EXP 	polygon: autoDraw = False
1485.0523 	EXP 	polygon: autoDraw = False
1485.0523 	EXP 	text_Questions: height = 0.09
1485.0523 	EXP 	text_Questions: height = 0.09
1485.0523 	EXP 	text_Questions: height = 0.09
1485.0523 	EXP 	text_Questions: text = 'Psychophysics means...'
1485.0523 	EXP 	text_Option_1: height = 0.07
1485.0523 	EXP 	text_Option_1: height = 0.07
1485.0523 	EXP 	text_Option_1: height = 0.07
1485.0523 	EXP 	text_Option_1: text = '1. exposing people to stimuli and asking them what they experienced'
1485.0523 	EXP 	text_Option_2: height = 0.07
1485.0523 	EXP 	text_Option_2: height = 0.07
1485.0523 	EXP 	text_Option_2: height = 0.07
1485.0523 	EXP 	text_Option_2: text = '2. physics of the brain'
1485.0523 	EXP 	text_Option_3: height = 0.07
1485.0523 	EXP 	text_Option_3: height = 0.07
1485.0523 	EXP 	text_Option_3: height = 0.07
1485.0523 	EXP 	text_Option_3: text = '3. light properties of mind'
1485.0523 	EXP 	text_Option_4: height = 0.07
1485.0523 	EXP 	text_Option_4: height = 0.07
1485.0523 	EXP 	text_Option_4: height = 0.07
1485.0523 	EXP 	text_Option_4: text = '4. how luminance is related to optics'
1485.0523 	EXP 	text_Questions: autoDraw = True
1485.0523 	EXP 	text_Option_1: autoDraw = True
1485.0523 	EXP 	text_Option_2: autoDraw = True
1485.0523 	EXP 	text_Option_3: autoDraw = True
1485.0523 	EXP 	text_Option_4: autoDraw = True
1502.1488 	EXP 	text_Questions: autoDraw = False
1502.1488 	EXP 	text_Option_1: autoDraw = False
1502.1488 	EXP 	text_Option_2: autoDraw = False
1502.1488 	EXP 	text_Option_3: autoDraw = False
1502.1488 	EXP 	text_Option_4: autoDraw = False
1502.1488 	EXP 	polygon: ori = 0.0
1502.1488 	EXP 	polygon: autoDraw = True
1503.6323 	EXP 	New trial (rep=0, index=21): {'selfReportQuestion': 'Psychophysics can help cognitive scientists understand minds by...', 'Option1': '1. the ability to make illuminants variable while measuring representations', 'Option2': '2. the ability to make optics variable while measuring the illuminant', 'Option3': '3. the ability to make representations variable while measuring computations', 'Option4': '4. the ability to control representations while making illuminants variable'}
1503.6547 	EXP 	polygon: autoDraw = False
1503.6547 	EXP 	polygon: autoDraw = False
1503.6547 	EXP 	text_Questions: height = 0.09
1503.6547 	EXP 	text_Questions: height = 0.09
1503.6547 	EXP 	text_Questions: height = 0.09
1503.6547 	EXP 	text_Questions: text = 'Psychophysics can help cognitive scientists understand minds by...'
1503.6547 	EXP 	text_Option_1: height = 0.07
1503.6547 	EXP 	text_Option_1: height = 0.07
1503.6547 	EXP 	text_Option_1: height = 0.07
1503.6547 	EXP 	text_Option_1: text = '1. the ability to make illuminants variable while measuring representations'
1503.6547 	EXP 	text_Option_2: height = 0.07
1503.6547 	EXP 	text_Option_2: height = 0.07
1503.6547 	EXP 	text_Option_2: height = 0.07
1503.6547 	EXP 	text_Option_2: text = '2. the ability to make optics variable while measuring the illuminant'
1503.6547 	EXP 	text_Option_3: height = 0.07
1503.6547 	EXP 	text_Option_3: height = 0.07
1503.6547 	EXP 	text_Option_3: height = 0.07
1503.6547 	EXP 	text_Option_3: text = '3. the ability to make representations variable while measuring computations'
1503.6547 	EXP 	text_Option_4: height = 0.07
1503.6547 	EXP 	text_Option_4: height = 0.07
1503.6547 	EXP 	text_Option_4: height = 0.07
1503.6547 	EXP 	text_Option_4: text = '4. the ability to control representations while making illuminants variable'
1503.6547 	EXP 	text_Questions: autoDraw = True
1503.6547 	EXP 	text_Option_1: autoDraw = True
1503.6547 	EXP 	text_Option_2: autoDraw = True
1503.6547 	EXP 	text_Option_3: autoDraw = True
1503.6547 	EXP 	text_Option_4: autoDraw = True
1520.5974 	EXP 	text_Questions: autoDraw = False
1520.5974 	EXP 	text_Option_1: autoDraw = False
1520.5974 	EXP 	text_Option_2: autoDraw = False
1520.5974 	EXP 	text_Option_3: autoDraw = False
1520.5974 	EXP 	text_Option_4: autoDraw = False
1520.5974 	EXP 	polygon: ori = 0.0
1520.5974 	EXP 	polygon: autoDraw = True
1522.0813 	EXP 	New trial (rep=0, index=22): {'selfReportQuestion': 'On a scale from 1 (not at all) to 4 (a lot), how challenging did you find the content referenced in the previous two questions?', 'Option1': 1.0, 'Option2': 2.0, 'Option3': 3.0, 'Option4': 4.0}
1522.0971 	EXP 	polygon: autoDraw = False
1522.0971 	EXP 	polygon: autoDraw = False
1522.0971 	EXP 	text_Questions: height = 0.09
1522.0971 	EXP 	text_Questions: height = 0.09
1522.0971 	EXP 	text_Questions: height = 0.09
1522.0971 	EXP 	text_Questions: text = 'On a scale from 1 (not at all) to 4 (a lot), how challenging did you find the content referenced in the previous two questions?'
1522.0971 	EXP 	text_Option_1: height = 0.07
1522.0971 	EXP 	text_Option_1: height = 0.07
1522.0971 	EXP 	text_Option_1: height = 0.07
1522.0971 	EXP 	text_Option_1: text = 1.0
1522.0971 	EXP 	text_Option_2: height = 0.07
1522.0971 	EXP 	text_Option_2: height = 0.07
1522.0971 	EXP 	text_Option_2: height = 0.07
1522.0971 	EXP 	text_Option_2: text = 2.0
1522.0971 	EXP 	text_Option_3: height = 0.07
1522.0971 	EXP 	text_Option_3: height = 0.07
1522.0971 	EXP 	text_Option_3: height = 0.07
1522.0971 	EXP 	text_Option_3: text = 3.0
1522.0971 	EXP 	text_Option_4: height = 0.07
1522.0971 	EXP 	text_Option_4: height = 0.07
1522.0971 	EXP 	text_Option_4: height = 0.07
1522.0971 	EXP 	text_Option_4: text = 4.0
1522.0971 	EXP 	text_Questions: autoDraw = True
1522.0971 	EXP 	text_Option_1: autoDraw = True
1522.0971 	EXP 	text_Option_2: autoDraw = True
1522.0971 	EXP 	text_Option_3: autoDraw = True
1522.0971 	EXP 	text_Option_4: autoDraw = True
1524.3307 	EXP 	text_Questions: autoDraw = False
1524.3307 	EXP 	text_Option_1: autoDraw = False
1524.3307 	EXP 	text_Option_2: autoDraw = False
1524.3307 	EXP 	text_Option_3: autoDraw = False
1524.3307 	EXP 	text_Option_4: autoDraw = False
1524.3307 	EXP 	polygon: ori = 0.0
1524.3307 	EXP 	polygon: autoDraw = True
1525.8148 	EXP 	New trial (rep=0, index=23): {'selfReportQuestion': 'On a scale from 1 (not at all) to 4 (a lot), how would you rate your engagement referenced in the previous two questions?', 'Option1': 1.0, 'Option2': 2.0, 'Option3': 3.0, 'Option4': 4.0}
1525.8303 	EXP 	polygon: autoDraw = False
1525.8303 	EXP 	polygon: autoDraw = False
1525.8303 	EXP 	text_Questions: height = 0.09
1525.8303 	EXP 	text_Questions: height = 0.09
1525.8303 	EXP 	text_Questions: height = 0.09
1525.8303 	EXP 	text_Questions: text = 'On a scale from 1 (not at all) to 4 (a lot), how would you rate your engagement referenced in the previous two questions?'
1525.8303 	EXP 	text_Option_1: height = 0.07
1525.8303 	EXP 	text_Option_1: height = 0.07
1525.8303 	EXP 	text_Option_1: height = 0.07
1525.8303 	EXP 	text_Option_1: text = 1.0
1525.8303 	EXP 	text_Option_2: height = 0.07
1525.8303 	EXP 	text_Option_2: height = 0.07
1525.8303 	EXP 	text_Option_2: height = 0.07
1525.8303 	EXP 	text_Option_2: text = 2.0
1525.8303 	EXP 	text_Option_3: height = 0.07
1525.8303 	EXP 	text_Option_3: height = 0.07
1525.8303 	EXP 	text_Option_3: height = 0.07
1525.8303 	EXP 	text_Option_3: text = 3.0
1525.8303 	EXP 	text_Option_4: height = 0.07
1525.8303 	EXP 	text_Option_4: height = 0.07
1525.8303 	EXP 	text_Option_4: height = 0.07
1525.8303 	EXP 	text_Option_4: text = 4.0
1525.8303 	EXP 	text_Questions: autoDraw = True
1525.8303 	EXP 	text_Option_1: autoDraw = True
1525.8303 	EXP 	text_Option_2: autoDraw = True
1525.8303 	EXP 	text_Option_3: autoDraw = True
1525.8303 	EXP 	text_Option_4: autoDraw = True
1530.8634 	EXP 	text_Questions: autoDraw = False
1530.8634 	EXP 	text_Option_1: autoDraw = False
1530.8634 	EXP 	text_Option_2: autoDraw = False
1530.8634 	EXP 	text_Option_3: autoDraw = False
1530.8634 	EXP 	text_Option_4: autoDraw = False
1530.8634 	EXP 	polygon: ori = 0.0
1530.8634 	EXP 	polygon: autoDraw = True
1532.3471 	EXP 	New trial (rep=0, index=24): {'selfReportQuestion': "Did you answer the previous two questions using previous knowledge? Yes (press 1), No (press 2), I don't know (press 3)?", 'Option1': 1.0, 'Option2': 2.0, 'Option3': 3.0, 'Option4': '4. Do not press this option'}
1532.3647 	EXP 	polygon: autoDraw = False
1532.3647 	EXP 	polygon: autoDraw = False
1532.3647 	EXP 	text_Questions: height = 0.09
1532.3647 	EXP 	text_Questions: height = 0.09
1532.3647 	EXP 	text_Questions: height = 0.09
1532.3647 	EXP 	text_Questions: text = "Did you answer the previous two questions using previous knowledge? Yes (press 1), No (press 2), I don't know (press 3)?"
1532.3647 	EXP 	text_Option_1: height = 0.07
1532.3647 	EXP 	text_Option_1: height = 0.07
1532.3647 	EXP 	text_Option_1: height = 0.07
1532.3647 	EXP 	text_Option_1: text = 1.0
1532.3647 	EXP 	text_Option_2: height = 0.07
1532.3647 	EXP 	text_Option_2: height = 0.07
1532.3647 	EXP 	text_Option_2: height = 0.07
1532.3647 	EXP 	text_Option_2: text = 2.0
1532.3647 	EXP 	text_Option_3: height = 0.07
1532.3647 	EXP 	text_Option_3: height = 0.07
1532.3647 	EXP 	text_Option_3: height = 0.07
1532.3647 	EXP 	text_Option_3: text = 3.0
1532.3647 	EXP 	text_Option_4: height = 0.07
1532.3647 	EXP 	text_Option_4: height = 0.07
1532.3647 	EXP 	text_Option_4: height = 0.07
1532.3647 	EXP 	text_Option_4: text = '4. Do not press this option'
1532.3647 	EXP 	text_Questions: autoDraw = True
1532.3647 	EXP 	text_Option_1: autoDraw = True
1532.3647 	EXP 	text_Option_2: autoDraw = True
1532.3647 	EXP 	text_Option_3: autoDraw = True
1532.3647 	EXP 	text_Option_4: autoDraw = True
1533.6968 	EXP 	text_Questions: autoDraw = False
1533.6968 	EXP 	text_Option_1: autoDraw = False
1533.6968 	EXP 	text_Option_2: autoDraw = False
1533.6968 	EXP 	text_Option_3: autoDraw = False
1533.6968 	EXP 	text_Option_4: autoDraw = False
1533.6968 	EXP 	polygon: ori = 0.0
1533.6968 	EXP 	polygon: autoDraw = True
1535.1807 	EXP 	New trial (rep=1, index=0): None
1535.1808 	EXP 	window1: mouseVisible = True
1535.6758 	EXP 	polygon: autoDraw = False
1535.6758 	EXP 	polygon: autoDraw = False
1535.6758 	EXP 	LectureVideo: autoLog = True
1535.6758 	EXP 	playButton: ori = 90.0
1536.1973 	EXP 	LectureVideo: autoDraw = True
1536.1973 	EXP 	playButton: autoDraw = True
1541.7955 	EXP 	Imported C:/Users/TheLivingLab_Attend/Desktop/muse-lsl-cu-main/Modified_Method_questions.xlsx as conditions, 25 conditions, 5 params
1541.7959 	EXP 	Created sequence: sequential, trialTypes=25, nReps=1, seed=None
1541.7960 	EXP 	New trial (rep=0, index=0): {'selfReportQuestion': 'Hardware implementation, according to Marr, is...', 'Option1': '1. how the system is physically realized in the brain', 'Option2': '2. how measurement equipment in the lab measures the brain', 'Option3': '3. how theoretical computations of the mind are implemented by computer programs in the lab', 'Option4': "4. how the brain's neurons can be represented in silcon chips"}
1541.8156 	EXP 	LectureVideo: autoDraw = False
1541.8156 	EXP 	playButton: autoDraw = False
1541.8156 	EXP 	text_Questions: height = 0.09
1541.8156 	EXP 	text_Questions: height = 0.09
1541.8156 	EXP 	text_Questions: height = 0.09
1541.8156 	EXP 	text_Questions: text = 'Hardware implementation, according to Marr, is...'
1541.8156 	EXP 	text_Option_1: height = 0.07
1541.8156 	EXP 	text_Option_1: height = 0.07
1541.8156 	EXP 	text_Option_1: height = 0.07
1541.8156 	EXP 	text_Option_1: text = '1. how the system is physically realized in the brain'
1541.8156 	EXP 	text_Option_2: height = 0.07
1541.8156 	EXP 	text_Option_2: height = 0.07
1541.8156 	EXP 	text_Option_2: height = 0.07
1541.8156 	EXP 	text_Option_2: text = '2. how measurement equipment in the lab measures the brain'
1541.8156 	EXP 	text_Option_3: height = 0.07
1541.8156 	EXP 	text_Option_3: height = 0.07
1541.8156 	EXP 	text_Option_3: height = 0.07
1541.8156 	EXP 	text_Option_3: text = '3. how theoretical computations of the mind are implemented by computer programs in the lab'
1541.8156 	EXP 	text_Option_4: height = 0.07
1541.8156 	EXP 	text_Option_4: height = 0.07
1541.8156 	EXP 	text_Option_4: height = 0.07
1541.8156 	EXP 	text_Option_4: text = "4. how the brain's neurons can be represented in silcon chips"
1541.8156 	EXP 	text_Questions: autoDraw = True
1541.8156 	EXP 	text_Option_1: autoDraw = True
1541.8156 	EXP 	text_Option_2: autoDraw = True
1541.8156 	EXP 	text_Option_3: autoDraw = True
1541.8156 	EXP 	text_Option_4: autoDraw = True
1546.0796 	EXP 	text_Questions: autoDraw = False
1546.0796 	EXP 	text_Option_1: autoDraw = False
1546.0796 	EXP 	text_Option_2: autoDraw = False
1546.0796 	EXP 	text_Option_3: autoDraw = False
1546.0796 	EXP 	text_Option_4: autoDraw = False
1546.0796 	EXP 	polygon: ori = 0.0
1546.0796 	EXP 	polygon: autoDraw = True
1547.5631 	EXP 	New trial (rep=0, index=1): {'selfReportQuestion': "We can't change the nature of our perception, so how do we study it?", 'Option1': '1. by studying people who have qualitatively different ways of perceiving', 'Option2': '2. by changing the nature of the percepts', 'Option3': '3. by coming up with cues to address perceptual deficits', 'Option4': '4. by measuring nature more accurately'}
1547.5844 	EXP 	polygon: autoDraw = False
1547.5844 	EXP 	polygon: autoDraw = False
1547.5844 	EXP 	text_Questions: height = 0.09
1547.5844 	EXP 	text_Questions: height = 0.09
1547.5844 	EXP 	text_Questions: height = 0.09
1547.5844 	EXP 	text_Questions: text = "We can't change the nature of our perception, so how do we study it?"
1547.5844 	EXP 	text_Option_1: height = 0.07
1547.5844 	EXP 	text_Option_1: height = 0.07
1547.5844 	EXP 	text_Option_1: height = 0.07
1547.5844 	EXP 	text_Option_1: text = '1. by studying people who have qualitatively different ways of perceiving'
1547.5844 	EXP 	text_Option_2: height = 0.07
1547.5844 	EXP 	text_Option_2: height = 0.07
1547.5844 	EXP 	text_Option_2: height = 0.07
1547.5844 	EXP 	text_Option_2: text = '2. by changing the nature of the percepts'
1547.5844 	EXP 	text_Option_3: height = 0.07
1547.5844 	EXP 	text_Option_3: height = 0.07
1547.5844 	EXP 	text_Option_3: height = 0.07
1547.5844 	EXP 	text_Option_3: text = '3. by coming up with cues to address perceptual deficits'
1547.5844 	EXP 	text_Option_4: height = 0.07
1547.5844 	EXP 	text_Option_4: height = 0.07
1547.5844 	EXP 	text_Option_4: height = 0.07
1547.5844 	EXP 	text_Option_4: text = '4. by measuring nature more accurately'
1547.5844 	EXP 	text_Questions: autoDraw = True
1547.5844 	EXP 	text_Option_1: autoDraw = True
1547.5844 	EXP 	text_Option_2: autoDraw = True
1547.5844 	EXP 	text_Option_3: autoDraw = True
1547.5844 	EXP 	text_Option_4: autoDraw = True
1553.4962 	EXP 	ATTEND_learn_videoStimLoop: status = STOPPED
1553.5125 	EXP 	text_Questions: autoDraw = False
1553.5125 	EXP 	text_Option_1: autoDraw = False
1553.5125 	EXP 	text_Option_2: autoDraw = False
1553.5125 	EXP 	text_Option_3: autoDraw = False
1553.5125 	EXP 	text_Option_4: autoDraw = False
1553.5125 	EXP 	ATTEND_learn_videoStimLoop: status = STOPPED
1553.5824 	EXP 	window1: mouseVisible = True
