12.1398 	WARNING 	User requested fullscreen with size [1024  768], but screen is actually [3840, 2160]. Using actual size
12.6975 	EXP 	Created window1 = Window(allowGUI=True, allowStencil=False, autoLog=True, backendConf=UNKNOWN, backgroundFit=<method-wrapper '__getattribute__' of attributeSetter object at 0x00000232200497E0>, backgroundImage=<method-wrapper '__getattribute__' of attributeSetter object at 0x00000232200496C0>, bitsMode=UNKNOWN, blendMode='avg', bpc=(8, 8, 8), color=array([0, 0, 0]), colorSpace='rgb', depthBits=8, fullscr=<method-wrapper '__getattribute__' of attributeSetter object at 0x000002322004A200>, gamma=None, gammaErrorPolicy='raise', lms=UNKNOWN, monitor=<psychopy.monitors.calibTools.Monitor object at 0x00000232202DC8B0>, multiSample=False, name='window1', numSamples=2, pos=(0, 0), screen=0, size=array([3840, 2160]), stencilBits=0, stereo=False, title='PsychoPy', units='height', useFBO=True, useRetina=False, viewOri=0.0, viewPos=None, viewScale=None, waitBlanking=True, winType='pyglet')
12.6976 	EXP 	window1: mouseVisible = True
12.6976 	EXP 	window1: backgroundImage = ''
12.6976 	EXP 	window1: backgroundFit = 'none'
12.6985 	EXP 	window1: Attempting to measure frame rate of screen (0) ...
12.6985 	EXP 	window1: recordFrameIntervals = False
12.8639 	EXP 	window1: recordFrameIntervals = True
13.0476 	EXP 	Screen (0) actual frame rate measured at 59.94Hz
13.0476 	EXP 	window1: recordFrameIntervals = False
13.0477 	EXP 	window1: mouseVisible = False
15.2140 	EXP 	OpenCloseEye: status = STARTED
15.2145 	EXP 	window1: mouseVisible = True
15.2439 	EXP 	Created text = TextStim(__class__=<class 'psychopy.visual.text.TextStim'>, alignHoriz=method-wrapper(...), alignText='center', alignVert=method-wrapper(...), anchorHoriz='center', anchorVert='center', antialias=True, autoDraw=False, autoLog=True, bold=False, color=array([1., 1., 1.]), colorSpace='rgb', contrast=1.0, depth=0.0, draggable=False, flipHoriz=False, flipVert=False, font='Open Sans', fontFiles=[], height=0.05, italic=False, languageStyle='LTR', name='text', opacity=1.0, ori=0.0, pos=array([0., 0.]), rgb=UNKNOWN, text='Welcome to the Test', units='height', win=Window(...), wrapWidth=1)
15.2439 	EXP 	window1: mouseVisible = True
15.2569 	EXP 	Created text_4 = TextStim(__class__=<class 'psychopy.visual.text.TextStim'>, alignHoriz=method-wrapper(...), alignText='center', alignVert=method-wrapper(...), anchorHoriz='center', anchorVert='center', antialias=True, autoDraw=False, autoLog=True, bold=False, color=array([1., 1., 1.]), colorSpace='rgb', contrast=1.0, depth=0.0, draggable=False, flipHoriz=False, flipVert=False, font='Open Sans', fontFiles=[], height=0.05, italic=False, languageStyle='LTR', name='text_4', opacity=1.0, ori=0.0, pos=array([0., 0.]), rgb=UNKNOWN, text=str(...), units='height', win=Window(...), wrapWidth=1)
15.2569 	EXP 	window1: mouseVisible = True
15.2602 	EXP 	Created text_2 = TextStim(__class__=<class 'psychopy.visual.text.TextStim'>, alignHoriz=method-wrapper(...), alignText='center', alignVert=method-wrapper(...), anchorHoriz='center', anchorVert='center', antialias=True, autoDraw=False, autoLog=True, bold=False, color=array([1., 1., 1.]), colorSpace='rgb', contrast=1.0, depth=0.0, draggable=False, flipHoriz=False, flipVert=False, font='Open Sans', fontFiles=[], height=0.05, italic=False, languageStyle='LTR', name='text_2', opacity=1.0, ori=0.0, pos=array([0., 0.]), rgb=UNKNOWN, text='Please keep your eyes open', units='height', win=Window(...), wrapWidth=1)
15.2603 	EXP 	window1: mouseVisible = True
15.2673 	EXP 	Created text_3 = TextStim(__class__=<class 'psychopy.visual.text.TextStim'>, alignHoriz=method-wrapper(...), alignText='center', alignVert=method-wrapper(...), anchorHoriz='center', anchorVert='center', antialias=True, autoDraw=False, autoLog=True, bold=False, color=array([1., 1., 1.]), colorSpace='rgb', contrast=1.0, depth=0.0, draggable=False, flipHoriz=False, flipVert=False, font='Open Sans', fontFiles=[], height=0.05, italic=False, languageStyle='LTR', name='text_3', opacity=1.0, ori=0.0, pos=array([0., 0.]), rgb=UNKNOWN, text=str(...), units='height', win=Window(...), wrapWidth=1)
15.2674 	EXP 	window1: mouseVisible = True
15.2700 	EXP 	Created text_5 = TextStim(__class__=<class 'psychopy.visual.text.TextStim'>, alignHoriz=method-wrapper(...), alignText='center', alignVert=method-wrapper(...), anchorHoriz='center', anchorVert='center', antialias=True, autoDraw=False, autoLog=True, bold=False, color=array([1., 1., 1.]), colorSpace='rgb', contrast=1.0, depth=0.0, draggable=False, flipHoriz=False, flipVert=False, font='Open Sans', fontFiles=[], height=0.05, italic=False, languageStyle='LTR', name='text_5', opacity=1.0, ori=0.0, pos=array([0., 0.]), rgb=UNKNOWN, text='Thanks!', units='height', win=Window(...), wrapWidth=1)
0.0110 	EXP 	text: autoDraw = True
4.9944 	EXP 	Created sequence: sequential, trialTypes=1, nReps=10, seed=None
4.9945 	EXP 	New trial (rep=0, index=0): None
5.0103 	EXP 	text: autoDraw = False
5.0103 	EXP 	text_4: autoDraw = True
13.0769 	EXP 	text_4: autoDraw = False
13.0769 	EXP 	text_2: autoDraw = True
18.0780 	EXP 	text_2: autoDraw = False
18.0780 	EXP 	text_2: autoDraw = False
18.0780 	EXP 	text_3: autoDraw = True
24.3466 	EXP 	New trial (rep=1, index=0): None
24.3525 	EXP 	text_3: autoDraw = False
27.6925 	EXP 	text_4: autoDraw = True
35.7089 	EXP 	text_4: autoDraw = False
35.7089 	EXP 	text_2: autoDraw = True
40.6919 	EXP 	text_2: autoDraw = False
40.6919 	EXP 	text_3: autoDraw = True
49.8696 	EXP 	New trial (rep=2, index=0): None
49.8786 	EXP 	text_3: autoDraw = False
53.0581 	EXP 	OpenCloseEye: status = STOPPED
53.0745 	EXP 	OpenCloseEye: status = STOPPED
53.0999 	EXP 	window1: mouseVisible = True
