7.3607 	WARNING 	User requested fullscreen with size [1024  768], but screen is actually [3840, 2160]. Using actual size
7.9196 	EXP 	Created window1 = Window(allowGUI=True, allowStencil=False, autoLog=True, backendConf=UNKNOWN, backgroundFit=<method-wrapper '__getattribute__' of attributeSetter object at 0x00000245ED875BA0>, backgroundImage=<method-wrapper '__getattribute__' of attributeSetter object at 0x00000245ED875A80>, bitsMode=UNKNOWN, blendMode='avg', bpc=(8, 8, 8), color=array([0, 0, 0]), colorSpace='rgb', depthBits=8, fullscr=<method-wrapper '__getattribute__' of attributeSetter object at 0x00000245ED8765C0>, gamma=None, gammaErrorPolicy='raise', lms=UNKNOWN, monitor=<psychopy.monitors.calibTools.Monitor object at 0x00000245F7EECC70>, multiSample=False, name='window1', numSamples=2, pos=(0, 0), screen=0, size=array([3840, 2160]), stencilBits=0, stereo=False, title='PsychoPy', units='height', useFBO=True, useRetina=False, viewOri=0.0, viewPos=None, viewScale=None, waitBlanking=True, winType='pyglet')
7.9196 	EXP 	window1: mouseVisible = True
7.9196 	EXP 	window1: backgroundImage = ''
7.9196 	EXP 	window1: backgroundFit = 'none'
7.9205 	EXP 	window1: Attempting to measure frame rate of screen (0) ...
7.9205 	EXP 	window1: recordFrameIntervals = False
8.0907 	EXP 	window1: recordFrameIntervals = True
8.2700 	EXP 	Screen (0) actual frame rate measured at 59.86Hz
8.2700 	EXP 	window1: recordFrameIntervals = False
8.2700 	EXP 	window1: mouseVisible = False
10.4305 	EXP 	OpenCloseEye: status = STARTED
10.4309 	EXP 	window1: mouseVisible = True
10.4600 	EXP 	Created text = TextStim(__class__=<class 'psychopy.visual.text.TextStim'>, alignHoriz=method-wrapper(...), alignText='center', alignVert=method-wrapper(...), anchorHoriz='center', anchorVert='center', antialias=True, autoDraw=False, autoLog=True, bold=False, color=array([1., 1., 1.]), colorSpace='rgb', contrast=1.0, depth=0.0, draggable=False, flipHoriz=False, flipVert=False, font='Open Sans', fontFiles=[], height=0.05, italic=False, languageStyle='LTR', name='text', opacity=1.0, ori=0.0, pos=array([0., 0.]), rgb=UNKNOWN, text='Welcome to the Test', units='height', win=Window(...), wrapWidth=1)
10.4601 	EXP 	window1: mouseVisible = True
10.4729 	EXP 	Created text_4 = TextStim(__class__=<class 'psychopy.visual.text.TextStim'>, alignHoriz=method-wrapper(...), alignText='center', alignVert=method-wrapper(...), anchorHoriz='center', anchorVert='center', antialias=True, autoDraw=False, autoLog=True, bold=False, color=array([1., 1., 1.]), colorSpace='rgb', contrast=1.0, depth=0.0, draggable=False, flipHoriz=False, flipVert=False, font='Open Sans', fontFiles=[], height=0.05, italic=False, languageStyle='LTR', name='text_4', opacity=1.0, ori=0.0, pos=array([0., 0.]), rgb=UNKNOWN, text=str(...), units='height', win=Window(...), wrapWidth=1)
10.4729 	EXP 	window1: mouseVisible = True
10.4761 	EXP 	Created text_2 = TextStim(__class__=<class 'psychopy.visual.text.TextStim'>, alignHoriz=method-wrapper(...), alignText='center', alignVert=method-wrapper(...), anchorHoriz='center', anchorVert='center', antialias=True, autoDraw=False, autoLog=True, bold=False, color=array([1., 1., 1.]), colorSpace='rgb', contrast=1.0, depth=0.0, draggable=False, flipHoriz=False, flipVert=False, font='Open Sans', fontFiles=[], height=0.05, italic=False, languageStyle='LTR', name='text_2', opacity=1.0, ori=0.0, pos=array([0., 0.]), rgb=UNKNOWN, text='Please keep your eyes open', units='height', win=Window(...), wrapWidth=1)
10.4762 	EXP 	window1: mouseVisible = True
10.4830 	EXP 	Created text_3 = TextStim(__class__=<class 'psychopy.visual.text.TextStim'>, alignHoriz=method-wrapper(...), alignText='center', alignVert=method-wrapper(...), anchorHoriz='center', anchorVert='center', antialias=True, autoDraw=False, autoLog=True, bold=False, color=array([1., 1., 1.]), colorSpace='rgb', contrast=1.0, depth=0.0, draggable=False, flipHoriz=False, flipVert=False, font='Open Sans', fontFiles=[], height=0.05, italic=False, languageStyle='LTR', name='text_3', opacity=1.0, ori=0.0, pos=array([0., 0.]), rgb=UNKNOWN, text=str(...), units='height', win=Window(...), wrapWidth=1)
10.4831 	EXP 	window1: mouseVisible = True
10.4856 	EXP 	Created text_5 = TextStim(__class__=<class 'psychopy.visual.text.TextStim'>, alignHoriz=method-wrapper(...), alignText='center', alignVert=method-wrapper(...), anchorHoriz='center', anchorVert='center', antialias=True, autoDraw=False, autoLog=True, bold=False, color=array([1., 1., 1.]), colorSpace='rgb', contrast=1.0, depth=0.0, draggable=False, flipHoriz=False, flipVert=False, font='Open Sans', fontFiles=[], height=0.05, italic=False, languageStyle='LTR', name='text_5', opacity=1.0, ori=0.0, pos=array([0., 0.]), rgb=UNKNOWN, text='Thanks!', units='height', win=Window(...), wrapWidth=1)
0.0170 	EXP 	text: autoDraw = True
4.9839 	EXP 	Created sequence: sequential, trialTypes=1, nReps=10, seed=None
4.9841 	EXP 	New trial (rep=0, index=0): None
5.0000 	EXP 	text: autoDraw = False
5.0000 	EXP 	text_4: autoDraw = True
9.3685 	DATA 	Keypress: space
9.3830 	EXP 	text_4: autoDraw = False
9.3830 	EXP 	text_2: autoDraw = True
15.9255 	EXP 	text_2: autoDraw = False
15.9255 	EXP 	text_3: autoDraw = True
19.3763 	EXP 	New trial (rep=1, index=0): None
19.3776 	DATA 	Keypress: space
19.3807 	EXP 	text_3: autoDraw = False
23.5989 	EXP 	text_4: autoDraw = True
26.7337 	DATA 	Keypress: space
26.7487 	EXP 	text_4: autoDraw = False
26.7487 	EXP 	text_2: autoDraw = True
28.6999 	DATA 	Mouse: Right button down, pos=(2094,1310)
28.7833 	DATA 	Mouse:  Right button up, pos=(2094,1310)
32.5360 	EXP 	text_2: autoDraw = False
32.5360 	EXP 	text_3: autoDraw = True
35.6201 	DATA 	Keypress: escape
35.8692 	EXP 	OpenCloseEye: status = STOPPED
35.8816 	EXP 	text_3: autoDraw = False
35.8816 	EXP 	OpenCloseEye: status = STOPPED
35.9124 	EXP 	window1: mouseVisible = True
