5.4011 	WARNING 	User requested fullscreen with size [1024  768], but screen is actually [3840, 2160]. Using actual size
5.8933 	EXP 	Created window1 = Window(allowGUI=True, allowStencil=False, autoLog=True, backendConf=UNKNOWN, backgroundFit=<method-wrapper '__getattribute__' of attributeSetter object at 0x000001E2B9099CF0>, backgroundImage=<method-wrapper '__getattribute__' of attributeSetter object at 0x000001E2B9099BD0>, bitsMode=UNKNOWN, blendMode='avg', bpc=(8, 8, 8), color=array([0, 0, 0]), colorSpace='rgb', depthBits=8, fullscr=<method-wrapper '__getattribute__' of attributeSetter object at 0x000001E2B909A710>, gamma=None, gammaErrorPolicy='raise', lms=UNKNOWN, monitor=<psychopy.monitors.calibTools.Monitor object at 0x000001E2C370CDC0>, multiSample=False, name='window1', numSamples=2, pos=(0, 0), screen=0, size=array([3840, 2160]), stencilBits=0, stereo=False, title='PsychoPy', units='height', useFBO=True, useRetina=False, viewOri=0.0, viewPos=None, viewScale=None, waitBlanking=True, winType='pyglet')
5.8934 	EXP 	window1: mouseVisible = True
5.8934 	EXP 	window1: backgroundImage = ''
5.8934 	EXP 	window1: backgroundFit = 'none'
5.8943 	EXP 	window1: Attempting to measure frame rate of screen (0) ...
5.8943 	EXP 	window1: recordFrameIntervals = False
6.0596 	EXP 	window1: recordFrameIntervals = True
6.2433 	EXP 	Screen (0) actual frame rate measured at 59.94Hz
6.2433 	EXP 	window1: recordFrameIntervals = False
6.2433 	EXP 	window1: mouseVisible = False
8.4028 	EXP 	OpenCloseEye: status = STARTED
8.4033 	EXP 	window1: mouseVisible = True
8.4326 	EXP 	Created text = TextStim(__class__=<class 'psychopy.visual.text.TextStim'>, alignHoriz=method-wrapper(...), alignText='center', alignVert=method-wrapper(...), anchorHoriz='center', anchorVert='center', antialias=True, autoDraw=False, autoLog=True, bold=False, color=array([1., 1., 1.]), colorSpace='rgb', contrast=1.0, depth=0.0, draggable=False, flipHoriz=False, flipVert=False, font='Open Sans', fontFiles=[], height=0.05, italic=False, languageStyle='LTR', name='text', opacity=1.0, ori=0.0, pos=array([0., 0.]), rgb=UNKNOWN, text='Welcome to the Test', units='height', win=Window(...), wrapWidth=1)
8.4327 	EXP 	window1: mouseVisible = True
8.4454 	EXP 	Created text_4 = TextStim(__class__=<class 'psychopy.visual.text.TextStim'>, alignHoriz=method-wrapper(...), alignText='center', alignVert=method-wrapper(...), anchorHoriz='center', anchorVert='center', antialias=True, autoDraw=False, autoLog=True, bold=False, color=array([1., 1., 1.]), colorSpace='rgb', contrast=1.0, depth=0.0, draggable=False, flipHoriz=False, flipVert=False, font='Open Sans', fontFiles=[], height=0.05, italic=False, languageStyle='LTR', name='text_4', opacity=1.0, ori=0.0, pos=array([0., 0.]), rgb=UNKNOWN, text=str(...), units='height', win=Window(...), wrapWidth=1)
8.4455 	EXP 	window1: mouseVisible = True
8.4489 	EXP 	Created text_2 = TextStim(__class__=<class 'psychopy.visual.text.TextStim'>, alignHoriz=method-wrapper(...), alignText='center', alignVert=method-wrapper(...), anchorHoriz='center', anchorVert='center', antialias=True, autoDraw=False, autoLog=True, bold=False, color=array([1., 1., 1.]), colorSpace='rgb', contrast=1.0, depth=0.0, draggable=False, flipHoriz=False, flipVert=False, font='Open Sans', fontFiles=[], height=0.05, italic=False, languageStyle='LTR', name='text_2', opacity=1.0, ori=0.0, pos=array([0., 0.]), rgb=UNKNOWN, text='Please keep your eyes open', units='height', win=Window(...), wrapWidth=1)
8.4489 	EXP 	window1: mouseVisible = True
8.4558 	EXP 	Created text_3 = TextStim(__class__=<class 'psychopy.visual.text.TextStim'>, alignHoriz=method-wrapper(...), alignText='center', alignVert=method-wrapper(...), anchorHoriz='center', anchorVert='center', antialias=True, autoDraw=False, autoLog=True, bold=False, color=array([1., 1., 1.]), colorSpace='rgb', contrast=1.0, depth=0.0, draggable=False, flipHoriz=False, flipVert=False, font='Open Sans', fontFiles=[], height=0.05, italic=False, languageStyle='LTR', name='text_3', opacity=1.0, ori=0.0, pos=array([0., 0.]), rgb=UNKNOWN, text=str(...), units='height', win=Window(...), wrapWidth=1)
8.4559 	EXP 	window1: mouseVisible = True
8.4585 	EXP 	Created text_5 = TextStim(__class__=<class 'psychopy.visual.text.TextStim'>, alignHoriz=method-wrapper(...), alignText='center', alignVert=method-wrapper(...), anchorHoriz='center', anchorVert='center', antialias=True, autoDraw=False, autoLog=True, bold=False, color=array([1., 1., 1.]), colorSpace='rgb', contrast=1.0, depth=0.0, draggable=False, flipHoriz=False, flipVert=False, font='Open Sans', fontFiles=[], height=0.05, italic=False, languageStyle='LTR', name='text_5', opacity=1.0, ori=0.0, pos=array([0., 0.]), rgb=UNKNOWN, text='Thanks!', units='height', win=Window(...), wrapWidth=1)
0.0182 	EXP 	text: autoDraw = True
4.9851 	EXP 	Created sequence: sequential, trialTypes=1, nReps=10, seed=None
4.9852 	EXP 	New trial (rep=0, index=0): None
5.0014 	EXP 	text: autoDraw = False
5.0014 	EXP 	text_4: autoDraw = True
12.8007 	EXP 	text_4: autoDraw = False
12.8007 	EXP 	text_2: autoDraw = True
17.8019 	EXP 	text_2: autoDraw = False
17.8019 	EXP 	text_2: autoDraw = False
17.8019 	EXP 	text_3: autoDraw = True
26.1182 	EXP 	New trial (rep=1, index=0): None
26.1215 	EXP 	text_3: autoDraw = False
29.4663 	EXP 	text_4: autoDraw = True
34.7178 	DATA 	Mouse: Right button down, pos=(2569,1054)
34.8506 	DATA 	Mouse:  Right button up, pos=(2569,1054)
35.8838 	DATA 	Keypress: escape
35.9829 	EXP 	OpenCloseEye: status = STOPPED
35.9992 	EXP 	text_4: autoDraw = False
35.9992 	EXP 	OpenCloseEye: status = STOPPED
36.0236 	EXP 	window1: mouseVisible = True
