4.4545 	WARNING 	User requested fullscreen with size [1024  768], but screen is actually [3840, 2160]. Using actual size
4.9667 	EXP 	Created window1 = Window(allowGUI=True, allowStencil=False, autoLog=True, backendConf=UNKNOWN, backgroundFit=<method-wrapper '__getattribute__' of attributeSetter object at 0x000001C900529C60>, backgroundImage=<method-wrapper '__getattribute__' of attributeSetter object at 0x000001C900529B40>, bitsMode=UNKNOWN, blendMode='avg', bpc=(8, 8, 8), color=array([0, 0, 0]), colorSpace='rgb', depthBits=8, fullscr=<method-wrapper '__getattribute__' of attributeSetter object at 0x000001C90052A680>, gamma=None, gammaErrorPolicy='raise', lms=UNKNOWN, monitor=<psychopy.monitors.calibTools.Monitor object at 0x000001C90086CD30>, multiSample=False, name='window1', numSamples=2, pos=(0, 0), screen=0, size=array([3840, 2160]), stencilBits=0, stereo=False, title='PsychoPy', units='height', useFBO=True, useRetina=False, viewOri=0.0, viewPos=None, viewScale=None, waitBlanking=True, winType='pyglet')
4.9668 	EXP 	window1: mouseVisible = True
4.9668 	EXP 	window1: backgroundImage = ''
4.9668 	EXP 	window1: backgroundFit = 'none'
4.9677 	EXP 	window1: Attempting to measure frame rate of screen (0) ...
4.9677 	EXP 	window1: recordFrameIntervals = False
5.1331 	EXP 	window1: recordFrameIntervals = True
5.3167 	EXP 	Screen (0) actual frame rate measured at 59.90Hz
5.3167 	EXP 	window1: recordFrameIntervals = False
5.3168 	EXP 	window1: mouseVisible = False
7.4789 	EXP 	OpenCloseEye: status = STARTED
7.4791 	EXP 	window1: mouseVisible = True
7.5074 	EXP 	Created text = TextStim(__class__=<class 'psychopy.visual.text.TextStim'>, alignHoriz=method-wrapper(...), alignText='center', alignVert=method-wrapper(...), anchorHoriz='center', anchorVert='center', antialias=True, autoDraw=False, autoLog=True, bold=False, color=array([1., 1., 1.]), colorSpace='rgb', contrast=1.0, depth=0.0, draggable=False, flipHoriz=False, flipVert=False, font='Open Sans', fontFiles=[], height=0.05, italic=False, languageStyle='LTR', name='text', opacity=1.0, ori=0.0, pos=array([0., 0.]), rgb=UNKNOWN, text='Welcome to the Test', units='height', win=Window(...), wrapWidth=1)
7.5075 	EXP 	window1: mouseVisible = True
7.5187 	EXP 	Created text_4 = TextStim(__class__=<class 'psychopy.visual.text.TextStim'>, alignHoriz=method-wrapper(...), alignText='center', alignVert=method-wrapper(...), anchorHoriz='center', anchorVert='center', antialias=True, autoDraw=False, autoLog=True, bold=False, color=array([1., 1., 1.]), colorSpace='rgb', contrast=1.0, depth=0.0, draggable=False, flipHoriz=False, flipVert=False, font='Open Sans', fontFiles=[], height=0.05, italic=False, languageStyle='LTR', name='text_4', opacity=1.0, ori=0.0, pos=array([0., 0.]), rgb=UNKNOWN, text=str(...), units='height', win=Window(...), wrapWidth=1)
7.5188 	EXP 	window1: mouseVisible = True
7.5220 	EXP 	Created text_2 = TextStim(__class__=<class 'psychopy.visual.text.TextStim'>, alignHoriz=method-wrapper(...), alignText='center', alignVert=method-wrapper(...), anchorHoriz='center', anchorVert='center', antialias=True, autoDraw=False, autoLog=True, bold=False, color=array([1., 1., 1.]), colorSpace='rgb', contrast=1.0, depth=0.0, draggable=False, flipHoriz=False, flipVert=False, font='Open Sans', fontFiles=[], height=0.05, italic=False, languageStyle='LTR', name='text_2', opacity=1.0, ori=0.0, pos=array([0., 0.]), rgb=UNKNOWN, text='Please keep your eyes open', units='height', win=Window(...), wrapWidth=1)
7.5221 	EXP 	window1: mouseVisible = True
7.5297 	EXP 	Created text_3 = TextStim(__class__=<class 'psychopy.visual.text.TextStim'>, alignHoriz=method-wrapper(...), alignText='center', alignVert=method-wrapper(...), anchorHoriz='center', anchorVert='center', antialias=True, autoDraw=False, autoLog=True, bold=False, color=array([1., 1., 1.]), colorSpace='rgb', contrast=1.0, depth=0.0, draggable=False, flipHoriz=False, flipVert=False, font='Open Sans', fontFiles=[], height=0.05, italic=False, languageStyle='LTR', name='text_3', opacity=1.0, ori=0.0, pos=array([0., 0.]), rgb=UNKNOWN, text=str(...), units='height', win=Window(...), wrapWidth=1)
7.5297 	EXP 	window1: mouseVisible = True
7.5322 	EXP 	Created text_5 = TextStim(__class__=<class 'psychopy.visual.text.TextStim'>, alignHoriz=method-wrapper(...), alignText='center', alignVert=method-wrapper(...), anchorHoriz='center', anchorVert='center', antialias=True, autoDraw=False, autoLog=True, bold=False, color=array([1., 1., 1.]), colorSpace='rgb', contrast=1.0, depth=0.0, draggable=False, flipHoriz=False, flipVert=False, font='Open Sans', fontFiles=[], height=0.05, italic=False, languageStyle='LTR', name='text_5', opacity=1.0, ori=0.0, pos=array([0., 0.]), rgb=UNKNOWN, text='Thanks!', units='height', win=Window(...), wrapWidth=1)
0.0172 	EXP 	text: autoDraw = True
4.9844 	EXP 	Created sequence: sequential, trialTypes=1, nReps=10, seed=None
4.9846 	EXP 	New trial (rep=0, index=0): None
5.0012 	EXP 	text: autoDraw = False
5.0012 	EXP 	text_4: autoDraw = True
8.1672 	EXP 	text_4: autoDraw = False
8.1672 	EXP 	text_2: autoDraw = True
13.1666 	EXP 	text_2: autoDraw = False
13.1666 	EXP 	text_2: autoDraw = False
13.1666 	EXP 	text_3: autoDraw = True
24.5081 	EXP 	New trial (rep=1, index=0): None
24.5195 	EXP 	text_3: autoDraw = False
24.5195 	EXP 	text_4: autoDraw = True
50.9656 	EXP 	OpenCloseEye: status = STOPPED
50.9815 	EXP 	text_4: autoDraw = False
50.9815 	EXP 	OpenCloseEye: status = STOPPED
51.0061 	EXP 	window1: mouseVisible = True
